<?xml version="1.0" encoding="UTF-8"?>
<testsuite name="com.h2Database.demo.test.PersonTestDAO" tests="1" skipped="0" failures="0" errors="0" timestamp="2022-01-05T17:17:12" hostname="DESKTOP-3RUVVRC" time="0.717">
  <properties/>
  <testcase name="testePersonDAO()" classname="com.h2Database.demo.test.PersonTestDAO" time="0.717"/>
  <system-out><![CDATA[14:17:06.788 [Test worker] DEBUG org.springframework.test.context.BootstrapUtils - Instantiating CacheAwareContextLoaderDelegate from class [org.springframework.test.context.cache.DefaultCacheAwareContextLoaderDelegate]
14:17:06.809 [Test worker] DEBUG org.springframework.test.context.BootstrapUtils - Instantiating BootstrapContext using constructor [public org.springframework.test.context.support.DefaultBootstrapContext(java.lang.Class,org.springframework.test.context.CacheAwareContextLoaderDelegate)]
14:17:06.858 [Test worker] DEBUG org.springframework.test.context.BootstrapUtils - Instantiating TestContextBootstrapper for test class [com.h2Database.demo.test.PersonTestDAO] from class [org.springframework.test.context.support.DefaultTestContextBootstrapper]
14:17:06.897 [Test worker] DEBUG org.springframework.test.context.support.AbstractDelegatingSmartContextLoader - Delegating to AnnotationConfigContextLoader to process context configuration [ContextConfigurationAttributes@2796aeae declaringClass = 'com.h2Database.demo.test.PersonTestDAO', classes = '{class com.h2Database.demo.config.DataBaseTestsSpringConfig}', locations = '{}', inheritLocations = true, initializers = '{}', inheritInitializers = true, name = [null], contextLoaderClass = 'org.springframework.test.context.ContextLoader'].
14:17:06.972 [Test worker] DEBUG org.springframework.test.context.support.ActiveProfilesUtils - Could not find an 'annotation declaring class' for annotation type [org.springframework.test.context.ActiveProfiles] and class [com.h2Database.demo.test.PersonTestDAO]
14:17:06.973 [Test worker] DEBUG org.springframework.test.context.support.DefaultTestContextBootstrapper - @TestExecutionListeners is not present for class [com.h2Database.demo.test.PersonTestDAO]: using defaults.
14:17:06.974 [Test worker] INFO org.springframework.test.context.support.DefaultTestContextBootstrapper - Loaded default TestExecutionListener class names from location [META-INF/spring.factories]: [org.springframework.boot.test.autoconfigure.restdocs.RestDocsTestExecutionListener, org.springframework.boot.test.autoconfigure.web.client.MockRestServiceServerResetTestExecutionListener, org.springframework.boot.test.autoconfigure.web.servlet.MockMvcPrintOnlyOnFailureTestExecutionListener, org.springframework.boot.test.autoconfigure.web.servlet.WebDriverTestExecutionListener, org.springframework.boot.test.autoconfigure.webservices.client.MockWebServiceServerTestExecutionListener, org.springframework.boot.test.mock.mockito.MockitoTestExecutionListener, org.springframework.boot.test.mock.mockito.ResetMocksTestExecutionListener, org.springframework.test.context.web.ServletTestExecutionListener, org.springframework.test.context.support.DirtiesContextBeforeModesTestExecutionListener, org.springframework.test.context.event.ApplicationEventsTestExecutionListener, org.springframework.test.context.support.DependencyInjectionTestExecutionListener, org.springframework.test.context.support.DirtiesContextTestExecutionListener, org.springframework.test.context.transaction.TransactionalTestExecutionListener, org.springframework.test.context.jdbc.SqlScriptsTestExecutionListener, org.springframework.test.context.event.EventPublishingTestExecutionListener]
14:17:07.002 [Test worker] INFO org.springframework.test.context.support.DefaultTestContextBootstrapper - Using TestExecutionListeners: [org.springframework.test.context.web.ServletTestExecutionListener@2826f61, org.springframework.test.context.support.DirtiesContextBeforeModesTestExecutionListener@62727399, org.springframework.test.context.event.ApplicationEventsTestExecutionListener@4d9ac0b4, org.springframework.boot.test.mock.mockito.MockitoTestExecutionListener@130dca52, org.springframework.test.context.support.DependencyInjectionTestExecutionListener@2654635, org.springframework.test.context.support.DirtiesContextTestExecutionListener@737a135b, org.springframework.test.context.transaction.TransactionalTestExecutionListener@687ef2e0, org.springframework.test.context.jdbc.SqlScriptsTestExecutionListener@15dcfae7, org.springframework.test.context.event.EventPublishingTestExecutionListener@3da05287, org.springframework.boot.test.autoconfigure.restdocs.RestDocsTestExecutionListener@1e636ea3, org.springframework.boot.test.autoconfigure.web.client.MockRestServiceServerResetTestExecutionListener@115667d, org.springframework.boot.test.autoconfigure.web.servlet.MockMvcPrintOnlyOnFailureTestExecutionListener@736caf7a, org.springframework.boot.test.autoconfigure.web.servlet.WebDriverTestExecutionListener@4ce7fffa, org.springframework.boot.test.autoconfigure.webservices.client.MockWebServiceServerTestExecutionListener@497486b3, org.springframework.boot.test.mock.mockito.ResetMocksTestExecutionListener@63f8276e]
14:17:07.005 [Test worker] DEBUG org.springframework.test.context.support.AbstractDirtiesContextTestExecutionListener - Before test class: context [DefaultTestContext@4dd02341 testClass = PersonTestDAO, testInstance = [null], testMethod = [null], testException = [null], mergedContextConfiguration = [MergedContextConfiguration@3212a8d7 testClass = PersonTestDAO, locations = '{}', classes = '{class com.h2Database.demo.config.DataBaseTestsSpringConfig}', contextInitializerClasses = '[]', activeProfiles = '{}', propertySourceLocations = '{}', propertySourceProperties = '{}', contextCustomizers = set[org.springframework.boot.test.autoconfigure.actuate.metrics.MetricsExportContextCustomizerFactory$DisableMetricExportContextCustomizer@49964d75, org.springframework.boot.test.autoconfigure.properties.PropertyMappingContextCustomizer@0, org.springframework.boot.test.autoconfigure.web.servlet.WebDriverContextCustomizerFactory$Customizer@27d4a09, org.springframework.boot.test.context.filter.ExcludeFilterContextCustomizer@72437d8d, org.springframework.boot.test.json.DuplicateJsonObjectContextCustomizerFactory$DuplicateJsonObjectContextCustomizer@5a1de7fb, org.springframework.boot.test.mock.mockito.MockitoContextCustomizer@0], contextLoader = 'org.springframework.test.context.support.DelegatingSmartContextLoader', parent = [null]], attributes = map[[empty]]], class annotated with @DirtiesContext [false] with mode [null].
14:17:07.027 [Test worker] DEBUG org.springframework.test.context.support.DependencyInjectionTestExecutionListener - Performing dependency injection for test context [[DefaultTestContext@4dd02341 testClass = PersonTestDAO, testInstance = com.h2Database.demo.test.PersonTestDAO@23aa363a, testMethod = [null], testException = [null], mergedContextConfiguration = [MergedContextConfiguration@3212a8d7 testClass = PersonTestDAO, locations = '{}', classes = '{class com.h2Database.demo.config.DataBaseTestsSpringConfig}', contextInitializerClasses = '[]', activeProfiles = '{}', propertySourceLocations = '{}', propertySourceProperties = '{}', contextCustomizers = set[org.springframework.boot.test.autoconfigure.actuate.metrics.MetricsExportContextCustomizerFactory$DisableMetricExportContextCustomizer@49964d75, org.springframework.boot.test.autoconfigure.properties.PropertyMappingContextCustomizer@0, org.springframework.boot.test.autoconfigure.web.servlet.WebDriverContextCustomizerFactory$Customizer@27d4a09, org.springframework.boot.test.context.filter.ExcludeFilterContextCustomizer@72437d8d, org.springframework.boot.test.json.DuplicateJsonObjectContextCustomizerFactory$DuplicateJsonObjectContextCustomizer@5a1de7fb, org.springframework.boot.test.mock.mockito.MockitoContextCustomizer@0], contextLoader = 'org.springframework.test.context.support.DelegatingSmartContextLoader', parent = [null]], attributes = map['org.springframework.test.context.event.ApplicationEventsTestExecutionListener.recordApplicationEvents' -> false]]].
14:17:07.028 [Test worker] DEBUG org.springframework.test.context.support.AbstractDelegatingSmartContextLoader - Delegating to AnnotationConfigContextLoader to load context from [MergedContextConfiguration@3212a8d7 testClass = PersonTestDAO, locations = '{}', classes = '{class com.h2Database.demo.config.DataBaseTestsSpringConfig}', contextInitializerClasses = '[]', activeProfiles = '{}', propertySourceLocations = '{}', propertySourceProperties = '{}', contextCustomizers = set[org.springframework.boot.test.autoconfigure.actuate.metrics.MetricsExportContextCustomizerFactory$DisableMetricExportContextCustomizer@49964d75, org.springframework.boot.test.autoconfigure.properties.PropertyMappingContextCustomizer@0, org.springframework.boot.test.autoconfigure.web.servlet.WebDriverContextCustomizerFactory$Customizer@27d4a09, org.springframework.boot.test.context.filter.ExcludeFilterContextCustomizer@72437d8d, org.springframework.boot.test.json.DuplicateJsonObjectContextCustomizerFactory$DuplicateJsonObjectContextCustomizer@5a1de7fb, org.springframework.boot.test.mock.mockito.MockitoContextCustomizer@0], contextLoader = 'org.springframework.test.context.support.DelegatingSmartContextLoader', parent = [null]].
14:17:07.029 [Test worker] DEBUG org.springframework.test.context.support.AbstractGenericContextLoader - Loading ApplicationContext for merged context configuration [[MergedContextConfiguration@3212a8d7 testClass = PersonTestDAO, locations = '{}', classes = '{class com.h2Database.demo.config.DataBaseTestsSpringConfig}', contextInitializerClasses = '[]', activeProfiles = '{}', propertySourceLocations = '{}', propertySourceProperties = '{}', contextCustomizers = set[org.springframework.boot.test.autoconfigure.actuate.metrics.MetricsExportContextCustomizerFactory$DisableMetricExportContextCustomizer@49964d75, org.springframework.boot.test.autoconfigure.properties.PropertyMappingContextCustomizer@0, org.springframework.boot.test.autoconfigure.web.servlet.WebDriverContextCustomizerFactory$Customizer@27d4a09, org.springframework.boot.test.context.filter.ExcludeFilterContextCustomizer@72437d8d, org.springframework.boot.test.json.DuplicateJsonObjectContextCustomizerFactory$DuplicateJsonObjectContextCustomizer@5a1de7fb, org.springframework.boot.test.mock.mockito.MockitoContextCustomizer@0], contextLoader = 'org.springframework.test.context.support.DelegatingSmartContextLoader', parent = [null]]].
14:17:07.088 [Test worker] DEBUG org.springframework.core.env.StandardEnvironment - Activating profiles []
14:17:07.089 [Test worker] DEBUG org.springframework.test.context.support.AnnotationConfigContextLoader - Registering component classes: {class com.h2Database.demo.config.DataBaseTestsSpringConfig}
14:17:07.177 [Test worker] DEBUG org.springframework.context.support.GenericApplicationContext - Refreshing org.springframework.context.support.GenericApplicationContext@241e8ea6
14:17:07.200 [Test worker] DEBUG org.springframework.beans.factory.support.DefaultListableBeanFactory - Creating shared instance of singleton bean 'org.springframework.context.annotation.internalConfigurationAnnotationProcessor'
14:17:07.312 [Test worker] DEBUG org.springframework.context.annotation.ClassPathBeanDefinitionScanner - Identified candidate component class: file [C:\Users\Dev Delivoro\Desktop\sistema\demo\build\classes\java\main\com\h2Database\demo\DemoApplication.class]
14:17:07.318 [Test worker] DEBUG org.springframework.context.annotation.ClassPathBeanDefinitionScanner - Ignored because not a concrete top-level class: file [C:\Users\Dev Delivoro\Desktop\sistema\demo\build\classes\java\main\com\h2Database\demo\repository\PersonRepository.class]
14:17:07.320 [Test worker] DEBUG org.springframework.context.annotation.ClassPathBeanDefinitionScanner - Identified candidate component class: file [C:\Users\Dev Delivoro\Desktop\sistema\demo\build\classes\java\main\com\h2Database\demo\service\PersonService.class]
14:17:07.330 [Test worker] DEBUG org.springframework.context.annotation.ClassPathBeanDefinitionScanner - Identified candidate component class: file [C:\Users\Dev Delivoro\Desktop\sistema\demo\build\classes\java\main\com\h2Database\demo\service\PersonService.class]
14:17:08.159 [Test worker] INFO org.springframework.data.repository.config.RepositoryConfigurationDelegate - Bootstrapping Spring Data JPA repositories in DEFAULT mode.
14:17:08.173 [Test worker] DEBUG org.springframework.beans.factory.support.DefaultListableBeanFactory - Creating shared instance of singleton bean 'org.springframework.boot.autoconfigure.AutoConfigurationPackages'
14:17:08.174 [Test worker] DEBUG org.springframework.boot.autoconfigure.AutoConfigurationPackages - @EnableAutoConfiguration was declared on a class in the package 'com.h2Database.demo'. Automatic @Repository and @Entity scanning is enabled.
14:17:08.177 [Test worker] DEBUG org.springframework.data.repository.config.RepositoryConfigurationDelegate - Scanning for JPA repositories in packages com.h2Database.demo.
14:17:08.195 [Test worker] DEBUG org.springframework.data.repository.config.RepositoryComponentProvider - Identified candidate component class: file [C:\Users\Dev Delivoro\Desktop\sistema\demo\build\classes\java\main\com\h2Database\demo\repository\PersonRepository.class]
14:17:08.248 [Test worker] INFO org.springframework.data.repository.config.RepositoryConfigurationDelegate - Finished Spring Data repository scanning in 69 ms. Found 1 JPA repository interfaces.
14:17:08.446 [Test worker] DEBUG org.springframework.beans.factory.support.DefaultListableBeanFactory - Creating shared instance of singleton bean 'propertySourcesPlaceholderConfigurer'
14:17:08.454 [Test worker] DEBUG org.springframework.beans.factory.support.DefaultListableBeanFactory - Creating shared instance of singleton bean 'org.springframework.boot.test.mock.mockito.MockitoPostProcessor'
14:17:08.471 [Test worker] DEBUG org.springframework.beans.factory.support.DefaultListableBeanFactory - Creating shared instance of singleton bean 'emBeanDefinitionRegistrarPostProcessor'
14:17:08.471 [Test worker] DEBUG org.springframework.beans.factory.support.DefaultListableBeanFactory - Creating shared instance of singleton bean 'org.springframework.boot.sql.init.dependency.DatabaseInitializationDependencyConfigurer$DependsOnDatabaseInitializationPostProcessor'
14:17:08.534 [Test worker] DEBUG org.springframework.beans.factory.support.DefaultListableBeanFactory - Creating shared instance of singleton bean 'org.springframework.context.event.internalEventListenerProcessor'
14:17:08.537 [Test worker] DEBUG org.springframework.beans.factory.support.DefaultListableBeanFactory - Creating shared instance of singleton bean 'org.springframework.context.event.internalEventListenerFactory'
14:17:08.538 [Test worker] DEBUG org.springframework.beans.factory.support.DefaultListableBeanFactory - Creating shared instance of singleton bean 'org.springframework.transaction.config.internalTransactionalEventListenerFactory'
14:17:08.542 [Test worker] DEBUG org.springframework.beans.factory.support.DefaultListableBeanFactory - Creating shared instance of singleton bean 'org.springframework.context.annotation.internalAutowiredAnnotationProcessor'
14:17:08.546 [Test worker] DEBUG org.springframework.beans.factory.support.DefaultListableBeanFactory - Creating shared instance of singleton bean 'org.springframework.context.annotation.internalCommonAnnotationProcessor'
14:17:08.553 [Test worker] DEBUG org.springframework.beans.factory.support.DefaultListableBeanFactory - Creating shared instance of singleton bean 'org.springframework.context.annotation.internalPersistenceAnnotationProcessor'
14:17:08.555 [Test worker] DEBUG org.springframework.beans.factory.support.DefaultListableBeanFactory - Creating shared instance of singleton bean 'org.springframework.boot.test.mock.mockito.MockitoPostProcessor$SpyPostProcessor'
14:17:08.557 [Test worker] DEBUG org.springframework.beans.factory.support.DefaultListableBeanFactory - Creating shared instance of singleton bean 'org.springframework.boot.context.properties.ConfigurationPropertiesBindingPostProcessor'
14:17:08.557 [Test worker] DEBUG org.springframework.beans.factory.support.DefaultListableBeanFactory - Creating shared instance of singleton bean 'org.springframework.boot.context.internalConfigurationPropertiesBinder'
14:17:08.557 [Test worker] DEBUG org.springframework.beans.factory.support.DefaultListableBeanFactory - Creating shared instance of singleton bean 'org.springframework.boot.context.internalConfigurationPropertiesBinderFactory'
14:17:08.561 [Test worker] DEBUG org.springframework.beans.factory.support.DefaultListableBeanFactory - Creating shared instance of singleton bean 'org.springframework.aop.config.internalAutoProxyCreator'
14:17:08.701 [Test worker] DEBUG org.springframework.beans.factory.support.DefaultListableBeanFactory - Creating shared instance of singleton bean 'persistenceExceptionTranslationPostProcessor'
14:17:08.721 [Test worker] DEBUG org.springframework.beans.factory.support.DefaultListableBeanFactory - Autowiring by type from bean name 'persistenceExceptionTranslationPostProcessor' via factory method to bean named 'environment'
14:17:08.750 [Test worker] DEBUG org.springframework.beans.factory.support.DefaultListableBeanFactory - Creating shared instance of singleton bean 'dataSourceScriptDatabaseInitializer'
14:17:08.752 [Test worker] DEBUG org.springframework.beans.factory.support.DefaultListableBeanFactory - Creating shared instance of singleton bean 'org.springframework.transaction.config.internalTransactionAdvisor'
14:17:08.756 [Test worker] DEBUG org.springframework.beans.factory.support.DefaultListableBeanFactory - Creating shared instance of singleton bean 'org.springframework.transaction.annotation.ProxyTransactionManagementConfiguration'
14:17:08.795 [Test worker] DEBUG org.springframework.beans.factory.support.DefaultListableBeanFactory - Creating shared instance of singleton bean 'transactionAttributeSource'
14:17:08.811 [Test worker] DEBUG org.springframework.beans.factory.support.DefaultListableBeanFactory - Creating shared instance of singleton bean 'transactionInterceptor'
14:17:08.812 [Test worker] DEBUG org.springframework.beans.factory.support.DefaultListableBeanFactory - Autowiring by type from bean name 'transactionInterceptor' via factory method to bean named 'transactionAttributeSource'
14:17:08.841 [Test worker] DEBUG org.springframework.beans.factory.support.DefaultListableBeanFactory - Autowiring by type from bean name 'org.springframework.transaction.config.internalTransactionAdvisor' via factory method to bean named 'transactionAttributeSource'
14:17:08.841 [Test worker] DEBUG org.springframework.beans.factory.support.DefaultListableBeanFactory - Autowiring by type from bean name 'org.springframework.transaction.config.internalTransactionAdvisor' via factory method to bean named 'transactionInterceptor'
14:17:08.859 [Test worker] DEBUG org.springframework.beans.factory.support.DefaultListableBeanFactory - Creating shared instance of singleton bean 'org.springframework.boot.autoconfigure.sql.init.DataSourceInitializationConfiguration'
14:17:08.865 [Test worker] DEBUG org.springframework.beans.factory.support.DefaultListableBeanFactory - Creating shared instance of singleton bean 'dataSource'
14:17:08.866 [Test worker] DEBUG org.springframework.beans.factory.support.DefaultListableBeanFactory - Creating shared instance of singleton bean 'dataBaseTestsSpringConfig'
14:17:08.893 [Test worker] DEBUG com.zaxxer.hikari.HikariConfig - Driver class org.h2.Driver found in Thread context class loader jdk.internal.loader.ClassLoaders$AppClassLoader@c387f44
14:17:08.938 [Test worker] DEBUG org.springframework.beans.factory.support.DefaultListableBeanFactory - Creating shared instance of singleton bean 'spring.sql.init-org.springframework.boot.autoconfigure.sql.init.SqlInitializationProperties'
14:17:08.947 [Test worker] DEBUG org.springframework.beans.factory.support.DefaultListableBeanFactory - Creating shared instance of singleton bean 'org.springframework.boot.context.properties.BoundConfigurationProperties'
14:17:08.979 [Test worker] DEBUG org.springframework.beans.factory.support.DefaultListableBeanFactory - Autowiring by type from bean name 'dataSourceScriptDatabaseInitializer' via factory method to bean named 'dataSource'
14:17:08.980 [Test worker] DEBUG org.springframework.beans.factory.support.DefaultListableBeanFactory - Autowiring by type from bean name 'dataSourceScriptDatabaseInitializer' via factory method to bean named 'spring.sql.init-org.springframework.boot.autoconfigure.sql.init.SqlInitializationProperties'
14:17:09.020 [Test worker] DEBUG org.springframework.jdbc.datasource.DataSourceUtils - Fetching JDBC Connection from DataSource
14:17:09.021 [Test worker] DEBUG com.zaxxer.hikari.HikariConfig - HikariPool-1 - configuration:
14:17:09.027 [Test worker] DEBUG com.zaxxer.hikari.HikariConfig - allowPoolSuspension................................false
14:17:09.027 [Test worker] DEBUG com.zaxxer.hikari.HikariConfig - autoCommit................................true
14:17:09.028 [Test worker] DEBUG com.zaxxer.hikari.HikariConfig - catalog................................none
14:17:09.029 [Test worker] DEBUG com.zaxxer.hikari.HikariConfig - connectionInitSql................................none
14:17:09.030 [Test worker] DEBUG com.zaxxer.hikari.HikariConfig - connectionTestQuery................................none
14:17:09.030 [Test worker] DEBUG com.zaxxer.hikari.HikariConfig - connectionTimeout................................30000
14:17:09.030 [Test worker] DEBUG com.zaxxer.hikari.HikariConfig - dataSource................................none
14:17:09.030 [Test worker] DEBUG com.zaxxer.hikari.HikariConfig - dataSourceClassName................................none
14:17:09.030 [Test worker] DEBUG com.zaxxer.hikari.HikariConfig - dataSourceJNDI................................none
14:17:09.031 [Test worker] DEBUG com.zaxxer.hikari.HikariConfig - dataSourceProperties................................{password=<masked>}
14:17:09.032 [Test worker] DEBUG com.zaxxer.hikari.HikariConfig - driverClassName................................"org.h2.Driver"
14:17:09.032 [Test worker] DEBUG com.zaxxer.hikari.HikariConfig - exceptionOverrideClassName................................none
14:17:09.032 [Test worker] DEBUG com.zaxxer.hikari.HikariConfig - healthCheckProperties................................{}
14:17:09.032 [Test worker] DEBUG com.zaxxer.hikari.HikariConfig - healthCheckRegistry................................none
14:17:09.033 [Test worker] DEBUG com.zaxxer.hikari.HikariConfig - idleTimeout................................600000
14:17:09.033 [Test worker] DEBUG com.zaxxer.hikari.HikariConfig - initializationFailTimeout................................1
14:17:09.033 [Test worker] DEBUG com.zaxxer.hikari.HikariConfig - isolateInternalQueries................................false
14:17:09.034 [Test worker] DEBUG com.zaxxer.hikari.HikariConfig - jdbcUrl................................jdbc:h2:mem:test;DB_CLOSE_ON_EXIT=FALSE
14:17:09.034 [Test worker] DEBUG com.zaxxer.hikari.HikariConfig - keepaliveTime................................0
14:17:09.034 [Test worker] DEBUG com.zaxxer.hikari.HikariConfig - leakDetectionThreshold................................0
14:17:09.034 [Test worker] DEBUG com.zaxxer.hikari.HikariConfig - maxLifetime................................1800000
14:17:09.034 [Test worker] DEBUG com.zaxxer.hikari.HikariConfig - maximumPoolSize................................10
14:17:09.034 [Test worker] DEBUG com.zaxxer.hikari.HikariConfig - metricRegistry................................none
14:17:09.034 [Test worker] DEBUG com.zaxxer.hikari.HikariConfig - metricsTrackerFactory................................none
14:17:09.034 [Test worker] DEBUG com.zaxxer.hikari.HikariConfig - minimumIdle................................10
14:17:09.035 [Test worker] DEBUG com.zaxxer.hikari.HikariConfig - password................................<masked>
14:17:09.035 [Test worker] DEBUG com.zaxxer.hikari.HikariConfig - poolName................................"HikariPool-1"
14:17:09.035 [Test worker] DEBUG com.zaxxer.hikari.HikariConfig - readOnly................................false
14:17:09.037 [Test worker] DEBUG com.zaxxer.hikari.HikariConfig - registerMbeans................................false
14:17:09.037 [Test worker] DEBUG com.zaxxer.hikari.HikariConfig - scheduledExecutor................................none
14:17:09.037 [Test worker] DEBUG com.zaxxer.hikari.HikariConfig - schema................................none
14:17:09.037 [Test worker] DEBUG com.zaxxer.hikari.HikariConfig - threadFactory................................internal
14:17:09.037 [Test worker] DEBUG com.zaxxer.hikari.HikariConfig - transactionIsolation................................default
14:17:09.037 [Test worker] DEBUG com.zaxxer.hikari.HikariConfig - username................................"sa"
14:17:09.037 [Test worker] DEBUG com.zaxxer.hikari.HikariConfig - validationTimeout................................5000
14:17:09.037 [Test worker] INFO com.zaxxer.hikari.HikariDataSource - HikariPool-1 - Starting...
14:17:09.343 [Test worker] DEBUG com.zaxxer.hikari.pool.HikariPool - HikariPool-1 - Added connection conn0: url=jdbc:h2:mem:test user=SA
14:17:09.346 [Test worker] INFO com.zaxxer.hikari.HikariDataSource - HikariPool-1 - Start completed.
14:17:09.374 [Test worker] DEBUG org.springframework.jdbc.datasource.DataSourceUtils - Fetching JDBC Connection from DataSource
14:17:09.375 [Test worker] DEBUG org.springframework.jdbc.datasource.init.ScriptUtils - Executing SQL script from URL [file:/C:/Users/Dev%20Delivoro/Desktop/sistema/demo/build/resources/test/schema.sql]
14:17:09.392 [Test worker] DEBUG org.springframework.jdbc.datasource.init.ScriptUtils - 0 returned as update count for SQL: CREATE TABLE IF NOT EXISTS `person` ( `id` int(10) unsigned NOT NULL AUTO_INCREMENT, `name` varchar(32) NOT NULL )
14:17:09.393 [Test worker] DEBUG org.springframework.jdbc.datasource.init.ScriptUtils - Executed SQL script from URL [file:/C:/Users/Dev%20Delivoro/Desktop/sistema/demo/build/resources/test/schema.sql] in 18 ms.
14:17:09.394 [Test worker] DEBUG org.springframework.jdbc.datasource.DataSourceUtils - Fetching JDBC Connection from DataSource
14:17:09.394 [Test worker] DEBUG org.springframework.jdbc.datasource.DataSourceUtils - Fetching JDBC Connection from DataSource
14:17:09.394 [Test worker] DEBUG org.springframework.jdbc.datasource.init.ScriptUtils - Executing SQL script from URL [file:/C:/Users/Dev%20Delivoro/Desktop/sistema/demo/build/resources/test/data.sql]
14:17:09.398 [Test worker] DEBUG org.springframework.jdbc.datasource.init.ScriptUtils - 1 returned as update count for SQL: INSERT INTO person (id, name) VALUES (1, 'Daniel')
14:17:09.399 [Test worker] DEBUG org.springframework.jdbc.datasource.init.ScriptUtils - 1 returned as update count for SQL: INSERT INTO person (id, name) VALUES (2, 'Joao')
14:17:09.400 [Test worker] DEBUG org.springframework.jdbc.datasource.init.ScriptUtils - 1 returned as update count for SQL: INSERT INTO person (id, name) VALUES (3, 'Mauricio')
14:17:09.401 [Test worker] DEBUG org.springframework.jdbc.datasource.init.ScriptUtils - 1 returned as update count for SQL: INSERT INTO person (id, name) VALUES (4, 'Antonio')
14:17:09.402 [Test worker] DEBUG org.springframework.jdbc.datasource.init.ScriptUtils - 1 returned as update count for SQL: INSERT INTO person (id, name) VALUES (5, 'David')
14:17:09.403 [Test worker] DEBUG org.springframework.jdbc.datasource.init.ScriptUtils - 1 returned as update count for SQL: INSERT INTO person (id, name) VALUES (6, 'Luiz')
14:17:09.405 [Test worker] DEBUG org.springframework.jdbc.datasource.init.ScriptUtils - 1 returned as update count for SQL: INSERT INTO person (id, name) VALUES (7, 'Fernanda')
14:17:09.405 [Test worker] DEBUG org.springframework.jdbc.datasource.init.ScriptUtils - Executed SQL script from URL [file:/C:/Users/Dev%20Delivoro/Desktop/sistema/demo/build/resources/test/data.sql] in 11 ms.
14:17:09.407 [Test worker] DEBUG org.springframework.beans.factory.support.DefaultListableBeanFactory - Creating shared instance of singleton bean 'entityManagerFactory'
14:17:09.407 [Test worker] DEBUG org.springframework.beans.factory.support.DefaultListableBeanFactory - Creating shared instance of singleton bean 'org.springframework.boot.autoconfigure.orm.jpa.HibernateJpaConfiguration'
14:17:09.409 [Test worker] DEBUG org.springframework.beans.factory.support.DefaultListableBeanFactory - Creating shared instance of singleton bean 'spring.jpa-org.springframework.boot.autoconfigure.orm.jpa.JpaProperties'
14:17:09.440 [Test worker] DEBUG org.springframework.beans.factory.support.DefaultListableBeanFactory - Creating shared instance of singleton bean 'spring.jpa.hibernate-org.springframework.boot.autoconfigure.orm.jpa.HibernateProperties'
14:17:09.449 [Test worker] DEBUG org.springframework.beans.factory.support.DefaultListableBeanFactory - Autowiring by type from bean name 'org.springframework.boot.autoconfigure.orm.jpa.HibernateJpaConfiguration' via constructor to bean named 'dataSource'
14:17:09.449 [Test worker] DEBUG org.springframework.beans.factory.support.DefaultListableBeanFactory - Autowiring by type from bean name 'org.springframework.boot.autoconfigure.orm.jpa.HibernateJpaConfiguration' via constructor to bean named 'spring.jpa-org.springframework.boot.autoconfigure.orm.jpa.JpaProperties'
14:17:09.449 [Test worker] DEBUG org.springframework.beans.factory.support.DefaultListableBeanFactory - Autowiring by type from bean name 'org.springframework.boot.autoconfigure.orm.jpa.HibernateJpaConfiguration' via constructor to bean named 'org.springframework.beans.factory.support.DefaultListableBeanFactory@21aa6d6c'
14:17:09.449 [Test worker] DEBUG org.springframework.beans.factory.support.DefaultListableBeanFactory - Autowiring by type from bean name 'org.springframework.boot.autoconfigure.orm.jpa.HibernateJpaConfiguration' via constructor to bean named 'spring.jpa.hibernate-org.springframework.boot.autoconfigure.orm.jpa.HibernateProperties'
14:17:09.452 [Test worker] DEBUG org.springframework.beans.factory.support.DefaultListableBeanFactory - Creating shared instance of singleton bean 'hikariPoolDataSourceMetadataProvider'
14:17:09.452 [Test worker] DEBUG org.springframework.beans.factory.support.DefaultListableBeanFactory - Creating shared instance of singleton bean 'org.springframework.boot.autoconfigure.jdbc.metadata.DataSourcePoolMetadataProvidersConfiguration$HikariPoolDataSourceMetadataProviderConfiguration'
14:17:09.459 [HikariPool-1 housekeeper] DEBUG com.zaxxer.hikari.pool.HikariPool - HikariPool-1 - Pool stats (total=1, active=0, idle=1, waiting=0)
14:17:09.471 [HikariPool-1 connection adder] DEBUG com.zaxxer.hikari.pool.HikariPool - HikariPool-1 - Added connection conn1: url=jdbc:h2:mem:test user=SA
14:17:09.473 [HikariPool-1 connection adder] DEBUG com.zaxxer.hikari.pool.HikariPool - HikariPool-1 - Added connection conn2: url=jdbc:h2:mem:test user=SA
14:17:09.474 [HikariPool-1 connection adder] DEBUG com.zaxxer.hikari.pool.HikariPool - HikariPool-1 - Added connection conn3: url=jdbc:h2:mem:test user=SA
14:17:09.474 [HikariPool-1 connection adder] DEBUG com.zaxxer.hikari.pool.HikariPool - HikariPool-1 - Added connection conn4: url=jdbc:h2:mem:test user=SA
14:17:09.478 [HikariPool-1 connection adder] DEBUG com.zaxxer.hikari.pool.HikariPool - HikariPool-1 - Added connection conn5: url=jdbc:h2:mem:test user=SA
14:17:09.479 [HikariPool-1 connection adder] DEBUG com.zaxxer.hikari.pool.HikariPool - HikariPool-1 - Added connection conn6: url=jdbc:h2:mem:test user=SA
14:17:09.480 [HikariPool-1 connection adder] DEBUG com.zaxxer.hikari.pool.HikariPool - HikariPool-1 - Added connection conn7: url=jdbc:h2:mem:test user=SA
14:17:09.481 [HikariPool-1 connection adder] DEBUG com.zaxxer.hikari.pool.HikariPool - HikariPool-1 - Added connection conn8: url=jdbc:h2:mem:test user=SA
14:17:09.481 [HikariPool-1 connection adder] DEBUG com.zaxxer.hikari.pool.HikariPool - HikariPool-1 - Added connection conn9: url=jdbc:h2:mem:test user=SA
14:17:09.481 [HikariPool-1 connection adder] DEBUG com.zaxxer.hikari.pool.HikariPool - HikariPool-1 - After adding stats (total=10, active=0, idle=10, waiting=0)
14:17:09.486 [Test worker] DEBUG org.springframework.beans.factory.support.DefaultListableBeanFactory - Creating shared instance of singleton bean 'entityManagerFactoryBuilder'
14:17:09.487 [Test worker] DEBUG org.springframework.beans.factory.support.DefaultListableBeanFactory - Creating shared instance of singleton bean 'jpaVendorAdapter'
14:17:09.582 [Test worker] DEBUG org.jboss.logging - Logging Provider: org.jboss.logging.Log4j2LoggerProvider
14:17:09.602 [Test worker] DEBUG org.springframework.beans.factory.support.DefaultListableBeanFactory - Autowiring by type from bean name 'entityManagerFactoryBuilder' via factory method to bean named 'jpaVendorAdapter'
14:17:09.608 [Test worker] DEBUG org.springframework.beans.factory.support.DefaultListableBeanFactory - Autowiring by type from bean name 'entityManagerFactory' via factory method to bean named 'entityManagerFactoryBuilder'
14:17:09.693 [Test worker] DEBUG org.springframework.orm.jpa.LocalContainerEntityManagerFactoryBean - Building JPA container EntityManagerFactory for persistence unit 'default'
14:17:09.731 [Test worker] DEBUG org.hibernate.jpa.internal.util.LogHelper - PersistenceUnitInfo [
	name: default
	persistence provider classname: null
	classloader: jdk.internal.loader.ClassLoaders$AppClassLoader@c387f44
	excludeUnlistedClasses: true
	JTA datasource: null
	Non JTA datasource: HikariDataSource (HikariPool-1)
	Transaction type: RESOURCE_LOCAL
	PU root URL: file:/C:/Users/Dev%20Delivoro/Desktop/sistema/demo/build/classes/java/test/
	Shared Cache Mode: UNSPECIFIED
	Validation Mode: AUTO
	Jar files URLs []
	Managed classes names [
		com.h2Database.demo.model.Person]
	Mapping files names []
	Properties []
14:17:09.753 [Test worker] DEBUG org.hibernate.integrator.internal.IntegratorServiceImpl - Adding Integrator [org.hibernate.cfg.beanvalidation.BeanValidationIntegrator].
14:17:09.757 [Test worker] DEBUG org.hibernate.integrator.internal.IntegratorServiceImpl - Adding Integrator [org.hibernate.secure.spi.JaccIntegrator].
14:17:09.760 [Test worker] DEBUG org.hibernate.integrator.internal.IntegratorServiceImpl - Adding Integrator [org.hibernate.cache.internal.CollectionCacheInvalidator].
14:17:09.834 [Test worker] INFO org.hibernate.Version - HHH000412: Hibernate ORM core version 5.6.3.Final
14:17:09.837 [Test worker] DEBUG org.hibernate.cfg.Environment - HHH000206: hibernate.properties not found
14:17:10.058 [Test worker] DEBUG org.hibernate.service.spi.ServiceBinding - Overriding existing service binding [org.hibernate.secure.spi.JaccService]
14:17:10.078 [Test worker] DEBUG org.hibernate.cache.internal.RegionFactoryInitiator - Cannot default RegionFactory based on registered strategies as `[]` RegionFactory strategies were registered
14:17:10.080 [Test worker] DEBUG org.hibernate.cache.internal.RegionFactoryInitiator - Cache region factory : org.hibernate.cache.internal.NoCachingRegionFactory
14:17:10.107 [Test worker] INFO org.hibernate.annotations.common.Version - HCANN000001: Hibernate Commons Annotations {5.1.2.Final}
14:17:10.161 [Test worker] DEBUG org.hibernate.type.BasicTypeRegistry - Adding type registration boolean -> org.hibernate.type.BooleanType@77724cbe
14:17:10.161 [Test worker] DEBUG org.hibernate.type.BasicTypeRegistry - Adding type registration boolean -> org.hibernate.type.BooleanType@77724cbe
14:17:10.161 [Test worker] DEBUG org.hibernate.type.BasicTypeRegistry - Adding type registration java.lang.Boolean -> org.hibernate.type.BooleanType@77724cbe
14:17:10.164 [Test worker] DEBUG org.hibernate.type.BasicTypeRegistry - Adding type registration numeric_boolean -> org.hibernate.type.NumericBooleanType@525b1b70
14:17:10.165 [Test worker] DEBUG org.hibernate.type.BasicTypeRegistry - Adding type registration true_false -> org.hibernate.type.TrueFalseType@661d6bb6
14:17:10.167 [Test worker] DEBUG org.hibernate.type.BasicTypeRegistry - Adding type registration yes_no -> org.hibernate.type.YesNoType@385dfb63
14:17:10.169 [Test worker] DEBUG org.hibernate.type.BasicTypeRegistry - Adding type registration byte -> org.hibernate.type.ByteType@67fb5025
14:17:10.169 [Test worker] DEBUG org.hibernate.type.BasicTypeRegistry - Adding type registration byte -> org.hibernate.type.ByteType@67fb5025
14:17:10.170 [Test worker] DEBUG org.hibernate.type.BasicTypeRegistry - Adding type registration java.lang.Byte -> org.hibernate.type.ByteType@67fb5025
14:17:10.172 [Test worker] DEBUG org.hibernate.type.BasicTypeRegistry - Adding type registration character -> org.hibernate.type.CharacterType@79b18230
14:17:10.172 [Test worker] DEBUG org.hibernate.type.BasicTypeRegistry - Adding type registration char -> org.hibernate.type.CharacterType@79b18230
14:17:10.173 [Test worker] DEBUG org.hibernate.type.BasicTypeRegistry - Adding type registration java.lang.Character -> org.hibernate.type.CharacterType@79b18230
14:17:10.175 [Test worker] DEBUG org.hibernate.type.BasicTypeRegistry - Adding type registration short -> org.hibernate.type.ShortType@5c059a68
14:17:10.175 [Test worker] DEBUG org.hibernate.type.BasicTypeRegistry - Adding type registration short -> org.hibernate.type.ShortType@5c059a68
14:17:10.175 [Test worker] DEBUG org.hibernate.type.BasicTypeRegistry - Adding type registration java.lang.Short -> org.hibernate.type.ShortType@5c059a68
14:17:10.177 [Test worker] DEBUG org.hibernate.type.BasicTypeRegistry - Adding type registration integer -> org.hibernate.type.IntegerType@2e1eb85f
14:17:10.178 [Test worker] DEBUG org.hibernate.type.BasicTypeRegistry - Adding type registration int -> org.hibernate.type.IntegerType@2e1eb85f
14:17:10.178 [Test worker] DEBUG org.hibernate.type.BasicTypeRegistry - Adding type registration java.lang.Integer -> org.hibernate.type.IntegerType@2e1eb85f
14:17:10.180 [Test worker] DEBUG org.hibernate.type.BasicTypeRegistry - Adding type registration long -> org.hibernate.type.LongType@2a4f8009
14:17:10.180 [Test worker] DEBUG org.hibernate.type.BasicTypeRegistry - Adding type registration long -> org.hibernate.type.LongType@2a4f8009
14:17:10.180 [Test worker] DEBUG org.hibernate.type.BasicTypeRegistry - Adding type registration java.lang.Long -> org.hibernate.type.LongType@2a4f8009
14:17:10.182 [Test worker] DEBUG org.hibernate.type.BasicTypeRegistry - Adding type registration float -> org.hibernate.type.FloatType@2d7637e6
14:17:10.182 [Test worker] DEBUG org.hibernate.type.BasicTypeRegistry - Adding type registration float -> org.hibernate.type.FloatType@2d7637e6
14:17:10.182 [Test worker] DEBUG org.hibernate.type.BasicTypeRegistry - Adding type registration java.lang.Float -> org.hibernate.type.FloatType@2d7637e6
14:17:10.185 [Test worker] DEBUG org.hibernate.type.BasicTypeRegistry - Adding type registration double -> org.hibernate.type.DoubleType@3e900e1a
14:17:10.185 [Test worker] DEBUG org.hibernate.type.BasicTypeRegistry - Adding type registration double -> org.hibernate.type.DoubleType@3e900e1a
14:17:10.186 [Test worker] DEBUG org.hibernate.type.BasicTypeRegistry - Adding type registration java.lang.Double -> org.hibernate.type.DoubleType@3e900e1a
14:17:10.188 [Test worker] DEBUG org.hibernate.type.BasicTypeRegistry - Adding type registration big_decimal -> org.hibernate.type.BigDecimalType@3bb9ca38
14:17:10.188 [Test worker] DEBUG org.hibernate.type.BasicTypeRegistry - Adding type registration java.math.BigDecimal -> org.hibernate.type.BigDecimalType@3bb9ca38
14:17:10.190 [Test worker] DEBUG org.hibernate.type.BasicTypeRegistry - Adding type registration big_integer -> org.hibernate.type.BigIntegerType@7b53b1ad
14:17:10.190 [Test worker] DEBUG org.hibernate.type.BasicTypeRegistry - Adding type registration java.math.BigInteger -> org.hibernate.type.BigIntegerType@7b53b1ad
14:17:10.192 [Test worker] DEBUG org.hibernate.type.BasicTypeRegistry - Adding type registration string -> org.hibernate.type.StringType@2ce03e86
14:17:10.192 [Test worker] DEBUG org.hibernate.type.BasicTypeRegistry - Adding type registration java.lang.String -> org.hibernate.type.StringType@2ce03e86
14:17:10.193 [Test worker] DEBUG org.hibernate.type.BasicTypeRegistry - Adding type registration nstring -> org.hibernate.type.StringNVarcharType@594131f2
14:17:10.195 [Test worker] DEBUG org.hibernate.type.BasicTypeRegistry - Adding type registration ncharacter -> org.hibernate.type.CharacterNCharType@1e12a5a6
14:17:10.197 [Test worker] DEBUG org.hibernate.type.BasicTypeRegistry - Adding type registration url -> org.hibernate.type.UrlType@53aa2fc9
14:17:10.197 [Test worker] DEBUG org.hibernate.type.BasicTypeRegistry - Adding type registration java.net.URL -> org.hibernate.type.UrlType@53aa2fc9
14:17:10.199 [Test worker] DEBUG org.hibernate.type.BasicTypeRegistry - Adding type registration Duration -> org.hibernate.type.DurationType@2b80e5a9
14:17:10.199 [Test worker] DEBUG org.hibernate.type.BasicTypeRegistry - Adding type registration java.time.Duration -> org.hibernate.type.DurationType@2b80e5a9
14:17:10.201 [Test worker] DEBUG org.hibernate.type.BasicTypeRegistry - Adding type registration Instant -> org.hibernate.type.InstantType@715f45c6
14:17:10.201 [Test worker] DEBUG org.hibernate.type.BasicTypeRegistry - Adding type registration java.time.Instant -> org.hibernate.type.InstantType@715f45c6
14:17:10.203 [Test worker] DEBUG org.hibernate.type.BasicTypeRegistry - Adding type registration LocalDateTime -> org.hibernate.type.LocalDateTimeType@72b0a004
14:17:10.204 [Test worker] DEBUG org.hibernate.type.BasicTypeRegistry - Adding type registration java.time.LocalDateTime -> org.hibernate.type.LocalDateTimeType@72b0a004
14:17:10.205 [Test worker] DEBUG org.hibernate.type.BasicTypeRegistry - Adding type registration LocalDate -> org.hibernate.type.LocalDateType@1d6751e3
14:17:10.205 [Test worker] DEBUG org.hibernate.type.BasicTypeRegistry - Adding type registration java.time.LocalDate -> org.hibernate.type.LocalDateType@1d6751e3
14:17:10.208 [Test worker] DEBUG org.hibernate.type.BasicTypeRegistry - Adding type registration LocalTime -> org.hibernate.type.LocalTimeType@1283ca23
14:17:10.208 [Test worker] DEBUG org.hibernate.type.BasicTypeRegistry - Adding type registration java.time.LocalTime -> org.hibernate.type.LocalTimeType@1283ca23
14:17:10.210 [Test worker] DEBUG org.hibernate.type.BasicTypeRegistry - Adding type registration OffsetDateTime -> org.hibernate.type.OffsetDateTimeType@4ea56bdb
14:17:10.210 [Test worker] DEBUG org.hibernate.type.BasicTypeRegistry - Adding type registration java.time.OffsetDateTime -> org.hibernate.type.OffsetDateTimeType@4ea56bdb
14:17:10.212 [Test worker] DEBUG org.hibernate.type.BasicTypeRegistry - Adding type registration OffsetTime -> org.hibernate.type.OffsetTimeType@30c19bff
14:17:10.212 [Test worker] DEBUG org.hibernate.type.BasicTypeRegistry - Adding type registration java.time.OffsetTime -> org.hibernate.type.OffsetTimeType@30c19bff
14:17:10.214 [Test worker] DEBUG org.hibernate.type.BasicTypeRegistry - Adding type registration ZonedDateTime -> org.hibernate.type.ZonedDateTimeType@674da77b
14:17:10.216 [Test worker] DEBUG org.hibernate.type.BasicTypeRegistry - Adding type registration java.time.ZonedDateTime -> org.hibernate.type.ZonedDateTimeType@674da77b
14:17:10.218 [Test worker] DEBUG org.hibernate.type.BasicTypeRegistry - Adding type registration date -> org.hibernate.type.DateType@285005b8
14:17:10.220 [Test worker] DEBUG org.hibernate.type.BasicTypeRegistry - Adding type registration java.sql.Date -> org.hibernate.type.DateType@285005b8
14:17:10.222 [Test worker] DEBUG org.hibernate.type.BasicTypeRegistry - Adding type registration time -> org.hibernate.type.TimeType@49cd946c
14:17:10.222 [Test worker] DEBUG org.hibernate.type.BasicTypeRegistry - Adding type registration java.sql.Time -> org.hibernate.type.TimeType@49cd946c
14:17:10.224 [Test worker] DEBUG org.hibernate.type.BasicTypeRegistry - Adding type registration timestamp -> org.hibernate.type.TimestampType@31acfd4e
14:17:10.224 [Test worker] DEBUG org.hibernate.type.BasicTypeRegistry - Adding type registration java.sql.Timestamp -> org.hibernate.type.TimestampType@31acfd4e
14:17:10.224 [Test worker] DEBUG org.hibernate.type.BasicTypeRegistry - Adding type registration java.util.Date -> org.hibernate.type.TimestampType@31acfd4e
14:17:10.226 [Test worker] DEBUG org.hibernate.type.BasicTypeRegistry - Adding type registration dbtimestamp -> org.hibernate.type.DbTimestampType@50b46e24
14:17:10.228 [Test worker] DEBUG org.hibernate.type.BasicTypeRegistry - Adding type registration calendar -> org.hibernate.type.CalendarType@52bd9a27
14:17:10.228 [Test worker] DEBUG org.hibernate.type.BasicTypeRegistry - Adding type registration java.util.Calendar -> org.hibernate.type.CalendarType@52bd9a27
14:17:10.228 [Test worker] DEBUG org.hibernate.type.BasicTypeRegistry - Adding type registration java.util.GregorianCalendar -> org.hibernate.type.CalendarType@52bd9a27
14:17:10.229 [Test worker] DEBUG org.hibernate.type.BasicTypeRegistry - Adding type registration calendar_date -> org.hibernate.type.CalendarDateType@5ed5b321
14:17:10.231 [Test worker] DEBUG org.hibernate.type.BasicTypeRegistry - Adding type registration calendar_time -> org.hibernate.type.CalendarTimeType@739265f1
14:17:10.233 [Test worker] DEBUG org.hibernate.type.BasicTypeRegistry - Adding type registration locale -> org.hibernate.type.LocaleType@5f025000
14:17:10.233 [Test worker] DEBUG org.hibernate.type.BasicTypeRegistry - Adding type registration java.util.Locale -> org.hibernate.type.LocaleType@5f025000
14:17:10.242 [Test worker] DEBUG org.hibernate.type.BasicTypeRegistry - Adding type registration currency -> org.hibernate.type.CurrencyType@1953bc95
14:17:10.242 [Test worker] DEBUG org.hibernate.type.BasicTypeRegistry - Adding type registration java.util.Currency -> org.hibernate.type.CurrencyType@1953bc95
14:17:10.244 [Test worker] DEBUG org.hibernate.type.BasicTypeRegistry - Adding type registration timezone -> org.hibernate.type.TimeZoneType@124d26ba
14:17:10.244 [Test worker] DEBUG org.hibernate.type.BasicTypeRegistry - Adding type registration java.util.TimeZone -> org.hibernate.type.TimeZoneType@124d26ba
14:17:10.245 [Test worker] DEBUG org.hibernate.type.BasicTypeRegistry - Adding type registration class -> org.hibernate.type.ClassType@4c07d1fc
14:17:10.245 [Test worker] DEBUG org.hibernate.type.BasicTypeRegistry - Adding type registration java.lang.Class -> org.hibernate.type.ClassType@4c07d1fc
14:17:10.248 [Test worker] DEBUG org.hibernate.type.BasicTypeRegistry - Adding type registration uuid-binary -> org.hibernate.type.UUIDBinaryType@4c531172
14:17:10.248 [Test worker] DEBUG org.hibernate.type.BasicTypeRegistry - Adding type registration java.util.UUID -> org.hibernate.type.UUIDBinaryType@4c531172
14:17:10.249 [Test worker] DEBUG org.hibernate.type.BasicTypeRegistry - Adding type registration uuid-char -> org.hibernate.type.UUIDCharType@236fdf
14:17:10.251 [Test worker] DEBUG org.hibernate.type.BasicTypeRegistry - Adding type registration binary -> org.hibernate.type.BinaryType@3c25cfe1
14:17:10.251 [Test worker] DEBUG org.hibernate.type.BasicTypeRegistry - Adding type registration byte[] -> org.hibernate.type.BinaryType@3c25cfe1
14:17:10.252 [Test worker] DEBUG org.hibernate.type.BasicTypeRegistry - Adding type registration [B -> org.hibernate.type.BinaryType@3c25cfe1
14:17:10.253 [Test worker] DEBUG org.hibernate.type.BasicTypeRegistry - Adding type registration wrapper-binary -> org.hibernate.type.WrapperBinaryType@6da4feeb
14:17:10.254 [Test worker] DEBUG org.hibernate.type.BasicTypeRegistry - Adding type registration Byte[] -> org.hibernate.type.WrapperBinaryType@6da4feeb
14:17:10.255 [Test worker] DEBUG org.hibernate.type.BasicTypeRegistry - Adding type registration [Ljava.lang.Byte; -> org.hibernate.type.WrapperBinaryType@6da4feeb
14:17:10.257 [Test worker] DEBUG org.hibernate.type.BasicTypeRegistry - Adding type registration row_version -> org.hibernate.type.RowVersionType@498a612d
14:17:10.258 [Test worker] DEBUG org.hibernate.type.BasicTypeRegistry - Adding type registration image -> org.hibernate.type.ImageType@f613067
14:17:10.260 [Test worker] DEBUG org.hibernate.type.BasicTypeRegistry - Adding type registration characters -> org.hibernate.type.CharArrayType@50fdf44f
14:17:10.260 [Test worker] DEBUG org.hibernate.type.BasicTypeRegistry - Adding type registration char[] -> org.hibernate.type.CharArrayType@50fdf44f
14:17:10.260 [Test worker] DEBUG org.hibernate.type.BasicTypeRegistry - Adding type registration [C -> org.hibernate.type.CharArrayType@50fdf44f
14:17:10.262 [Test worker] DEBUG org.hibernate.type.BasicTypeRegistry - Adding type registration wrapper-characters -> org.hibernate.type.CharacterArrayType@19da993b
14:17:10.262 [Test worker] DEBUG org.hibernate.type.BasicTypeRegistry - Adding type registration [Ljava.lang.Character; -> org.hibernate.type.CharacterArrayType@19da993b
14:17:10.263 [Test worker] DEBUG org.hibernate.type.BasicTypeRegistry - Adding type registration Character[] -> org.hibernate.type.CharacterArrayType@19da993b
14:17:10.264 [Test worker] DEBUG org.hibernate.type.BasicTypeRegistry - Adding type registration text -> org.hibernate.type.TextType@41f3aaf1
14:17:10.265 [Test worker] DEBUG org.hibernate.type.BasicTypeRegistry - Adding type registration ntext -> org.hibernate.type.NTextType@60e1d87c
14:17:10.268 [Test worker] DEBUG org.hibernate.type.BasicTypeRegistry - Adding type registration blob -> org.hibernate.type.BlobType@49edcb30
14:17:10.268 [Test worker] DEBUG org.hibernate.type.BasicTypeRegistry - Adding type registration java.sql.Blob -> org.hibernate.type.BlobType@49edcb30
14:17:10.269 [Test worker] DEBUG org.hibernate.type.BasicTypeRegistry - Adding type registration materialized_blob -> org.hibernate.type.MaterializedBlobType@1320e68a
14:17:10.271 [Test worker] DEBUG org.hibernate.type.BasicTypeRegistry - Adding type registration clob -> org.hibernate.type.ClobType@12d40609
14:17:10.271 [Test worker] DEBUG org.hibernate.type.BasicTypeRegistry - Adding type registration java.sql.Clob -> org.hibernate.type.ClobType@12d40609
14:17:10.274 [Test worker] DEBUG org.hibernate.type.BasicTypeRegistry - Adding type registration nclob -> org.hibernate.type.NClobType@7af0affa
14:17:10.274 [Test worker] DEBUG org.hibernate.type.BasicTypeRegistry - Adding type registration java.sql.NClob -> org.hibernate.type.NClobType@7af0affa
14:17:10.275 [Test worker] DEBUG org.hibernate.type.BasicTypeRegistry - Adding type registration materialized_clob -> org.hibernate.type.MaterializedClobType@5c931134
14:17:10.276 [Test worker] DEBUG org.hibernate.type.BasicTypeRegistry - Adding type registration materialized_nclob -> org.hibernate.type.MaterializedNClobType@230a73f2
14:17:10.278 [Test worker] DEBUG org.hibernate.type.BasicTypeRegistry - Adding type registration serializable -> org.hibernate.type.SerializableType@5e002356
14:17:10.284 [Test worker] DEBUG org.hibernate.type.BasicTypeRegistry - Adding type registration object -> org.hibernate.type.ObjectType@7a1a3468
14:17:10.284 [Test worker] DEBUG org.hibernate.type.BasicTypeRegistry - Adding type registration java.lang.Object -> org.hibernate.type.ObjectType@7a1a3468
14:17:10.285 [Test worker] DEBUG org.hibernate.type.BasicTypeRegistry - Adding type registration imm_date -> org.hibernate.type.AdaptedImmutableType@498c535d
14:17:10.287 [Test worker] DEBUG org.hibernate.type.BasicTypeRegistry - Adding type registration imm_time -> org.hibernate.type.AdaptedImmutableType@16ee9aa7
14:17:10.288 [Test worker] DEBUG org.hibernate.type.BasicTypeRegistry - Adding type registration imm_timestamp -> org.hibernate.type.AdaptedImmutableType@4e424582
14:17:10.289 [Test worker] DEBUG org.hibernate.type.BasicTypeRegistry - Adding type registration imm_dbtimestamp -> org.hibernate.type.AdaptedImmutableType@58dad04a
14:17:10.290 [Test worker] DEBUG org.hibernate.type.BasicTypeRegistry - Adding type registration imm_calendar -> org.hibernate.type.AdaptedImmutableType@73e776b7
14:17:10.291 [Test worker] DEBUG org.hibernate.type.BasicTypeRegistry - Adding type registration imm_calendar_date -> org.hibernate.type.AdaptedImmutableType@113ee1ce
14:17:10.292 [Test worker] DEBUG org.hibernate.type.BasicTypeRegistry - Adding type registration imm_binary -> org.hibernate.type.AdaptedImmutableType@4d0cc83e
14:17:10.293 [Test worker] DEBUG org.hibernate.type.BasicTypeRegistry - Adding type registration imm_serializable -> org.hibernate.type.AdaptedImmutableType@43da0955
14:17:10.308 [Test worker] DEBUG org.hibernate.boot.internal.BootstrapContextImpl - Injecting JPA temp ClassLoader [org.springframework.instrument.classloading.SimpleThrowawayClassLoader@1f7cec93] into BootstrapContext; was [null]
14:17:10.308 [Test worker] DEBUG org.hibernate.boot.internal.ClassLoaderAccessImpl - ClassLoaderAccessImpl#injectTempClassLoader(org.springframework.instrument.classloading.SimpleThrowawayClassLoader@1f7cec93) [was null]
14:17:10.309 [Test worker] DEBUG org.hibernate.boot.internal.BootstrapContextImpl - Injecting ScanEnvironment [org.hibernate.jpa.boot.internal.StandardJpaScanEnvironmentImpl@6467ddc7] into BootstrapContext; was [null]
14:17:10.310 [Test worker] DEBUG org.hibernate.boot.internal.BootstrapContextImpl - Injecting ScanOptions [org.hibernate.boot.archive.scan.internal.StandardScanOptions@27b337bb] into BootstrapContext; was [org.hibernate.boot.archive.scan.internal.StandardScanOptions@59636c47]
14:17:10.341 [Test worker] DEBUG org.hibernate.boot.internal.BootstrapContextImpl - Injecting JPA temp ClassLoader [null] into BootstrapContext; was [org.springframework.instrument.classloading.SimpleThrowawayClassLoader@1f7cec93]
14:17:10.341 [Test worker] DEBUG org.hibernate.boot.internal.ClassLoaderAccessImpl - ClassLoaderAccessImpl#injectTempClassLoader(null) [was org.springframework.instrument.classloading.SimpleThrowawayClassLoader@1f7cec93]
14:17:10.354 [Test worker] DEBUG org.hibernate.id.factory.internal.DefaultIdentifierGeneratorFactory - Registering IdentifierGenerator strategy [uuid2] -> [org.hibernate.id.UUIDGenerator]
14:17:10.355 [Test worker] DEBUG org.hibernate.id.factory.internal.DefaultIdentifierGeneratorFactory - Registering IdentifierGenerator strategy [guid] -> [org.hibernate.id.GUIDGenerator]
14:17:10.356 [Test worker] DEBUG org.hibernate.id.factory.internal.DefaultIdentifierGeneratorFactory - Registering IdentifierGenerator strategy [uuid] -> [org.hibernate.id.UUIDHexGenerator]
14:17:10.356 [Test worker] DEBUG org.hibernate.id.factory.internal.DefaultIdentifierGeneratorFactory - Registering IdentifierGenerator strategy [uuid.hex] -> [org.hibernate.id.UUIDHexGenerator]
14:17:10.357 [Test worker] DEBUG org.hibernate.id.factory.internal.DefaultIdentifierGeneratorFactory - Registering IdentifierGenerator strategy [assigned] -> [org.hibernate.id.Assigned]
14:17:10.359 [Test worker] DEBUG org.hibernate.id.factory.internal.DefaultIdentifierGeneratorFactory - Registering IdentifierGenerator strategy [identity] -> [org.hibernate.id.IdentityGenerator]
14:17:10.360 [Test worker] DEBUG org.hibernate.id.factory.internal.DefaultIdentifierGeneratorFactory - Registering IdentifierGenerator strategy [select] -> [org.hibernate.id.SelectGenerator]
14:17:10.362 [Test worker] DEBUG org.hibernate.id.factory.internal.DefaultIdentifierGeneratorFactory - Registering IdentifierGenerator strategy [sequence] -> [org.hibernate.id.enhanced.SequenceStyleGenerator]
14:17:10.364 [Test worker] DEBUG org.hibernate.id.factory.internal.DefaultIdentifierGeneratorFactory - Registering IdentifierGenerator strategy [seqhilo] -> [org.hibernate.id.SequenceHiLoGenerator]
14:17:10.365 [Test worker] DEBUG org.hibernate.id.factory.internal.DefaultIdentifierGeneratorFactory - Registering IdentifierGenerator strategy [increment] -> [org.hibernate.id.IncrementGenerator]
14:17:10.366 [Test worker] DEBUG org.hibernate.id.factory.internal.DefaultIdentifierGeneratorFactory - Registering IdentifierGenerator strategy [foreign] -> [org.hibernate.id.ForeignGenerator]
14:17:10.367 [Test worker] DEBUG org.hibernate.id.factory.internal.DefaultIdentifierGeneratorFactory - Registering IdentifierGenerator strategy [sequence-identity] -> [org.hibernate.id.SequenceIdentityGenerator]
14:17:10.367 [Test worker] DEBUG org.hibernate.id.factory.internal.DefaultIdentifierGeneratorFactory - Registering IdentifierGenerator strategy [enhanced-sequence] -> [org.hibernate.id.enhanced.SequenceStyleGenerator]
14:17:10.368 [Test worker] DEBUG org.hibernate.id.factory.internal.DefaultIdentifierGeneratorFactory - Registering IdentifierGenerator strategy [enhanced-table] -> [org.hibernate.id.enhanced.TableGenerator]
14:17:10.375 [Test worker] DEBUG org.hibernate.engine.jdbc.env.internal.JdbcEnvironmentInitiator - Database ->
       name : H2
    version : 1.4.200 (2019-10-14)
      major : 1
      minor : 4
14:17:10.377 [Test worker] DEBUG org.hibernate.engine.jdbc.env.internal.JdbcEnvironmentInitiator - Driver ->
       name : H2 JDBC Driver
    version : 1.4.200 (2019-10-14)
      major : 1
      minor : 4
14:17:10.377 [Test worker] DEBUG org.hibernate.engine.jdbc.env.internal.JdbcEnvironmentInitiator - JDBC version : 4.1
14:17:10.395 [Test worker] INFO org.hibernate.dialect.Dialect - HHH000400: Using dialect: org.hibernate.dialect.H2Dialect
14:17:10.439 [Test worker] DEBUG org.hibernate.engine.jdbc.env.spi.IdentifierHelperBuilder - JDBC driver metadata reported database stores quoted identifiers in neither upper, lower nor mixed case
14:17:10.460 [Test worker] DEBUG org.hibernate.type.spi.TypeConfiguration$Scope - Scoping TypeConfiguration [org.hibernate.type.spi.TypeConfiguration@435e416c] to MetadataBuildingContext [org.hibernate.boot.internal.MetadataBuildingContextRootImpl@6af310c7]
14:17:10.507 [Test worker] DEBUG org.hibernate.boot.model.relational.Namespace - Created database namespace [logicalName=Name{catalog=null, schema=null}, physicalName=Name{catalog=null, schema=null}]
14:17:10.521 [Test worker] DEBUG org.hibernate.cfg.AnnotationBinder - Binding entity from annotated class: com.h2Database.demo.model.Person
14:17:10.543 [Test worker] DEBUG org.hibernate.cfg.Ejb3Column - Binding column: Ejb3DiscriminatorColumn{logicalColumnName'DTYPE', discriminatorTypeName='string'}
14:17:10.549 [Test worker] DEBUG org.hibernate.cfg.annotations.EntityBinder - Import with entity name Person
14:17:10.552 [Test worker] DEBUG org.hibernate.cfg.annotations.EntityBinder - Bind entity com.h2Database.demo.model.Person on table person
14:17:10.578 [Test worker] DEBUG org.hibernate.cfg.Ejb3Column - Binding column: Ejb3Column{table=org.hibernate.mapping.Table(person), mappingColumn=id, insertable=true, updatable=true, unique=false}
14:17:10.582 [Test worker] DEBUG org.hibernate.boot.internal.ClassLoaderAccessImpl - Not known whether passed class name [com.h2Database.demo.model.Person] is safe
14:17:10.582 [Test worker] DEBUG org.hibernate.boot.internal.ClassLoaderAccessImpl - No temp ClassLoader provided; using live ClassLoader for loading potentially unsafe class : com.h2Database.demo.model.Person
14:17:10.583 [Test worker] DEBUG org.hibernate.cfg.annotations.PropertyBinder - MetadataSourceProcessor property id with lazy=false
14:17:10.586 [Test worker] DEBUG org.hibernate.cfg.AbstractPropertyHolder - Attempting to locate auto-apply AttributeConverter for property [com.h2Database.demo.model.Person:id]
14:17:10.589 [Test worker] DEBUG org.hibernate.cfg.annotations.SimpleValueBinder - building SimpleValue for id
14:17:10.592 [Test worker] DEBUG org.hibernate.cfg.annotations.PropertyBinder - Building property id
14:17:10.595 [Test worker] DEBUG org.hibernate.cfg.BinderHelper - #makeIdGenerator(org.hibernate.mapping.SimpleValue([org.hibernate.mapping.Column(id)]), id, identity, , ...)
14:17:10.597 [Test worker] DEBUG org.hibernate.cfg.Ejb3Column - Binding column: Ejb3Column{table=org.hibernate.mapping.Table(person), mappingColumn=name, insertable=true, updatable=true, unique=false}
14:17:10.598 [Test worker] DEBUG org.hibernate.cfg.annotations.PropertyBinder - MetadataSourceProcessor property name with lazy=false
14:17:10.599 [Test worker] DEBUG org.hibernate.cfg.AbstractPropertyHolder - Attempting to locate auto-apply AttributeConverter for property [com.h2Database.demo.model.Person:name]
14:17:10.600 [Test worker] DEBUG org.hibernate.cfg.annotations.SimpleValueBinder - building SimpleValue for name
14:17:10.600 [Test worker] DEBUG org.hibernate.cfg.annotations.PropertyBinder - Building property name
14:17:10.611 [Test worker] DEBUG org.hibernate.cfg.annotations.SimpleValueBinder - Starting fillSimpleValue for id
14:17:10.611 [Test worker] DEBUG org.hibernate.cfg.annotations.SimpleValueBinder - Starting fillSimpleValue for name
14:17:10.614 [Test worker] DEBUG org.hibernate.mapping.PrimaryKey - Forcing column [id] to be non-null as it is part of the primary key for table [person]
14:17:10.667 [Test worker] DEBUG org.hibernate.internal.SessionFactoryImpl - Building session factory
14:17:10.668 [Test worker] DEBUG org.hibernate.cfg.Settings - SessionFactory name : null
14:17:10.669 [Test worker] DEBUG org.hibernate.cfg.Settings - Automatic flush during beforeCompletion(): enabled
14:17:10.669 [Test worker] DEBUG org.hibernate.cfg.Settings - Automatic session close at end of transaction: disabled
14:17:10.669 [Test worker] DEBUG org.hibernate.cfg.Settings - Statistics: disabled
14:17:10.670 [Test worker] DEBUG org.hibernate.cfg.Settings - Deleted entity synthetic identifier rollback: disabled
14:17:10.670 [Test worker] DEBUG org.hibernate.cfg.Settings - Default entity-mode: pojo
14:17:10.671 [Test worker] DEBUG org.hibernate.cfg.Settings - Check Nullability in Core (should be disabled when Bean Validation is on): enabled
14:17:10.671 [Test worker] DEBUG org.hibernate.cfg.Settings - Allow initialization of lazy state outside session : disabled
14:17:10.671 [Test worker] DEBUG org.hibernate.cfg.Settings - Using BatchFetchStyle : LEGACY
14:17:10.672 [Test worker] DEBUG org.hibernate.cfg.Settings - Default batch fetch size: -1
14:17:10.672 [Test worker] DEBUG org.hibernate.cfg.Settings - Maximum outer join fetch depth: null
14:17:10.673 [Test worker] DEBUG org.hibernate.cfg.Settings - Default null ordering: NONE
14:17:10.674 [Test worker] DEBUG org.hibernate.cfg.Settings - Order SQL updates by primary key: disabled
14:17:10.674 [Test worker] DEBUG org.hibernate.cfg.Settings - Order SQL inserts for batching: disabled
14:17:10.674 [Test worker] DEBUG org.hibernate.cfg.Settings - multi-tenancy strategy : NONE
14:17:10.675 [Test worker] DEBUG org.hibernate.cfg.Settings - JTA Track by Thread: enabled
14:17:10.677 [Test worker] DEBUG org.hibernate.cfg.Settings - Query language substitutions: {}
14:17:10.678 [Test worker] DEBUG org.hibernate.cfg.Settings - Named query checking : enabled
14:17:10.678 [Test worker] DEBUG org.hibernate.cfg.Settings - Second-level cache: disabled
14:17:10.679 [Test worker] DEBUG org.hibernate.cfg.Settings - Second-level query cache: disabled
14:17:10.679 [Test worker] DEBUG org.hibernate.cfg.Settings - Second-level query cache factory: null
14:17:10.679 [Test worker] DEBUG org.hibernate.cfg.Settings - Second-level cache region prefix: null
14:17:10.685 [Test worker] DEBUG org.hibernate.cfg.Settings - Optimize second-level cache for minimal puts: disabled
14:17:10.686 [Test worker] DEBUG org.hibernate.cfg.Settings - Structured second-level cache entries: disabled
14:17:10.687 [Test worker] DEBUG org.hibernate.cfg.Settings - Second-level cache direct-reference entries: disabled
14:17:10.688 [Test worker] DEBUG org.hibernate.cfg.Settings - Automatic eviction of collection cache: disabled
14:17:10.688 [Test worker] DEBUG org.hibernate.cfg.Settings - JDBC batch size: 15
14:17:10.688 [Test worker] DEBUG org.hibernate.cfg.Settings - JDBC batch updates for versioned data: enabled
14:17:10.688 [Test worker] DEBUG org.hibernate.cfg.Settings - Scrollable result sets: enabled
14:17:10.688 [Test worker] DEBUG org.hibernate.cfg.Settings - Wrap result sets: disabled
14:17:10.688 [Test worker] DEBUG org.hibernate.cfg.Settings - JDBC3 getGeneratedKeys(): enabled
14:17:10.688 [Test worker] DEBUG org.hibernate.cfg.Settings - JDBC result set fetch size: null
14:17:10.688 [Test worker] DEBUG org.hibernate.cfg.Settings - Connection release mode: ON_CLOSE
14:17:10.688 [Test worker] DEBUG org.hibernate.cfg.Settings - Generate SQL with comments: disabled
14:17:10.688 [Test worker] DEBUG org.hibernate.cfg.Settings - JPA compliance - query : disabled
14:17:10.688 [Test worker] DEBUG org.hibernate.cfg.Settings - JPA compliance - closed-handling : disabled
14:17:10.688 [Test worker] DEBUG org.hibernate.cfg.Settings - JPA compliance - lists : disabled
14:17:10.688 [Test worker] DEBUG org.hibernate.cfg.Settings - JPA compliance - transactions : disabled
14:17:10.777 [Test worker] DEBUG org.hibernate.service.internal.SessionFactoryServiceRegistryImpl - EventListenerRegistry access via ServiceRegistry is deprecated.  Use `sessionFactory.getEventEngine().getListenerRegistry()` instead
14:17:10.779 [Test worker] DEBUG org.hibernate.service.internal.SessionFactoryServiceRegistryImpl - EventListenerRegistry access via ServiceRegistry is deprecated.  Use `sessionFactory.getEventEngine().getListenerRegistry()` instead
14:17:10.797 [Test worker] DEBUG org.hibernate.internal.SessionFactoryImpl - Session factory constructed with filter configurations : {}
14:17:10.797 [Test worker] DEBUG org.hibernate.internal.SessionFactoryImpl - Instantiating session factory with properties: {hibernate.id.new_generator_mappings=true, java.specification.version=13, sun.cpu.isalist=amd64, hibernate.resource.beans.container=org.springframework.orm.hibernate5.SpringBeanContainer@60b616c8, hibernate.connection.handling_mode=DELAYED_ACQUISITION_AND_HOLD, sun.jnu.encoding=Cp1252, hibernate.dialect=org.hibernate.dialect.H2Dialect, org.gradle.test.worker=71, hibernate.implicit_naming_strategy=org.springframework.boot.orm.jpa.hibernate.SpringImplicitNamingStrategy, java.class.path=C:\Users\Dev Delivoro\.gradle\caches\7.3.2\workerMain\gradle-worker.jar;C:\Users\Dev Delivoro\Desktop\sistema\demo\build\classes\java\test;C:\Users\Dev Delivoro\Desktop\sistema\demo\build\resources\test;C:\Users\Dev Delivoro\Desktop\sistema\demo\build\classes\java\main;C:\Users\Dev Delivoro\Desktop\sistema\demo\build\resources\main;C:\Users\Dev Delivoro\.gradle\caches\modules-2\files-2.1\org.springframework.boot\spring-boot-starter-web\2.6.2\685b236afc0144a52383cd2c52731dd016f9badd\spring-boot-starter-web-2.6.2.jar;C:\Users\Dev Delivoro\.gradle\caches\modules-2\files-2.1\org.springframework.boot\spring-boot-starter-data-jpa\2.6.2\3eb637ccd03194f1d639b9efed1ff7d73c8592e3\spring-boot-starter-data-jpa-2.6.2.jar;C:\Users\Dev Delivoro\.gradle\caches\modules-2\files-2.1\com.h2database\h2\1.4.200\f7533fe7cb8e99c87a43d325a77b4b678ad9031a\h2-1.4.200.jar;C:\Users\Dev Delivoro\.gradle\caches\modules-2\files-2.1\org.springframework.boot\spring-boot-starter-test\2.6.2\17c687f9e596262705ff31e85fc6b700a9c4afc0\spring-boot-starter-test-2.6.2.jar;C:\Users\Dev Delivoro\.gradle\caches\modules-2\files-2.1\org.springframework.boot\spring-boot-starter-json\2.6.2\c0d457ff259c487521706fd2efac75d61595d527\spring-boot-starter-json-2.6.2.jar;C:\Users\Dev Delivoro\.gradle\caches\modules-2\files-2.1\org.springframework.boot\spring-boot-starter-aop\2.6.2\af16c0de56462ef8a6a9ac63cff30bf5120fc5b3\spring-boot-starter-aop-2.6.2.jar;C:\Users\Dev Delivoro\.gradle\caches\modules-2\files-2.1\org.springframework.boot\spring-boot-starter-jdbc\2.6.2\ff853babf286bf913d73197d0f0b521343d5e8aa\spring-boot-starter-jdbc-2.6.2.jar;C:\Users\Dev Delivoro\.gradle\caches\modules-2\files-2.1\org.springframework.boot\spring-boot-starter\2.6.2\c36f1f6886cdbedc5347fdea62b97b44b053b0ba\spring-boot-starter-2.6.2.jar;C:\Users\Dev Delivoro\.gradle\caches\modules-2\files-2.1\org.springframework.boot\spring-boot-starter-tomcat\2.6.2\81bc9a57c0df9787e122c3b2a66e5a1ac0e139a5\spring-boot-starter-tomcat-2.6.2.jar;C:\Users\Dev Delivoro\.gradle\caches\modules-2\files-2.1\org.springframework\spring-webmvc\5.3.14\beb6dc57abf6685878b824d8ab0af39ebd1cfbae\spring-webmvc-5.3.14.jar;C:\Users\Dev Delivoro\.gradle\caches\modules-2\files-2.1\org.springframework\spring-web\5.3.14\801d96f3914ace2e347ee3f6d29e21073e4f50ed\spring-web-5.3.14.jar;C:\Users\Dev Delivoro\.gradle\caches\modules-2\files-2.1\jakarta.transaction\jakarta.transaction-api\1.3.3\c4179d48720a1e87202115fbed6089bdc4195405\jakarta.transaction-api-1.3.3.jar;C:\Users\Dev Delivoro\.gradle\caches\modules-2\files-2.1\jakarta.persistence\jakarta.persistence-api\2.2.3\8f6ea5daedc614f07a3654a455660145286f024e\jakarta.persistence-api-2.2.3.jar;C:\Users\Dev Delivoro\.gradle\caches\modules-2\files-2.1\org.hibernate\hibernate-core\5.6.3.Final\a2420e0a2c9c168c029584aecf6a5b9a2475cd10\hibernate-core-5.6.3.Final.jar;C:\Users\Dev Delivoro\.gradle\caches\modules-2\files-2.1\org.springframework.data\spring-data-jpa\2.6.0\bd08ea8db76c7c82397307dda2e253180c31b7ec\spring-data-jpa-2.6.0.jar;C:\Users\Dev Delivoro\.gradle\caches\modules-2\files-2.1\org.springframework\spring-aspects\5.3.14\bf5de7c1338c2684d834bef8f389ef3d747f9f56\spring-aspects-5.3.14.jar;C:\Users\Dev Delivoro\.gradle\caches\modules-2\files-2.1\org.springframework.boot\spring-boot-test-autoconfigure\2.6.2\15d178e8e69f3edefe6b17d4cbcb21e921c69463\spring-boot-test-autoconfigure-2.6.2.jar;C:\Users\Dev Delivoro\.gradle\caches\modules-2\files-2.1\org.springframework.boot\spring-boot-test\2.6.2\c4ac845e842f67003571343181fe432e09e04d6d\spring-boot-test-2.6.2.jar;C:\Users\Dev Delivoro\.gradle\caches\modules-2\files-2.1\com.jayway.jsonpath\json-path\2.6.0\67f565b424f7903a12d4f5b9361b11462ecacdac\json-path-2.6.0.jar;C:\Users\Dev Delivoro\.gradle\caches\modules-2\files-2.1\org.glassfish.jaxb\jaxb-runtime\2.3.5\a169a961a2bb9ac69517ec1005e451becf5cdfab\jaxb-runtime-2.3.5.jar;C:\Users\Dev Delivoro\.gradle\caches\modules-2\files-2.1\jakarta.xml.bind\jakarta.xml.bind-api\2.3.3\48e3b9cfc10752fba3521d6511f4165bea951801\jakarta.xml.bind-api-2.3.3.jar;C:\Users\Dev Delivoro\.gradle\caches\modules-2\files-2.1\org.assertj\assertj-core\3.21.0\27a14d6d22c4e3d58f799fb2a5ca8eaf53e6942a\assertj-core-3.21.0.jar;C:\Users\Dev Delivoro\.gradle\caches\modules-2\files-2.1\org.hamcrest\hamcrest\2.2\1820c0968dba3a11a1b30669bb1f01978a91dedc\hamcrest-2.2.jar;C:\Users\Dev Delivoro\.gradle\caches\modules-2\files-2.1\org.mockito\mockito-junit-jupiter\4.0.0\b76de25bd6e5d8f7924d0536729c0076e37e9396\mockito-junit-jupiter-4.0.0.jar;C:\Users\Dev Delivoro\.gradle\caches\modules-2\files-2.1\org.junit.jupiter\junit-jupiter-params\5.8.2\ddeafe92fc263f895bfb73ffeca7fd56e23c2cce\junit-jupiter-params-5.8.2.jar;C:\Users\Dev Delivoro\.gradle\caches\modules-2\files-2.1\org.junit.jupiter\junit-jupiter-engine\5.8.2\c598b4328d2f397194d11df3b1648d68d7d990e3\junit-jupiter-engine-5.8.2.jar;C:\Users\Dev Delivoro\.gradle\caches\modules-2\files-2.1\org.junit.jupiter\junit-jupiter-api\5.8.2\4c21029217adf07e4c0d0c5e192b6bf610c94bdc\junit-jupiter-api-5.8.2.jar;C:\Users\Dev Delivoro\.gradle\caches\modules-2\files-2.1\org.junit.platform\junit-platform-engine\1.8.2\b737de09f19864bd136805c84df7999a142fec29\junit-platform-engine-1.8.2.jar;C:\Users\Dev Delivoro\.gradle\caches\modules-2\files-2.1\org.junit.platform\junit-platform-commons\1.8.2\32c8b8617c1342376fd5af2053da6410d8866861\junit-platform-commons-1.8.2.jar;C:\Users\Dev Delivoro\.gradle\caches\modules-2\files-2.1\org.junit.jupiter\junit-jupiter\5.8.2\5a817b1e63f1217e5c586090c45e681281f097ad\junit-jupiter-5.8.2.jar;C:\Users\Dev Delivoro\.gradle\caches\modules-2\files-2.1\org.mockito\mockito-core\4.0.0\f5195e0c4a45716bbd2d1d29173adbd148acce3a\mockito-core-4.0.0.jar;C:\Users\Dev Delivoro\.gradle\caches\modules-2\files-2.1\org.skyscreamer\jsonassert\1.5.0\6c9d5fe2f59da598d9aefc1cfc6528ff3cf32df3\jsonassert-1.5.0.jar;C:\Users\Dev Delivoro\.gradle\caches\modules-2\files-2.1\org.springframework\spring-test\5.3.14\770429bdf3a3823604817bb66f63b5ee8cf1050\spring-test-5.3.14.jar;C:\Users\Dev Delivoro\.gradle\caches\modules-2\files-2.1\org.springframework.boot\spring-boot-autoconfigure\2.6.2\7c91bce101d3f796cccbc1a6744c1ea389fff73f\spring-boot-autoconfigure-2.6.2.jar;C:\Users\Dev Delivoro\.gradle\caches\modules-2\files-2.1\org.springframework.boot\spring-boot\2.6.2\bbf59f411320da665411692359ff511315d0ff91\spring-boot-2.6.2.jar;C:\Users\Dev Delivoro\.gradle\caches\modules-2\files-2.1\org.springframework\spring-context\5.3.14\ce6042492f042131f602bdc83fcb412b142bdac5\spring-context-5.3.14.jar;C:\Users\Dev Delivoro\.gradle\caches\modules-2\files-2.1\org.springframework\spring-aop\5.3.14\f049146a55991e89c0f04b9624f1f69e1763d80f\spring-aop-5.3.14.jar;C:\Users\Dev Delivoro\.gradle\caches\modules-2\files-2.1\org.springframework\spring-orm\5.3.14\5ec15c098a56205ff77c7792e9dad30f5be16b5a\spring-orm-5.3.14.jar;C:\Users\Dev Delivoro\.gradle\caches\modules-2\files-2.1\org.springframework\spring-jdbc\5.3.14\f209e8d165dbcfc018aa4f741fbe75844eb45ff8\spring-jdbc-5.3.14.jar;C:\Users\Dev Delivoro\.gradle\caches\modules-2\files-2.1\org.springframework.data\spring-data-commons\2.6.0\5a9afaa6e0a4cd74183a794f467c9b4a546b4cbe\spring-data-commons-2.6.0.jar;C:\Users\Dev Delivoro\.gradle\caches\modules-2\files-2.1\org.springframework\spring-tx\5.3.14\3d80a1e051f071e9cd42fc99698bf9022862b5c\spring-tx-5.3.14.jar;C:\Users\Dev Delivoro\.gradle\caches\modules-2\files-2.1\org.springframework\spring-beans\5.3.14\24cc27af89edc1581a57bb15bc160d2353f40a0e\spring-beans-5.3.14.jar;C:\Users\Dev Delivoro\.gradle\caches\modules-2\files-2.1\org.springframework\spring-expression\5.3.14\5cd4c568522b7084afac5d2ac6cb945b797b3f16\spring-expression-5.3.14.jar;C:\Users\Dev Delivoro\.gradle\caches\modules-2\files-2.1\org.springframework\spring-core\5.3.14\d87ad19f9d8b9a3f1a143db5a2be34c61751aaa2\spring-core-5.3.14.jar;C:\Users\Dev Delivoro\.gradle\caches\modules-2\files-2.1\org.xmlunit\xmlunit-core\2.8.4\35be57989ca80eefa03161b211630e319a8f36c6\xmlunit-core-2.8.4.jar;C:\Users\Dev Delivoro\.gradle\caches\modules-2\files-2.1\org.springframework.boot\spring-boot-starter-logging\2.6.2\58d4896c606b6ff07b9bd8e46c87eac5a51255de\spring-boot-starter-logging-2.6.2.jar;C:\Users\Dev Delivoro\.gradle\caches\modules-2\files-2.1\jakarta.annotation\jakarta.annotation-api\1.3.5\59eb84ee0d616332ff44aba065f3888cf002cd2d\jakarta.annotation-api-1.3.5.jar;C:\Users\Dev Delivoro\.gradle\caches\modules-2\files-2.1\org.yaml\snakeyaml\1.29\6d0cdafb2010f1297e574656551d7145240f6e25\snakeyaml-1.29.jar;C:\Users\Dev Delivoro\.gradle\caches\modules-2\files-2.1\com.fasterxml.jackson.datatype\jackson-datatype-jsr310\2.13.1\1ece5a87b59701328215e0083448b4d451857cbd\jackson-datatype-jsr310-2.13.1.jar;C:\Users\Dev Delivoro\.gradle\caches\modules-2\files-2.1\com.fasterxml.jackson.module\jackson-module-parameter-names\2.13.1\cbeec2259213c555ef451a2e05f35ed1dbfbf799\jackson-module-parameter-names-2.13.1.jar;C:\Users\Dev Delivoro\.gradle\caches\modules-2\files-2.1\com.fasterxml.jackson.core\jackson-annotations\2.13.1\1cbcbe4623113e6af92ccaa89884a345270f1a87\jackson-annotations-2.13.1.jar;C:\Users\Dev Delivoro\.gradle\caches\modules-2\files-2.1\com.fasterxml.jackson.core\jackson-core\2.13.1\51ae921a2ed1e06ca8876f12f32f265e83c0b2b8\jackson-core-2.13.1.jar;C:\Users\Dev Delivoro\.gradle\caches\modules-2\files-2.1\com.fasterxml.jackson.datatype\jackson-datatype-jdk8\2.13.1\8ecfa9bcd714269fdf22c33f9fd00d0643bd0e21\jackson-datatype-jdk8-2.13.1.jar;C:\Users\Dev Delivoro\.gradle\caches\modules-2\files-2.1\com.fasterxml.jackson.core\jackson-databind\2.13.1\698b2d2b15d9a1b7aae025f1d9f576842285e7f6\jackson-databind-2.13.1.jar;C:\Users\Dev Delivoro\.gradle\caches\modules-2\files-2.1\org.apache.tomcat.embed\tomcat-embed-websocket\9.0.56\d84be683a5d47e820d077db1d511181c7db9e4e9\tomcat-embed-websocket-9.0.56.jar;C:\Users\Dev Delivoro\.gradle\caches\modules-2\files-2.1\org.apache.tomcat.embed\tomcat-embed-core\9.0.56\7c8e0008564c644beec976ab115e2670bb4d7003\tomcat-embed-core-9.0.56.jar;C:\Users\Dev Delivoro\.gradle\caches\modules-2\files-2.1\org.apache.tomcat.embed\tomcat-embed-el\9.0.56\8e4f28f714693ad4e158e61f41371d4e4c6b4e23\tomcat-embed-el-9.0.56.jar;C:\Users\Dev Delivoro\.gradle\caches\modules-2\files-2.1\org.aspectj\aspectjweaver\1.9.7\158f5c255cd3e4408e795b79f7c3fbae9b53b7ca\aspectjweaver-1.9.7.jar;C:\Users\Dev Delivoro\.gradle\caches\modules-2\files-2.1\com.zaxxer\HikariCP\4.0.3\107cbdf0db6780a065f895ae9d8fbf3bb0e1c21f\HikariCP-4.0.3.jar;C:\Users\Dev Delivoro\.gradle\caches\modules-2\files-2.1\org.hibernate.common\hibernate-commons-annotations\5.1.2.Final\e59ffdbc6ad09eeb33507b39ffcf287679a498c8\hibernate-commons-annotations-5.1.2.Final.jar;C:\Users\Dev Delivoro\.gradle\caches\modules-2\files-2.1\org.jboss.logging\jboss-logging\3.4.2.Final\e517b8a93dd9962ed5481345e4d262fdd47c4217\jboss-logging-3.4.2.Final.jar;C:\Users\Dev Delivoro\.gradle\caches\modules-2\files-2.1\net.bytebuddy\byte-buddy\1.11.22\8b4c7fa5562a09da1c2a9ab0873cb51f5034d83f\byte-buddy-1.11.22.jar;C:\Users\Dev Delivoro\.gradle\caches\modules-2\files-2.1\antlr\antlr\2.7.7\83cd2cd674a217ade95a4bb83a8a14f351f48bd0\antlr-2.7.7.jar;C:\Users\Dev Delivoro\.gradle\caches\modules-2\files-2.1\org.jboss\jandex\2.2.3.Final\d3865101f0666b63586683bd811d754517f331ab\jandex-2.2.3.Final.jar;C:\Users\Dev Delivoro\.gradle\caches\modules-2\files-2.1\com.fasterxml\classmate\1.5.1\3fe0bed568c62df5e89f4f174c101eab25345b6c\classmate-1.5.1.jar;C:\Users\Dev Delivoro\.gradle\caches\modules-2\files-2.1\ch.qos.logback\logback-classic\1.2.9\7d495522b08a9a66084bf417e70eedf95ef706bc\logback-classic-1.2.9.jar;C:\Users\Dev Delivoro\.gradle\caches\modules-2\files-2.1\org.apache.logging.log4j\log4j-to-slf4j\2.17.0\e50b82411b9ce9c204c938509f914b2bb887168b\log4j-to-slf4j-2.17.0.jar;C:\Users\Dev Delivoro\.gradle\caches\modules-2\files-2.1\org.slf4j\jul-to-slf4j\1.7.32\8a055c04ab44e8e8326901cadf89080721348bdb\jul-to-slf4j-1.7.32.jar;C:\Users\Dev Delivoro\.gradle\caches\modules-2\files-2.1\org.slf4j\slf4j-api\1.7.32\cdcff33940d9f2de763bc41ea05a0be5941176c3\slf4j-api-1.7.32.jar;C:\Users\Dev Delivoro\.gradle\caches\modules-2\files-2.1\net.minidev\json-smart\2.4.7\8d7f4c1530c07c54930935f3da85f48b83b3c109\json-smart-2.4.7.jar;C:\Users\Dev Delivoro\.gradle\caches\modules-2\files-2.1\jakarta.activation\jakarta.activation-api\1.2.2\99f53adba383cb1bf7c3862844488574b559621f\jakarta.activation-api-1.2.2.jar;C:\Users\Dev Delivoro\.gradle\caches\modules-2\files-2.1\net.bytebuddy\byte-buddy-agent\1.11.22\2fbcf3210dfc09b42242e3b66a5281cc5b9adb80\byte-buddy-agent-1.11.22.jar;C:\Users\Dev Delivoro\.gradle\caches\modules-2\files-2.1\org.objenesis\objenesis\3.2\7fadf57620c8b8abdf7519533e5527367cb51f09\objenesis-3.2.jar;C:\Users\Dev Delivoro\.gradle\caches\modules-2\files-2.1\com.vaadin.external.google\android-json\0.0.20131108.vaadin1\fa26d351fe62a6a17f5cda1287c1c6110dec413f\android-json-0.0.20131108.vaadin1.jar;C:\Users\Dev Delivoro\.gradle\caches\modules-2\files-2.1\org.springframework\spring-jcl\5.3.14\ffcf745ed5ba32930771378316fd08e97986bec2\spring-jcl-5.3.14.jar;C:\Users\Dev Delivoro\.gradle\caches\modules-2\files-2.1\org.glassfish.jaxb\txw2\2.3.5\ec8930fa62e7b1758b1664d135f50c7abe
[...]
14:17:13.410 [Test worker] DEBUG org.hibernate.engine.internal.TwoPhaseLoad - Processing attribute `name` : value = Daniel
14:17:13.410 [Test worker] DEBUG org.hibernate.engine.internal.TwoPhaseLoad - Attribute (`name`)  - enhanced for lazy-loading? - false
14:17:13.411 [Test worker] DEBUG org.hibernate.engine.internal.TwoPhaseLoad - Done materializing entity [com.h2Database.demo.model.Person#1]
14:17:13.411 [Test worker] DEBUG org.hibernate.engine.internal.TwoPhaseLoad - Resolving attributes for [com.h2Database.demo.model.Person#2]
14:17:13.411 [Test worker] DEBUG org.hibernate.engine.internal.TwoPhaseLoad - Processing attribute `name` : value = Joao
14:17:13.411 [Test worker] DEBUG org.hibernate.engine.internal.TwoPhaseLoad - Attribute (`name`)  - enhanced for lazy-loading? - false
14:17:13.411 [Test worker] DEBUG org.hibernate.engine.internal.TwoPhaseLoad - Done materializing entity [com.h2Database.demo.model.Person#2]
14:17:13.412 [Test worker] DEBUG org.hibernate.engine.internal.TwoPhaseLoad - Resolving attributes for [com.h2Database.demo.model.Person#3]
14:17:13.412 [Test worker] DEBUG org.hibernate.engine.internal.TwoPhaseLoad - Processing attribute `name` : value = Mauricio
14:17:13.412 [Test worker] DEBUG org.hibernate.engine.internal.TwoPhaseLoad - Attribute (`name`)  - enhanced for lazy-loading? - false
14:17:13.412 [Test worker] DEBUG org.hibernate.engine.internal.TwoPhaseLoad - Done materializing entity [com.h2Database.demo.model.Person#3]
14:17:13.412 [Test worker] DEBUG org.hibernate.engine.internal.TwoPhaseLoad - Resolving attributes for [com.h2Database.demo.model.Person#4]
14:17:13.412 [Test worker] DEBUG org.hibernate.engine.internal.TwoPhaseLoad - Processing attribute `name` : value = Antonio
14:17:13.412 [Test worker] DEBUG org.hibernate.engine.internal.TwoPhaseLoad - Attribute (`name`)  - enhanced for lazy-loading? - false
14:17:13.412 [Test worker] DEBUG org.hibernate.engine.internal.TwoPhaseLoad - Done materializing entity [com.h2Database.demo.model.Person#4]
14:17:13.412 [Test worker] DEBUG org.hibernate.engine.internal.TwoPhaseLoad - Resolving attributes for [com.h2Database.demo.model.Person#5]
14:17:13.412 [Test worker] DEBUG org.hibernate.engine.internal.TwoPhaseLoad - Processing attribute `name` : value = David
14:17:13.412 [Test worker] DEBUG org.hibernate.engine.internal.TwoPhaseLoad - Attribute (`name`)  - enhanced for lazy-loading? - false
14:17:13.412 [Test worker] DEBUG org.hibernate.engine.internal.TwoPhaseLoad - Done materializing entity [com.h2Database.demo.model.Person#5]
14:17:13.412 [Test worker] DEBUG org.hibernate.engine.internal.TwoPhaseLoad - Resolving attributes for [com.h2Database.demo.model.Person#6]
14:17:13.412 [Test worker] DEBUG org.hibernate.engine.internal.TwoPhaseLoad - Processing attribute `name` : value = Luiz
14:17:13.412 [Test worker] DEBUG org.hibernate.engine.internal.TwoPhaseLoad - Attribute (`name`)  - enhanced for lazy-loading? - false
14:17:13.413 [Test worker] DEBUG org.hibernate.engine.internal.TwoPhaseLoad - Done materializing entity [com.h2Database.demo.model.Person#6]
14:17:13.413 [Test worker] DEBUG org.hibernate.engine.internal.TwoPhaseLoad - Resolving attributes for [com.h2Database.demo.model.Person#7]
14:17:13.413 [Test worker] DEBUG org.hibernate.engine.internal.TwoPhaseLoad - Processing attribute `name` : value = Fernanda
14:17:13.413 [Test worker] DEBUG org.hibernate.engine.internal.TwoPhaseLoad - Attribute (`name`)  - enhanced for lazy-loading? - false
14:17:13.413 [Test worker] DEBUG org.hibernate.engine.internal.TwoPhaseLoad - Done materializing entity [com.h2Database.demo.model.Person#7]
14:17:13.420 [Test worker] DEBUG org.springframework.orm.jpa.JpaTransactionManager - Found thread-bound EntityManager [SessionImpl(1429207620<open>)] for JPA transaction
14:17:13.420 [Test worker] DEBUG org.springframework.orm.jpa.JpaTransactionManager - Participating in existing transaction
14:17:13.428 [Test worker] DEBUG org.springframework.orm.jpa.JpaTransactionManager - Found thread-bound EntityManager [SessionImpl(1429207620<open>)] for JPA transaction
14:17:13.428 [Test worker] DEBUG org.springframework.orm.jpa.JpaTransactionManager - Participating in existing transaction
14:17:13.428 [Test worker] DEBUG org.hibernate.loader.entity.CacheEntityLoaderHelper - Load request found matching entity in context, but it is scheduled for removal; returning null
14:17:13.432 [Test worker] DEBUG org.springframework.test.context.cache.DefaultCacheAwareContextLoaderDelegate - Retrieved ApplicationContext [605982374] from cache with key [[MergedContextConfiguration@3212a8d7 testClass = PersonTestDAO, locations = '{}', classes = '{class com.h2Database.demo.config.DataBaseTestsSpringConfig}', contextInitializerClasses = '[]', activeProfiles = '{}', propertySourceLocations = '{}', propertySourceProperties = '{}', contextCustomizers = set[org.springframework.boot.test.autoconfigure.actuate.metrics.MetricsExportContextCustomizerFactory$DisableMetricExportContextCustomizer@49964d75, org.springframework.boot.test.autoconfigure.properties.PropertyMappingContextCustomizer@0, org.springframework.boot.test.autoconfigure.web.servlet.WebDriverContextCustomizerFactory$Customizer@27d4a09, org.springframework.boot.test.context.filter.ExcludeFilterContextCustomizer@72437d8d, org.springframework.boot.test.json.DuplicateJsonObjectContextCustomizerFactory$DuplicateJsonObjectContextCustomizer@5a1de7fb, org.springframework.boot.test.mock.mockito.MockitoContextCustomizer@0], contextLoader = 'org.springframework.test.context.support.DelegatingSmartContextLoader', parent = [null]]]
14:17:13.432 [Test worker] DEBUG org.springframework.test.context.cache - Spring test ApplicationContext cache statistics: [DefaultContextCache@63a7af06 size = 1, maxSize = 32, parentContextCount = 0, hitCount = 6, missCount = 1]
14:17:13.433 [Test worker] DEBUG org.springframework.test.context.cache.DefaultCacheAwareContextLoaderDelegate - Retrieved ApplicationContext [605982374] from cache with key [[MergedContextConfiguration@3212a8d7 testClass = PersonTestDAO, locations = '{}', classes = '{class com.h2Database.demo.config.DataBaseTestsSpringConfig}', contextInitializerClasses = '[]', activeProfiles = '{}', propertySourceLocations = '{}', propertySourceProperties = '{}', contextCustomizers = set[org.springframework.boot.test.autoconfigure.actuate.metrics.MetricsExportContextCustomizerFactory$DisableMetricExportContextCustomizer@49964d75, org.springframework.boot.test.autoconfigure.properties.PropertyMappingContextCustomizer@0, org.springframework.boot.test.autoconfigure.web.servlet.WebDriverContextCustomizerFactory$Customizer@27d4a09, org.springframework.boot.test.context.filter.ExcludeFilterContextCustomizer@72437d8d, org.springframework.boot.test.json.DuplicateJsonObjectContextCustomizerFactory$DuplicateJsonObjectContextCustomizer@5a1de7fb, org.springframework.boot.test.mock.mockito.MockitoContextCustomizer@0], contextLoader = 'org.springframework.test.context.support.DelegatingSmartContextLoader', parent = [null]]]
14:17:13.434 [Test worker] DEBUG org.springframework.test.context.cache - Spring test ApplicationContext cache statistics: [DefaultContextCache@63a7af06 size = 1, maxSize = 32, parentContextCount = 0, hitCount = 7, missCount = 1]
14:17:13.435 [Test worker] DEBUG org.springframework.test.context.cache.DefaultCacheAwareContextLoaderDelegate - Retrieved ApplicationContext [605982374] from cache with key [[MergedContextConfiguration@3212a8d7 testClass = PersonTestDAO, locations = '{}', classes = '{class com.h2Database.demo.config.DataBaseTestsSpringConfig}', contextInitializerClasses = '[]', activeProfiles = '{}', propertySourceLocations = '{}', propertySourceProperties = '{}', contextCustomizers = set[org.springframework.boot.test.autoconfigure.actuate.metrics.MetricsExportContextCustomizerFactory$DisableMetricExportContextCustomizer@49964d75, org.springframework.boot.test.autoconfigure.properties.PropertyMappingContextCustomizer@0, org.springframework.boot.test.autoconfigure.web.servlet.WebDriverContextCustomizerFactory$Customizer@27d4a09, org.springframework.boot.test.context.filter.ExcludeFilterContextCustomizer@72437d8d, org.springframework.boot.test.json.DuplicateJsonObjectContextCustomizerFactory$DuplicateJsonObjectContextCustomizer@5a1de7fb, org.springframework.boot.test.mock.mockito.MockitoContextCustomizer@0], contextLoader = 'org.springframework.test.context.support.DelegatingSmartContextLoader', parent = [null]]]
14:17:13.435 [Test worker] DEBUG org.springframework.test.context.cache - Spring test ApplicationContext cache statistics: [DefaultContextCache@63a7af06 size = 1, maxSize = 32, parentContextCount = 0, hitCount = 8, missCount = 1]
14:17:13.436 [Test worker] DEBUG org.springframework.test.context.cache.DefaultCacheAwareContextLoaderDelegate - Retrieved ApplicationContext [605982374] from cache with key [[MergedContextConfiguration@3212a8d7 testClass = PersonTestDAO, locations = '{}', classes = '{class com.h2Database.demo.config.DataBaseTestsSpringConfig}', contextInitializerClasses = '[]', activeProfiles = '{}', propertySourceLocations = '{}', propertySourceProperties = '{}', contextCustomizers = set[org.springframework.boot.test.autoconfigure.actuate.metrics.MetricsExportContextCustomizerFactory$DisableMetricExportContextCustomizer@49964d75, org.springframework.boot.test.autoconfigure.properties.PropertyMappingContextCustomizer@0, org.springframework.boot.test.autoconfigure.web.servlet.WebDriverContextCustomizerFactory$Customizer@27d4a09, org.springframework.boot.test.context.filter.ExcludeFilterContextCustomizer@72437d8d, org.springframework.boot.test.json.DuplicateJsonObjectContextCustomizerFactory$DuplicateJsonObjectContextCustomizer@5a1de7fb, org.springframework.boot.test.mock.mockito.MockitoContextCustomizer@0], contextLoader = 'org.springframework.test.context.support.DelegatingSmartContextLoader', parent = [null]]]
14:17:13.436 [Test worker] DEBUG org.springframework.test.context.cache - Spring test ApplicationContext cache statistics: [DefaultContextCache@63a7af06 size = 1, maxSize = 32, parentContextCount = 0, hitCount = 9, missCount = 1]
14:17:13.438 [Test worker] DEBUG org.springframework.test.context.cache.DefaultCacheAwareContextLoaderDelegate - Retrieved ApplicationContext [605982374] from cache with key [[MergedContextConfiguration@3212a8d7 testClass = PersonTestDAO, locations = '{}', classes = '{class com.h2Database.demo.config.DataBaseTestsSpringConfig}', contextInitializerClasses = '[]', activeProfiles = '{}', propertySourceLocations = '{}', propertySourceProperties = '{}', contextCustomizers = set[org.springframework.boot.test.autoconfigure.actuate.metrics.MetricsExportContextCustomizerFactory$DisableMetricExportContextCustomizer@49964d75, org.springframework.boot.test.autoconfigure.properties.PropertyMappingContextCustomizer@0, org.springframework.boot.test.autoconfigure.web.servlet.WebDriverContextCustomizerFactory$Customizer@27d4a09, org.springframework.boot.test.context.filter.ExcludeFilterContextCustomizer@72437d8d, org.springframework.boot.test.json.DuplicateJsonObjectContextCustomizerFactory$DuplicateJsonObjectContextCustomizer@5a1de7fb, org.springframework.boot.test.mock.mockito.MockitoContextCustomizer@0], contextLoader = 'org.springframework.test.context.support.DelegatingSmartContextLoader', parent = [null]]]
14:17:13.438 [Test worker] DEBUG org.springframework.test.context.cache - Spring test ApplicationContext cache statistics: [DefaultContextCache@63a7af06 size = 1, maxSize = 32, parentContextCount = 0, hitCount = 10, missCount = 1]
14:17:13.441 [Test worker] DEBUG org.springframework.test.context.cache.DefaultCacheAwareContextLoaderDelegate - Retrieved ApplicationContext [605982374] from cache with key [[MergedContextConfiguration@3212a8d7 testClass = PersonTestDAO, locations = '{}', classes = '{class com.h2Database.demo.config.DataBaseTestsSpringConfig}', contextInitializerClasses = '[]', activeProfiles = '{}', propertySourceLocations = '{}', propertySourceProperties = '{}', contextCustomizers = set[org.springframework.boot.test.autoconfigure.actuate.metrics.MetricsExportContextCustomizerFactory$DisableMetricExportContextCustomizer@49964d75, org.springframework.boot.test.autoconfigure.properties.PropertyMappingContextCustomizer@0, org.springframework.boot.test.autoconfigure.web.servlet.WebDriverContextCustomizerFactory$Customizer@27d4a09, org.springframework.boot.test.context.filter.ExcludeFilterContextCustomizer@72437d8d, org.springframework.boot.test.json.DuplicateJsonObjectContextCustomizerFactory$DuplicateJsonObjectContextCustomizer@5a1de7fb, org.springframework.boot.test.mock.mockito.MockitoContextCustomizer@0], contextLoader = 'org.springframework.test.context.support.DelegatingSmartContextLoader', parent = [null]]]
14:17:13.441 [Test worker] DEBUG org.springframework.test.context.cache - Spring test ApplicationContext cache statistics: [DefaultContextCache@63a7af06 size = 1, maxSize = 32, parentContextCount = 0, hitCount = 11, missCount = 1]
14:17:13.442 [Test worker] DEBUG org.springframework.orm.jpa.JpaTransactionManager - Initiating transaction rollback
14:17:13.442 [Test worker] DEBUG org.springframework.orm.jpa.JpaTransactionManager - Rolling back JPA transaction on EntityManager [SessionImpl(1429207620<open>)]
14:17:13.442 [Test worker] DEBUG org.hibernate.engine.transaction.internal.TransactionImpl - rolling back
14:17:13.446 [Test worker] DEBUG org.springframework.orm.jpa.JpaTransactionManager - Closing JPA EntityManager [SessionImpl(1429207620<open>)] after transaction
14:17:13.447 [Test worker] INFO org.springframework.test.context.transaction.TransactionContext - Rolled back transaction for test: [DefaultTestContext@4dd02341 testClass = PersonTestDAO, testInstance = com.h2Database.demo.test.PersonTestDAO@23aa363a, testMethod = testePersonDAO@PersonTestDAO, testException = [null], mergedContextConfiguration = [MergedContextConfiguration@3212a8d7 testClass = PersonTestDAO, locations = '{}', classes = '{class com.h2Database.demo.config.DataBaseTestsSpringConfig}', contextInitializerClasses = '[]', activeProfiles = '{}', propertySourceLocations = '{}', propertySourceProperties = '{}', contextCustomizers = set[org.springframework.boot.test.autoconfigure.actuate.metrics.MetricsExportContextCustomizerFactory$DisableMetricExportContextCustomizer@49964d75, org.springframework.boot.test.autoconfigure.properties.PropertyMappingContextCustomizer@0, org.springframework.boot.test.autoconfigure.web.servlet.WebDriverContextCustomizerFactory$Customizer@27d4a09, org.springframework.boot.test.context.filter.ExcludeFilterContextCustomizer@72437d8d, org.springframework.boot.test.json.DuplicateJsonObjectContextCustomizerFactory$DuplicateJsonObjectContextCustomizer@5a1de7fb, org.springframework.boot.test.mock.mockito.MockitoContextCustomizer@0], contextLoader = 'org.springframework.test.context.support.DelegatingSmartContextLoader', parent = [null]], attributes = map['org.springframework.test.context.event.ApplicationEventsTestExecutionListener.recordApplicationEvents' -> false]]
14:17:13.448 [Test worker] DEBUG org.springframework.test.context.support.AbstractDirtiesContextTestExecutionListener - After test method: context [DefaultTestContext@4dd02341 testClass = PersonTestDAO, testInstance = com.h2Database.demo.test.PersonTestDAO@23aa363a, testMethod = testePersonDAO@PersonTestDAO, testException = [null], mergedContextConfiguration = [MergedContextConfiguration@3212a8d7 testClass = PersonTestDAO, locations = '{}', classes = '{class com.h2Database.demo.config.DataBaseTestsSpringConfig}', contextInitializerClasses = '[]', activeProfiles = '{}', propertySourceLocations = '{}', propertySourceProperties = '{}', contextCustomizers = set[org.springframework.boot.test.autoconfigure.actuate.metrics.MetricsExportContextCustomizerFactory$DisableMetricExportContextCustomizer@49964d75, org.springframework.boot.test.autoconfigure.properties.PropertyMappingContextCustomizer@0, org.springframework.boot.test.autoconfigure.web.servlet.WebDriverContextCustomizerFactory$Customizer@27d4a09, org.springframework.boot.test.context.filter.ExcludeFilterContextCustomizer@72437d8d, org.springframework.boot.test.json.DuplicateJsonObjectContextCustomizerFactory$DuplicateJsonObjectContextCustomizer@5a1de7fb, org.springframework.boot.test.mock.mockito.MockitoContextCustomizer@0], contextLoader = 'org.springframework.test.context.support.DelegatingSmartContextLoader', parent = [null]], attributes = map['org.springframework.test.context.event.ApplicationEventsTestExecutionListener.recordApplicationEvents' -> false]], class annotated with @DirtiesContext [false] with mode [null], method annotated with @DirtiesContext [false] with mode [null].
14:17:13.462 [Test worker] DEBUG org.springframework.test.context.cache.DefaultCacheAwareContextLoaderDelegate - Retrieved ApplicationContext [605982374] from cache with key [[MergedContextConfiguration@3212a8d7 testClass = PersonTestDAO, locations = '{}', classes = '{class com.h2Database.demo.config.DataBaseTestsSpringConfig}', contextInitializerClasses = '[]', activeProfiles = '{}', propertySourceLocations = '{}', propertySourceProperties = '{}', contextCustomizers = set[org.springframework.boot.test.autoconfigure.actuate.metrics.MetricsExportContextCustomizerFactory$DisableMetricExportContextCustomizer@49964d75, org.springframework.boot.test.autoconfigure.properties.PropertyMappingContextCustomizer@0, org.springframework.boot.test.autoconfigure.web.servlet.WebDriverContextCustomizerFactory$Customizer@27d4a09, org.springframework.boot.test.context.filter.ExcludeFilterContextCustomizer@72437d8d, org.springframework.boot.test.json.DuplicateJsonObjectContextCustomizerFactory$DuplicateJsonObjectContextCustomizer@5a1de7fb, org.springframework.boot.test.mock.mockito.MockitoContextCustomizer@0], contextLoader = 'org.springframework.test.context.support.DelegatingSmartContextLoader', parent = [null]]]
14:17:13.462 [Test worker] DEBUG org.springframework.test.context.cache - Spring test ApplicationContext cache statistics: [DefaultContextCache@63a7af06 size = 1, maxSize = 32, parentContextCount = 0, hitCount = 12, missCount = 1]
14:17:13.465 [Test worker] DEBUG org.springframework.test.context.support.AbstractDirtiesContextTestExecutionListener - After test class: context [DefaultTestContext@4dd02341 testClass = PersonTestDAO, testInstance = [null], testMethod = [null], testException = [null], mergedContextConfiguration = [MergedContextConfiguration@3212a8d7 testClass = PersonTestDAO, locations = '{}', classes = '{class com.h2Database.demo.config.DataBaseTestsSpringConfig}', contextInitializerClasses = '[]', activeProfiles = '{}', propertySourceLocations = '{}', propertySourceProperties = '{}', contextCustomizers = set[org.springframework.boot.test.autoconfigure.actuate.metrics.MetricsExportContextCustomizerFactory$DisableMetricExportContextCustomizer@49964d75, org.springframework.boot.test.autoconfigure.properties.PropertyMappingContextCustomizer@0, org.springframework.boot.test.autoconfigure.web.servlet.WebDriverContextCustomizerFactory$Customizer@27d4a09, org.springframework.boot.test.context.filter.ExcludeFilterContextCustomizer@72437d8d, org.springframework.boot.test.json.DuplicateJsonObjectContextCustomizerFactory$DuplicateJsonObjectContextCustomizer@5a1de7fb, org.springframework.boot.test.mock.mockito.MockitoContextCustomizer@0], contextLoader = 'org.springframework.test.context.support.DelegatingSmartContextLoader', parent = [null]], attributes = map['org.springframework.test.context.event.ApplicationEventsTestExecutionListener.recordApplicationEvents' -> false]], class annotated with @DirtiesContext [false] with mode [null].
]]></system-out>
  <system-err><![CDATA[]]></system-err>
</testsuite>
