<?xml version="1.0" encoding="UTF-8"?>
<testsuite name="com.h2Database.demo.test.PersonTestDAO" tests="1" skipped="0" failures="0" errors="0" timestamp="2022-01-12T23:23:38" hostname="DESKTOP-EODC91M" time="0.561">
  <properties/>
  <testcase name="testePersonDAO()" classname="com.h2Database.demo.test.PersonTestDAO" time="0.561"/>
  <system-out><![CDATA[20:23:33.741 [Test worker] DEBUG org.springframework.test.context.BootstrapUtils - Instantiating CacheAwareContextLoaderDelegate from class [org.springframework.test.context.cache.DefaultCacheAwareContextLoaderDelegate]
20:23:33.758 [Test worker] DEBUG org.springframework.test.context.BootstrapUtils - Instantiating BootstrapContext using constructor [public org.springframework.test.context.support.DefaultBootstrapContext(java.lang.Class,org.springframework.test.context.CacheAwareContextLoaderDelegate)]
20:23:33.795 [Test worker] DEBUG org.springframework.test.context.BootstrapUtils - Instantiating TestContextBootstrapper for test class [com.h2Database.demo.test.PersonTestDAO] from class [org.springframework.test.context.support.DefaultTestContextBootstrapper]
20:23:33.828 [Test worker] DEBUG org.springframework.test.context.support.AbstractDelegatingSmartContextLoader - Delegating to AnnotationConfigContextLoader to process context configuration [ContextConfigurationAttributes@5553d0f5 declaringClass = 'com.h2Database.demo.test.PersonTestDAO', classes = '{class com.h2Database.demo.config.DataBaseTestsSpringConfig}', locations = '{}', inheritLocations = true, initializers = '{}', inheritInitializers = true, name = [null], contextLoaderClass = 'org.springframework.test.context.ContextLoader'].
20:23:33.898 [Test worker] DEBUG org.springframework.test.context.support.ActiveProfilesUtils - Could not find an 'annotation declaring class' for annotation type [org.springframework.test.context.ActiveProfiles] and class [com.h2Database.demo.test.PersonTestDAO]
20:23:33.899 [Test worker] DEBUG org.springframework.test.context.support.DefaultTestContextBootstrapper - @TestExecutionListeners is not present for class [com.h2Database.demo.test.PersonTestDAO]: using defaults.
20:23:33.900 [Test worker] INFO org.springframework.test.context.support.DefaultTestContextBootstrapper - Loaded default TestExecutionListener class names from location [META-INF/spring.factories]: [org.springframework.boot.test.autoconfigure.restdocs.RestDocsTestExecutionListener, org.springframework.boot.test.autoconfigure.web.client.MockRestServiceServerResetTestExecutionListener, org.springframework.boot.test.autoconfigure.web.servlet.MockMvcPrintOnlyOnFailureTestExecutionListener, org.springframework.boot.test.autoconfigure.web.servlet.WebDriverTestExecutionListener, org.springframework.boot.test.autoconfigure.webservices.client.MockWebServiceServerTestExecutionListener, org.springframework.boot.test.mock.mockito.MockitoTestExecutionListener, org.springframework.boot.test.mock.mockito.ResetMocksTestExecutionListener, org.springframework.test.context.web.ServletTestExecutionListener, org.springframework.test.context.support.DirtiesContextBeforeModesTestExecutionListener, org.springframework.test.context.event.ApplicationEventsTestExecutionListener, org.springframework.test.context.support.DependencyInjectionTestExecutionListener, org.springframework.test.context.support.DirtiesContextTestExecutionListener, org.springframework.test.context.transaction.TransactionalTestExecutionListener, org.springframework.test.context.jdbc.SqlScriptsTestExecutionListener, org.springframework.test.context.event.EventPublishingTestExecutionListener]
20:23:33.925 [Test worker] INFO org.springframework.test.context.support.DefaultTestContextBootstrapper - Using TestExecutionListeners: [org.springframework.test.context.web.ServletTestExecutionListener@4264b240, org.springframework.test.context.support.DirtiesContextBeforeModesTestExecutionListener@5b04476e, org.springframework.test.context.event.ApplicationEventsTestExecutionListener@5ad10c1a, org.springframework.boot.test.mock.mockito.MockitoTestExecutionListener@6bb75258, org.springframework.test.context.support.DependencyInjectionTestExecutionListener@c260bdc, org.springframework.test.context.support.DirtiesContextTestExecutionListener@75e01201, org.springframework.test.context.transaction.TransactionalTestExecutionListener@2783717b, org.springframework.test.context.jdbc.SqlScriptsTestExecutionListener@76f7d241, org.springframework.test.context.event.EventPublishingTestExecutionListener@4a335fa8, org.springframework.boot.test.autoconfigure.restdocs.RestDocsTestExecutionListener@3f363cf5, org.springframework.boot.test.autoconfigure.web.client.MockRestServiceServerResetTestExecutionListener@3829ac1, org.springframework.boot.test.autoconfigure.web.servlet.MockMvcPrintOnlyOnFailureTestExecutionListener@4baf352a, org.springframework.boot.test.autoconfigure.web.servlet.WebDriverTestExecutionListener@1bb1fde8, org.springframework.boot.test.autoconfigure.webservices.client.MockWebServiceServerTestExecutionListener@15eebbff, org.springframework.boot.test.mock.mockito.ResetMocksTestExecutionListener@22d6f11]
20:23:33.928 [Test worker] DEBUG org.springframework.test.context.support.AbstractDirtiesContextTestExecutionListener - Before test class: context [DefaultTestContext@62fe6067 testClass = PersonTestDAO, testInstance = [null], testMethod = [null], testException = [null], mergedContextConfiguration = [MergedContextConfiguration@4f071df8 testClass = PersonTestDAO, locations = '{}', classes = '{class com.h2Database.demo.config.DataBaseTestsSpringConfig}', contextInitializerClasses = '[]', activeProfiles = '{}', propertySourceLocations = '{}', propertySourceProperties = '{}', contextCustomizers = set[org.springframework.boot.test.autoconfigure.actuate.metrics.MetricsExportContextCustomizerFactory$DisableMetricExportContextCustomizer@320de594, org.springframework.boot.test.autoconfigure.properties.PropertyMappingContextCustomizer@0, org.springframework.boot.test.autoconfigure.web.servlet.WebDriverContextCustomizerFactory$Customizer@6cfcd46d, org.springframework.boot.test.context.filter.ExcludeFilterContextCustomizer@26425897, org.springframework.boot.test.json.DuplicateJsonObjectContextCustomizerFactory$DuplicateJsonObjectContextCustomizer@56a4479a, org.springframework.boot.test.mock.mockito.MockitoContextCustomizer@0], contextLoader = 'org.springframework.test.context.support.DelegatingSmartContextLoader', parent = [null]], attributes = map[[empty]]], class annotated with @DirtiesContext [false] with mode [null].
20:23:33.951 [Test worker] DEBUG org.springframework.test.context.support.DependencyInjectionTestExecutionListener - Performing dependency injection for test context [[DefaultTestContext@62fe6067 testClass = PersonTestDAO, testInstance = com.h2Database.demo.test.PersonTestDAO@42a9e5d1, testMethod = [null], testException = [null], mergedContextConfiguration = [MergedContextConfiguration@4f071df8 testClass = PersonTestDAO, locations = '{}', classes = '{class com.h2Database.demo.config.DataBaseTestsSpringConfig}', contextInitializerClasses = '[]', activeProfiles = '{}', propertySourceLocations = '{}', propertySourceProperties = '{}', contextCustomizers = set[org.springframework.boot.test.autoconfigure.actuate.metrics.MetricsExportContextCustomizerFactory$DisableMetricExportContextCustomizer@320de594, org.springframework.boot.test.autoconfigure.properties.PropertyMappingContextCustomizer@0, org.springframework.boot.test.autoconfigure.web.servlet.WebDriverContextCustomizerFactory$Customizer@6cfcd46d, org.springframework.boot.test.context.filter.ExcludeFilterContextCustomizer@26425897, org.springframework.boot.test.json.DuplicateJsonObjectContextCustomizerFactory$DuplicateJsonObjectContextCustomizer@56a4479a, org.springframework.boot.test.mock.mockito.MockitoContextCustomizer@0], contextLoader = 'org.springframework.test.context.support.DelegatingSmartContextLoader', parent = [null]], attributes = map['org.springframework.test.context.event.ApplicationEventsTestExecutionListener.recordApplicationEvents' -> false]]].
20:23:33.952 [Test worker] DEBUG org.springframework.test.context.support.AbstractDelegatingSmartContextLoader - Delegating to AnnotationConfigContextLoader to load context from [MergedContextConfiguration@4f071df8 testClass = PersonTestDAO, locations = '{}', classes = '{class com.h2Database.demo.config.DataBaseTestsSpringConfig}', contextInitializerClasses = '[]', activeProfiles = '{}', propertySourceLocations = '{}', propertySourceProperties = '{}', contextCustomizers = set[org.springframework.boot.test.autoconfigure.actuate.metrics.MetricsExportContextCustomizerFactory$DisableMetricExportContextCustomizer@320de594, org.springframework.boot.test.autoconfigure.properties.PropertyMappingContextCustomizer@0, org.springframework.boot.test.autoconfigure.web.servlet.WebDriverContextCustomizerFactory$Customizer@6cfcd46d, org.springframework.boot.test.context.filter.ExcludeFilterContextCustomizer@26425897, org.springframework.boot.test.json.DuplicateJsonObjectContextCustomizerFactory$DuplicateJsonObjectContextCustomizer@56a4479a, org.springframework.boot.test.mock.mockito.MockitoContextCustomizer@0], contextLoader = 'org.springframework.test.context.support.DelegatingSmartContextLoader', parent = [null]].
20:23:33.952 [Test worker] DEBUG org.springframework.test.context.support.AbstractGenericContextLoader - Loading ApplicationContext for merged context configuration [[MergedContextConfiguration@4f071df8 testClass = PersonTestDAO, locations = '{}', classes = '{class com.h2Database.demo.config.DataBaseTestsSpringConfig}', contextInitializerClasses = '[]', activeProfiles = '{}', propertySourceLocations = '{}', propertySourceProperties = '{}', contextCustomizers = set[org.springframework.boot.test.autoconfigure.actuate.metrics.MetricsExportContextCustomizerFactory$DisableMetricExportContextCustomizer@320de594, org.springframework.boot.test.autoconfigure.properties.PropertyMappingContextCustomizer@0, org.springframework.boot.test.autoconfigure.web.servlet.WebDriverContextCustomizerFactory$Customizer@6cfcd46d, org.springframework.boot.test.context.filter.ExcludeFilterContextCustomizer@26425897, org.springframework.boot.test.json.DuplicateJsonObjectContextCustomizerFactory$DuplicateJsonObjectContextCustomizer@56a4479a, org.springframework.boot.test.mock.mockito.MockitoContextCustomizer@0], contextLoader = 'org.springframework.test.context.support.DelegatingSmartContextLoader', parent = [null]]].
20:23:34.006 [Test worker] DEBUG org.springframework.core.env.StandardEnvironment - Activating profiles []
20:23:34.007 [Test worker] DEBUG org.springframework.test.context.support.AnnotationConfigContextLoader - Registering component classes: {class com.h2Database.demo.config.DataBaseTestsSpringConfig}
20:23:34.090 [Test worker] DEBUG org.springframework.context.support.GenericApplicationContext - Refreshing org.springframework.context.support.GenericApplicationContext@f27ea3
20:23:34.119 [Test worker] DEBUG org.springframework.beans.factory.support.DefaultListableBeanFactory - Creating shared instance of singleton bean 'org.springframework.context.annotation.internalConfigurationAnnotationProcessor'
20:23:34.238 [Test worker] DEBUG org.springframework.context.annotation.ClassPathBeanDefinitionScanner - Identified candidate component class: file [C:\Users\yuri\IdeaProjects\spring-boot-project-integration-H2-database\build\classes\java\test\com\h2Database\demo\config\TestsConfig.class]
20:23:34.262 [Test worker] DEBUG org.springframework.context.annotation.ClassPathBeanDefinitionScanner - Identified candidate component class: file [C:\Users\yuri\IdeaProjects\spring-boot-project-integration-H2-database\build\classes\java\main\com\h2Database\demo\DemoApplication.class]
20:23:34.270 [Test worker] DEBUG org.springframework.context.annotation.ClassPathBeanDefinitionScanner - Ignored because not a concrete top-level class: file [C:\Users\yuri\IdeaProjects\spring-boot-project-integration-H2-database\build\classes\java\main\com\h2Database\demo\repository\PersonRepository.class]
20:23:34.272 [Test worker] DEBUG org.springframework.context.annotation.ClassPathBeanDefinitionScanner - Identified candidate component class: file [C:\Users\yuri\IdeaProjects\spring-boot-project-integration-H2-database\build\classes\java\main\com\h2Database\demo\service\PersonService.class]
20:23:34.287 [Test worker] DEBUG org.springframework.context.annotation.ClassPathBeanDefinitionScanner - Identified candidate component class: file [C:\Users\yuri\IdeaProjects\spring-boot-project-integration-H2-database\build\classes\java\main\com\h2Database\demo\service\PersonService.class]
20:23:35.042 [Test worker] INFO org.springframework.data.repository.config.RepositoryConfigurationDelegate - Bootstrapping Spring Data JPA repositories in DEFAULT mode.
20:23:35.053 [Test worker] DEBUG org.springframework.beans.factory.support.DefaultListableBeanFactory - Creating shared instance of singleton bean 'org.springframework.boot.autoconfigure.AutoConfigurationPackages'
20:23:35.053 [Test worker] DEBUG org.springframework.boot.autoconfigure.AutoConfigurationPackages - @EnableAutoConfiguration was declared on a class in the package 'com.h2Database.demo'. Automatic @Repository and @Entity scanning is enabled.
20:23:35.055 [Test worker] DEBUG org.springframework.data.repository.config.RepositoryConfigurationDelegate - Scanning for JPA repositories in packages com.h2Database.demo.
20:23:35.080 [Test worker] DEBUG org.springframework.data.repository.config.RepositoryComponentProvider - Identified candidate component class: file [C:\Users\yuri\IdeaProjects\spring-boot-project-integration-H2-database\build\classes\java\main\com\h2Database\demo\repository\PersonRepository.class]
20:23:35.145 [Test worker] INFO org.springframework.data.repository.config.RepositoryConfigurationDelegate - Finished Spring Data repository scanning in 89 ms. Found 1 JPA repository interfaces.
20:23:35.326 [Test worker] DEBUG org.springframework.beans.factory.support.DefaultListableBeanFactory - Creating shared instance of singleton bean 'propertySourcesPlaceholderConfigurer'
20:23:35.332 [Test worker] DEBUG org.springframework.beans.factory.support.DefaultListableBeanFactory - Creating shared instance of singleton bean 'org.springframework.boot.test.mock.mockito.MockitoPostProcessor'
20:23:35.345 [Test worker] DEBUG org.springframework.beans.factory.support.DefaultListableBeanFactory - Creating shared instance of singleton bean 'emBeanDefinitionRegistrarPostProcessor'
20:23:35.346 [Test worker] DEBUG org.springframework.beans.factory.support.DefaultListableBeanFactory - Creating shared instance of singleton bean 'org.springframework.boot.sql.init.dependency.DatabaseInitializationDependencyConfigurer$DependsOnDatabaseInitializationPostProcessor'
20:23:35.394 [Test worker] DEBUG org.springframework.beans.factory.support.DefaultListableBeanFactory - Creating shared instance of singleton bean 'org.springframework.context.event.internalEventListenerProcessor'
20:23:35.396 [Test worker] DEBUG org.springframework.beans.factory.support.DefaultListableBeanFactory - Creating shared instance of singleton bean 'org.springframework.context.event.internalEventListenerFactory'
20:23:35.396 [Test worker] DEBUG org.springframework.beans.factory.support.DefaultListableBeanFactory - Creating shared instance of singleton bean 'org.springframework.transaction.config.internalTransactionalEventListenerFactory'
20:23:35.400 [Test worker] DEBUG org.springframework.beans.factory.support.DefaultListableBeanFactory - Creating shared instance of singleton bean 'org.springframework.context.annotation.internalAutowiredAnnotationProcessor'
20:23:35.403 [Test worker] DEBUG org.springframework.beans.factory.support.DefaultListableBeanFactory - Creating shared instance of singleton bean 'org.springframework.context.annotation.internalCommonAnnotationProcessor'
20:23:35.408 [Test worker] DEBUG org.springframework.beans.factory.support.DefaultListableBeanFactory - Creating shared instance of singleton bean 'org.springframework.context.annotation.internalPersistenceAnnotationProcessor'
20:23:35.408 [Test worker] DEBUG org.springframework.beans.factory.support.DefaultListableBeanFactory - Creating shared instance of singleton bean 'org.springframework.boot.test.mock.mockito.MockitoPostProcessor$SpyPostProcessor'
20:23:35.409 [Test worker] DEBUG org.springframework.beans.factory.support.DefaultListableBeanFactory - Creating shared instance of singleton bean 'org.springframework.boot.context.properties.ConfigurationPropertiesBindingPostProcessor'
20:23:35.410 [Test worker] DEBUG org.springframework.beans.factory.support.DefaultListableBeanFactory - Creating shared instance of singleton bean 'org.springframework.boot.context.internalConfigurationPropertiesBinder'
20:23:35.410 [Test worker] DEBUG org.springframework.beans.factory.support.DefaultListableBeanFactory - Creating shared instance of singleton bean 'org.springframework.boot.context.internalConfigurationPropertiesBinderFactory'
20:23:35.413 [Test worker] DEBUG org.springframework.beans.factory.support.DefaultListableBeanFactory - Creating shared instance of singleton bean 'org.springframework.aop.config.internalAutoProxyCreator'
20:23:35.497 [Test worker] DEBUG org.springframework.beans.factory.support.DefaultListableBeanFactory - Creating shared instance of singleton bean 'persistenceExceptionTranslationPostProcessor'
20:23:35.511 [Test worker] DEBUG org.springframework.beans.factory.support.DefaultListableBeanFactory - Autowiring by type from bean name 'persistenceExceptionTranslationPostProcessor' via factory method to bean named 'environment'
20:23:35.529 [Test worker] DEBUG org.springframework.beans.factory.support.DefaultListableBeanFactory - Creating shared instance of singleton bean 'dataSourceScriptDatabaseInitializer'
20:23:35.530 [Test worker] DEBUG org.springframework.beans.factory.support.DefaultListableBeanFactory - Creating shared instance of singleton bean 'org.springframework.transaction.config.internalTransactionAdvisor'
20:23:35.530 [Test worker] DEBUG org.springframework.beans.factory.support.DefaultListableBeanFactory - Creating shared instance of singleton bean 'org.springframework.transaction.annotation.ProxyTransactionManagementConfiguration'
20:23:35.547 [Test worker] DEBUG org.springframework.beans.factory.support.DefaultListableBeanFactory - Creating shared instance of singleton bean 'transactionAttributeSource'
20:23:35.557 [Test worker] DEBUG org.springframework.beans.factory.support.DefaultListableBeanFactory - Creating shared instance of singleton bean 'transactionInterceptor'
20:23:35.559 [Test worker] DEBUG org.springframework.beans.factory.support.DefaultListableBeanFactory - Autowiring by type from bean name 'transactionInterceptor' via factory method to bean named 'transactionAttributeSource'
20:23:35.580 [Test worker] DEBUG org.springframework.beans.factory.support.DefaultListableBeanFactory - Autowiring by type from bean name 'org.springframework.transaction.config.internalTransactionAdvisor' via factory method to bean named 'transactionAttributeSource'
20:23:35.580 [Test worker] DEBUG org.springframework.beans.factory.support.DefaultListableBeanFactory - Autowiring by type from bean name 'org.springframework.transaction.config.internalTransactionAdvisor' via factory method to bean named 'transactionInterceptor'
20:23:35.594 [Test worker] DEBUG org.springframework.beans.factory.support.DefaultListableBeanFactory - Creating shared instance of singleton bean 'org.springframework.boot.autoconfigure.sql.init.DataSourceInitializationConfiguration'
20:23:35.599 [Test worker] DEBUG org.springframework.beans.factory.support.DefaultListableBeanFactory - Creating shared instance of singleton bean 'dataSource'
20:23:35.599 [Test worker] DEBUG org.springframework.beans.factory.support.DefaultListableBeanFactory - Creating shared instance of singleton bean 'dataBaseTestsSpringConfig'
20:23:35.621 [Test worker] DEBUG com.zaxxer.hikari.HikariConfig - Driver class org.h2.Driver found in Thread context class loader jdk.internal.loader.ClassLoaders$AppClassLoader@2cdf8d8a
20:23:35.646 [Test worker] DEBUG org.springframework.beans.factory.support.DefaultListableBeanFactory - Creating shared instance of singleton bean 'spring.sql.init-org.springframework.boot.autoconfigure.sql.init.SqlInitializationProperties'
20:23:35.653 [Test worker] DEBUG org.springframework.beans.factory.support.DefaultListableBeanFactory - Creating shared instance of singleton bean 'org.springframework.boot.context.properties.BoundConfigurationProperties'
20:23:35.674 [Test worker] DEBUG org.springframework.beans.factory.support.DefaultListableBeanFactory - Autowiring by type from bean name 'dataSourceScriptDatabaseInitializer' via factory method to bean named 'dataSource'
20:23:35.675 [Test worker] DEBUG org.springframework.beans.factory.support.DefaultListableBeanFactory - Autowiring by type from bean name 'dataSourceScriptDatabaseInitializer' via factory method to bean named 'spring.sql.init-org.springframework.boot.autoconfigure.sql.init.SqlInitializationProperties'
20:23:35.708 [Test worker] DEBUG org.springframework.jdbc.datasource.DataSourceUtils - Fetching JDBC Connection from DataSource
20:23:35.709 [Test worker] DEBUG com.zaxxer.hikari.HikariConfig - HikariPool-1 - configuration:
20:23:35.713 [Test worker] DEBUG com.zaxxer.hikari.HikariConfig - allowPoolSuspension................................false
20:23:35.714 [Test worker] DEBUG com.zaxxer.hikari.HikariConfig - autoCommit................................true
20:23:35.714 [Test worker] DEBUG com.zaxxer.hikari.HikariConfig - catalog................................none
20:23:35.714 [Test worker] DEBUG com.zaxxer.hikari.HikariConfig - connectionInitSql................................none
20:23:35.715 [Test worker] DEBUG com.zaxxer.hikari.HikariConfig - connectionTestQuery................................none
20:23:35.715 [Test worker] DEBUG com.zaxxer.hikari.HikariConfig - connectionTimeout................................30000
20:23:35.715 [Test worker] DEBUG com.zaxxer.hikari.HikariConfig - dataSource................................none
20:23:35.715 [Test worker] DEBUG com.zaxxer.hikari.HikariConfig - dataSourceClassName................................none
20:23:35.715 [Test worker] DEBUG com.zaxxer.hikari.HikariConfig - dataSourceJNDI................................none
20:23:35.716 [Test worker] DEBUG com.zaxxer.hikari.HikariConfig - dataSourceProperties................................{password=<masked>}
20:23:35.716 [Test worker] DEBUG com.zaxxer.hikari.HikariConfig - driverClassName................................"org.h2.Driver"
20:23:35.716 [Test worker] DEBUG com.zaxxer.hikari.HikariConfig - exceptionOverrideClassName................................none
20:23:35.717 [Test worker] DEBUG com.zaxxer.hikari.HikariConfig - healthCheckProperties................................{}
20:23:35.717 [Test worker] DEBUG com.zaxxer.hikari.HikariConfig - healthCheckRegistry................................none
20:23:35.717 [Test worker] DEBUG com.zaxxer.hikari.HikariConfig - idleTimeout................................600000
20:23:35.717 [Test worker] DEBUG com.zaxxer.hikari.HikariConfig - initializationFailTimeout................................1
20:23:35.718 [Test worker] DEBUG com.zaxxer.hikari.HikariConfig - isolateInternalQueries................................false
20:23:35.718 [Test worker] DEBUG com.zaxxer.hikari.HikariConfig - jdbcUrl................................jdbc:h2:mem:test;DB_CLOSE_ON_EXIT=FALSE
20:23:35.718 [Test worker] DEBUG com.zaxxer.hikari.HikariConfig - keepaliveTime................................0
20:23:35.719 [Test worker] DEBUG com.zaxxer.hikari.HikariConfig - leakDetectionThreshold................................0
20:23:35.719 [Test worker] DEBUG com.zaxxer.hikari.HikariConfig - maxLifetime................................1800000
20:23:35.719 [Test worker] DEBUG com.zaxxer.hikari.HikariConfig - maximumPoolSize................................10
20:23:35.719 [Test worker] DEBUG com.zaxxer.hikari.HikariConfig - metricRegistry................................none
20:23:35.719 [Test worker] DEBUG com.zaxxer.hikari.HikariConfig - metricsTrackerFactory................................none
20:23:35.719 [Test worker] DEBUG com.zaxxer.hikari.HikariConfig - minimumIdle................................10
20:23:35.719 [Test worker] DEBUG com.zaxxer.hikari.HikariConfig - password................................<masked>
20:23:35.719 [Test worker] DEBUG com.zaxxer.hikari.HikariConfig - poolName................................"HikariPool-1"
20:23:35.719 [Test worker] DEBUG com.zaxxer.hikari.HikariConfig - readOnly................................false
20:23:35.719 [Test worker] DEBUG com.zaxxer.hikari.HikariConfig - registerMbeans................................false
20:23:35.719 [Test worker] DEBUG com.zaxxer.hikari.HikariConfig - scheduledExecutor................................none
20:23:35.720 [Test worker] DEBUG com.zaxxer.hikari.HikariConfig - schema................................none
20:23:35.720 [Test worker] DEBUG com.zaxxer.hikari.HikariConfig - threadFactory................................internal
20:23:35.720 [Test worker] DEBUG com.zaxxer.hikari.HikariConfig - transactionIsolation................................default
20:23:35.720 [Test worker] DEBUG com.zaxxer.hikari.HikariConfig - username................................"sa"
20:23:35.720 [Test worker] DEBUG com.zaxxer.hikari.HikariConfig - validationTimeout................................5000
20:23:35.720 [Test worker] INFO com.zaxxer.hikari.HikariDataSource - HikariPool-1 - Starting...
20:23:35.977 [Test worker] DEBUG com.zaxxer.hikari.pool.HikariPool - HikariPool-1 - Added connection conn0: url=jdbc:h2:mem:test user=SA
20:23:35.979 [Test worker] INFO com.zaxxer.hikari.HikariDataSource - HikariPool-1 - Start completed.
20:23:36.005 [Test worker] DEBUG org.springframework.jdbc.datasource.DataSourceUtils - Fetching JDBC Connection from DataSource
20:23:36.006 [Test worker] DEBUG org.springframework.jdbc.datasource.init.ScriptUtils - Executing SQL script from URL [file:/C:/Users/yuri/IdeaProjects/spring-boot-project-integration-H2-database/build/resources/test/schema.sql]
20:23:36.023 [Test worker] DEBUG org.springframework.jdbc.datasource.init.ScriptUtils - 0 returned as update count for SQL: CREATE TABLE IF NOT EXISTS `person` ( `id` int(10) unsigned NOT NULL AUTO_INCREMENT, `name` varchar(32) NOT NULL )
20:23:36.023 [Test worker] DEBUG org.springframework.jdbc.datasource.init.ScriptUtils - Executed SQL script from URL [file:/C:/Users/yuri/IdeaProjects/spring-boot-project-integration-H2-database/build/resources/test/schema.sql] in 17 ms.
20:23:36.024 [Test worker] DEBUG org.springframework.jdbc.datasource.DataSourceUtils - Fetching JDBC Connection from DataSource
20:23:36.025 [Test worker] DEBUG org.springframework.jdbc.datasource.DataSourceUtils - Fetching JDBC Connection from DataSource
20:23:36.025 [Test worker] DEBUG org.springframework.jdbc.datasource.init.ScriptUtils - Executing SQL script from URL [file:/C:/Users/yuri/IdeaProjects/spring-boot-project-integration-H2-database/build/resources/test/data.sql]
20:23:36.027 [Test worker] DEBUG org.springframework.jdbc.datasource.init.ScriptUtils - 1 returned as update count for SQL: INSERT INTO person (id, name) VALUES (1, 'Daniel')
20:23:36.028 [Test worker] DEBUG org.springframework.jdbc.datasource.init.ScriptUtils - 1 returned as update count for SQL: INSERT INTO person (id, name) VALUES (2, 'Joao')
20:23:36.029 [Test worker] DEBUG org.springframework.jdbc.datasource.init.ScriptUtils - 1 returned as update count for SQL: INSERT INTO person (id, name) VALUES (3, 'Mauricio')
20:23:36.029 [Test worker] DEBUG org.springframework.jdbc.datasource.init.ScriptUtils - 1 returned as update count for SQL: INSERT INTO person (id, name) VALUES (4, 'Antonio')
20:23:36.030 [Test worker] DEBUG org.springframework.jdbc.datasource.init.ScriptUtils - 1 returned as update count for SQL: INSERT INTO person (id, name) VALUES (5, 'David')
20:23:36.030 [Test worker] DEBUG org.springframework.jdbc.datasource.init.ScriptUtils - 1 returned as update count for SQL: INSERT INTO person (id, name) VALUES (6, 'Luiz')
20:23:36.031 [Test worker] DEBUG org.springframework.jdbc.datasource.init.ScriptUtils - 1 returned as update count for SQL: INSERT INTO person (id, name) VALUES (7, 'Fernanda')
20:23:36.031 [Test worker] DEBUG org.springframework.jdbc.datasource.init.ScriptUtils - Executed SQL script from URL [file:/C:/Users/yuri/IdeaProjects/spring-boot-project-integration-H2-database/build/resources/test/data.sql] in 6 ms.
20:23:36.031 [Test worker] DEBUG org.springframework.beans.factory.support.DefaultListableBeanFactory - Creating shared instance of singleton bean 'entityManagerFactory'
20:23:36.032 [Test worker] DEBUG org.springframework.beans.factory.support.DefaultListableBeanFactory - Creating shared instance of singleton bean 'org.springframework.boot.autoconfigure.orm.jpa.HibernateJpaConfiguration'
20:23:36.035 [Test worker] DEBUG org.springframework.beans.factory.support.DefaultListableBeanFactory - Creating shared instance of singleton bean 'spring.jpa-org.springframework.boot.autoconfigure.orm.jpa.JpaProperties'
20:23:36.056 [Test worker] DEBUG org.springframework.beans.factory.support.DefaultListableBeanFactory - Creating shared instance of singleton bean 'spring.jpa.hibernate-org.springframework.boot.autoconfigure.orm.jpa.HibernateProperties'
20:23:36.062 [Test worker] DEBUG org.springframework.beans.factory.support.DefaultListableBeanFactory - Autowiring by type from bean name 'org.springframework.boot.autoconfigure.orm.jpa.HibernateJpaConfiguration' via constructor to bean named 'dataSource'
20:23:36.062 [Test worker] DEBUG org.springframework.beans.factory.support.DefaultListableBeanFactory - Autowiring by type from bean name 'org.springframework.boot.autoconfigure.orm.jpa.HibernateJpaConfiguration' via constructor to bean named 'spring.jpa-org.springframework.boot.autoconfigure.orm.jpa.JpaProperties'
20:23:36.062 [Test worker] DEBUG org.springframework.beans.factory.support.DefaultListableBeanFactory - Autowiring by type from bean name 'org.springframework.boot.autoconfigure.orm.jpa.HibernateJpaConfiguration' via constructor to bean named 'org.springframework.beans.factory.support.DefaultListableBeanFactory@ecf9049'
20:23:36.062 [Test worker] DEBUG org.springframework.beans.factory.support.DefaultListableBeanFactory - Autowiring by type from bean name 'org.springframework.boot.autoconfigure.orm.jpa.HibernateJpaConfiguration' via constructor to bean named 'spring.jpa.hibernate-org.springframework.boot.autoconfigure.orm.jpa.HibernateProperties'
20:23:36.064 [Test worker] DEBUG org.springframework.beans.factory.support.DefaultListableBeanFactory - Creating shared instance of singleton bean 'hikariPoolDataSourceMetadataProvider'
20:23:36.065 [Test worker] DEBUG org.springframework.beans.factory.support.DefaultListableBeanFactory - Creating shared instance of singleton bean 'org.springframework.boot.autoconfigure.jdbc.metadata.DataSourcePoolMetadataProvidersConfiguration$HikariPoolDataSourceMetadataProviderConfiguration'
20:23:36.084 [Test worker] DEBUG org.springframework.beans.factory.support.DefaultListableBeanFactory - Creating shared instance of singleton bean 'entityManagerFactoryBuilder'
20:23:36.085 [Test worker] DEBUG org.springframework.beans.factory.support.DefaultListableBeanFactory - Creating shared instance of singleton bean 'jpaVendorAdapter'
20:23:36.103 [HikariPool-1 housekeeper] DEBUG com.zaxxer.hikari.pool.HikariPool - HikariPool-1 - Pool stats (total=1, active=0, idle=1, waiting=0)
20:23:36.121 [HikariPool-1 connection adder] DEBUG com.zaxxer.hikari.pool.HikariPool - HikariPool-1 - Added connection conn1: url=jdbc:h2:mem:test user=SA
20:23:36.123 [HikariPool-1 connection adder] DEBUG com.zaxxer.hikari.pool.HikariPool - HikariPool-1 - Added connection conn2: url=jdbc:h2:mem:test user=SA
20:23:36.124 [HikariPool-1 connection adder] DEBUG com.zaxxer.hikari.pool.HikariPool - HikariPool-1 - Added connection conn3: url=jdbc:h2:mem:test user=SA
20:23:36.125 [HikariPool-1 connection adder] DEBUG com.zaxxer.hikari.pool.HikariPool - HikariPool-1 - Added connection conn4: url=jdbc:h2:mem:test user=SA
20:23:36.126 [HikariPool-1 connection adder] DEBUG com.zaxxer.hikari.pool.HikariPool - HikariPool-1 - Added connection conn5: url=jdbc:h2:mem:test user=SA
20:23:36.127 [HikariPool-1 connection adder] DEBUG com.zaxxer.hikari.pool.HikariPool - HikariPool-1 - Added connection conn6: url=jdbc:h2:mem:test user=SA
20:23:36.128 [HikariPool-1 connection adder] DEBUG com.zaxxer.hikari.pool.HikariPool - HikariPool-1 - Added connection conn7: url=jdbc:h2:mem:test user=SA
20:23:36.128 [HikariPool-1 connection adder] DEBUG com.zaxxer.hikari.pool.HikariPool - HikariPool-1 - Added connection conn8: url=jdbc:h2:mem:test user=SA
20:23:36.128 [HikariPool-1 connection adder] DEBUG com.zaxxer.hikari.pool.HikariPool - HikariPool-1 - Added connection conn9: url=jdbc:h2:mem:test user=SA
20:23:36.129 [HikariPool-1 connection adder] DEBUG com.zaxxer.hikari.pool.HikariPool - HikariPool-1 - After adding stats (total=10, active=0, idle=10, waiting=0)
20:23:36.185 [Test worker] DEBUG org.jboss.logging - Logging Provider: org.jboss.logging.Log4j2LoggerProvider
20:23:36.198 [Test worker] DEBUG org.springframework.beans.factory.support.DefaultListableBeanFactory - Autowiring by type from bean name 'entityManagerFactoryBuilder' via factory method to bean named 'jpaVendorAdapter'
20:23:36.203 [Test worker] DEBUG org.springframework.beans.factory.support.DefaultListableBeanFactory - Autowiring by type from bean name 'entityManagerFactory' via factory method to bean named 'entityManagerFactoryBuilder'
20:23:36.256 [Test worker] DEBUG org.springframework.orm.jpa.LocalContainerEntityManagerFactoryBean - Building JPA container EntityManagerFactory for persistence unit 'default'
20:23:36.285 [Test worker] DEBUG org.hibernate.jpa.internal.util.LogHelper - PersistenceUnitInfo [
	name: default
	persistence provider classname: null
	classloader: jdk.internal.loader.ClassLoaders$AppClassLoader@2cdf8d8a
	excludeUnlistedClasses: true
	JTA datasource: null
	Non JTA datasource: HikariDataSource (HikariPool-1)
	Transaction type: RESOURCE_LOCAL
	PU root URL: file:/C:/Users/yuri/IdeaProjects/spring-boot-project-integration-H2-database/build/classes/java/test/
	Shared Cache Mode: UNSPECIFIED
	Validation Mode: AUTO
	Jar files URLs []
	Managed classes names [
		com.h2Database.demo.model.Person]
	Mapping files names []
	Properties []
20:23:36.305 [Test worker] DEBUG org.hibernate.integrator.internal.IntegratorServiceImpl - Adding Integrator [org.hibernate.cfg.beanvalidation.BeanValidationIntegrator].
20:23:36.308 [Test worker] DEBUG org.hibernate.integrator.internal.IntegratorServiceImpl - Adding Integrator [org.hibernate.secure.spi.JaccIntegrator].
20:23:36.311 [Test worker] DEBUG org.hibernate.integrator.internal.IntegratorServiceImpl - Adding Integrator [org.hibernate.cache.internal.CollectionCacheInvalidator].
20:23:36.381 [Test worker] INFO org.hibernate.Version - HHH000412: Hibernate ORM core version 5.6.3.Final
20:23:36.383 [Test worker] DEBUG org.hibernate.cfg.Environment - HHH000206: hibernate.properties not found
20:23:36.597 [Test worker] DEBUG org.hibernate.service.spi.ServiceBinding - Overriding existing service binding [org.hibernate.secure.spi.JaccService]
20:23:36.616 [Test worker] DEBUG org.hibernate.cache.internal.RegionFactoryInitiator - Cannot default RegionFactory based on registered strategies as `[]` RegionFactory strategies were registered
20:23:36.617 [Test worker] DEBUG org.hibernate.cache.internal.RegionFactoryInitiator - Cache region factory : org.hibernate.cache.internal.NoCachingRegionFactory
20:23:36.644 [Test worker] INFO org.hibernate.annotations.common.Version - HCANN000001: Hibernate Commons Annotations {5.1.2.Final}
20:23:36.694 [Test worker] DEBUG org.hibernate.type.BasicTypeRegistry - Adding type registration boolean -> org.hibernate.type.BooleanType@69ed5ea2
20:23:36.695 [Test worker] DEBUG org.hibernate.type.BasicTypeRegistry - Adding type registration boolean -> org.hibernate.type.BooleanType@69ed5ea2
20:23:36.695 [Test worker] DEBUG org.hibernate.type.BasicTypeRegistry - Adding type registration java.lang.Boolean -> org.hibernate.type.BooleanType@69ed5ea2
20:23:36.696 [Test worker] DEBUG org.hibernate.type.BasicTypeRegistry - Adding type registration numeric_boolean -> org.hibernate.type.NumericBooleanType@551be9f6
20:23:36.697 [Test worker] DEBUG org.hibernate.type.BasicTypeRegistry - Adding type registration true_false -> org.hibernate.type.TrueFalseType@4a864d4d
20:23:36.698 [Test worker] DEBUG org.hibernate.type.BasicTypeRegistry - Adding type registration yes_no -> org.hibernate.type.YesNoType@3c28e5b6
20:23:36.699 [Test worker] DEBUG org.hibernate.type.BasicTypeRegistry - Adding type registration byte -> org.hibernate.type.ByteType@2faa55bb
20:23:36.700 [Test worker] DEBUG org.hibernate.type.BasicTypeRegistry - Adding type registration byte -> org.hibernate.type.ByteType@2faa55bb
20:23:36.700 [Test worker] DEBUG org.hibernate.type.BasicTypeRegistry - Adding type registration java.lang.Byte -> org.hibernate.type.ByteType@2faa55bb
20:23:36.701 [Test worker] DEBUG org.hibernate.type.BasicTypeRegistry - Adding type registration character -> org.hibernate.type.CharacterType@53a50b0a
20:23:36.702 [Test worker] DEBUG org.hibernate.type.BasicTypeRegistry - Adding type registration char -> org.hibernate.type.CharacterType@53a50b0a
20:23:36.702 [Test worker] DEBUG org.hibernate.type.BasicTypeRegistry - Adding type registration java.lang.Character -> org.hibernate.type.CharacterType@53a50b0a
20:23:36.703 [Test worker] DEBUG org.hibernate.type.BasicTypeRegistry - Adding type registration short -> org.hibernate.type.ShortType@3c7279a5
20:23:36.703 [Test worker] DEBUG org.hibernate.type.BasicTypeRegistry - Adding type registration short -> org.hibernate.type.ShortType@3c7279a5
20:23:36.704 [Test worker] DEBUG org.hibernate.type.BasicTypeRegistry - Adding type registration java.lang.Short -> org.hibernate.type.ShortType@3c7279a5
20:23:36.705 [Test worker] DEBUG org.hibernate.type.BasicTypeRegistry - Adding type registration integer -> org.hibernate.type.IntegerType@f882465
20:23:36.705 [Test worker] DEBUG org.hibernate.type.BasicTypeRegistry - Adding type registration int -> org.hibernate.type.IntegerType@f882465
20:23:36.706 [Test worker] DEBUG org.hibernate.type.BasicTypeRegistry - Adding type registration java.lang.Integer -> org.hibernate.type.IntegerType@f882465
20:23:36.707 [Test worker] DEBUG org.hibernate.type.BasicTypeRegistry - Adding type registration long -> org.hibernate.type.LongType@5e85c21b
20:23:36.707 [Test worker] DEBUG org.hibernate.type.BasicTypeRegistry - Adding type registration long -> org.hibernate.type.LongType@5e85c21b
20:23:36.707 [Test worker] DEBUG org.hibernate.type.BasicTypeRegistry - Adding type registration java.lang.Long -> org.hibernate.type.LongType@5e85c21b
20:23:36.709 [Test worker] DEBUG org.hibernate.type.BasicTypeRegistry - Adding type registration float -> org.hibernate.type.FloatType@26e8ff8c
20:23:36.709 [Test worker] DEBUG org.hibernate.type.BasicTypeRegistry - Adding type registration float -> org.hibernate.type.FloatType@26e8ff8c
20:23:36.709 [Test worker] DEBUG org.hibernate.type.BasicTypeRegistry - Adding type registration java.lang.Float -> org.hibernate.type.FloatType@26e8ff8c
20:23:36.710 [Test worker] DEBUG org.hibernate.type.BasicTypeRegistry - Adding type registration double -> org.hibernate.type.DoubleType@7abeabe9
20:23:36.710 [Test worker] DEBUG org.hibernate.type.BasicTypeRegistry - Adding type registration double -> org.hibernate.type.DoubleType@7abeabe9
20:23:36.710 [Test worker] DEBUG org.hibernate.type.BasicTypeRegistry - Adding type registration java.lang.Double -> org.hibernate.type.DoubleType@7abeabe9
20:23:36.712 [Test worker] DEBUG org.hibernate.type.BasicTypeRegistry - Adding type registration big_decimal -> org.hibernate.type.BigDecimalType@5a4dda2
20:23:36.712 [Test worker] DEBUG org.hibernate.type.BasicTypeRegistry - Adding type registration java.math.BigDecimal -> org.hibernate.type.BigDecimalType@5a4dda2
20:23:36.713 [Test worker] DEBUG org.hibernate.type.BasicTypeRegistry - Adding type registration big_integer -> org.hibernate.type.BigIntegerType@11a3a45f
20:23:36.713 [Test worker] DEBUG org.hibernate.type.BasicTypeRegistry - Adding type registration java.math.BigInteger -> org.hibernate.type.BigIntegerType@11a3a45f
20:23:36.715 [Test worker] DEBUG org.hibernate.type.BasicTypeRegistry - Adding type registration string -> org.hibernate.type.StringType@10f405ff
20:23:36.715 [Test worker] DEBUG org.hibernate.type.BasicTypeRegistry - Adding type registration java.lang.String -> org.hibernate.type.StringType@10f405ff
20:23:36.716 [Test worker] DEBUG org.hibernate.type.BasicTypeRegistry - Adding type registration nstring -> org.hibernate.type.StringNVarcharType@756b2d90
20:23:36.716 [Test worker] DEBUG org.hibernate.type.BasicTypeRegistry - Adding type registration ncharacter -> org.hibernate.type.CharacterNCharType@5b1e88f
20:23:36.718 [Test worker] DEBUG org.hibernate.type.BasicTypeRegistry - Adding type registration url -> org.hibernate.type.UrlType@5ec88f9e
20:23:36.718 [Test worker] DEBUG org.hibernate.type.BasicTypeRegistry - Adding type registration java.net.URL -> org.hibernate.type.UrlType@5ec88f9e
20:23:36.719 [Test worker] DEBUG org.hibernate.type.BasicTypeRegistry - Adding type registration Duration -> org.hibernate.type.DurationType@7a31ca20
20:23:36.719 [Test worker] DEBUG org.hibernate.type.BasicTypeRegistry - Adding type registration java.time.Duration -> org.hibernate.type.DurationType@7a31ca20
20:23:36.721 [Test worker] DEBUG org.hibernate.type.BasicTypeRegistry - Adding type registration Instant -> org.hibernate.type.InstantType@46394f65
20:23:36.721 [Test worker] DEBUG org.hibernate.type.BasicTypeRegistry - Adding type registration java.time.Instant -> org.hibernate.type.InstantType@46394f65
20:23:36.722 [Test worker] DEBUG org.hibernate.type.BasicTypeRegistry - Adding type registration LocalDateTime -> org.hibernate.type.LocalDateTimeType@391515c7
20:23:36.722 [Test worker] DEBUG org.hibernate.type.BasicTypeRegistry - Adding type registration java.time.LocalDateTime -> org.hibernate.type.LocalDateTimeType@391515c7
20:23:36.724 [Test worker] DEBUG org.hibernate.type.BasicTypeRegistry - Adding type registration LocalDate -> org.hibernate.type.LocalDateType@b5aa65b
20:23:36.724 [Test worker] DEBUG org.hibernate.type.BasicTypeRegistry - Adding type registration java.time.LocalDate -> org.hibernate.type.LocalDateType@b5aa65b
20:23:36.725 [Test worker] DEBUG org.hibernate.type.BasicTypeRegistry - Adding type registration LocalTime -> org.hibernate.type.LocalTimeType@21f7e537
20:23:36.725 [Test worker] DEBUG org.hibernate.type.BasicTypeRegistry - Adding type registration java.time.LocalTime -> org.hibernate.type.LocalTimeType@21f7e537
20:23:36.727 [Test worker] DEBUG org.hibernate.type.BasicTypeRegistry - Adding type registration OffsetDateTime -> org.hibernate.type.OffsetDateTimeType@3af2f846
20:23:36.727 [Test worker] DEBUG org.hibernate.type.BasicTypeRegistry - Adding type registration java.time.OffsetDateTime -> org.hibernate.type.OffsetDateTimeType@3af2f846
20:23:36.728 [Test worker] DEBUG org.hibernate.type.BasicTypeRegistry - Adding type registration OffsetTime -> org.hibernate.type.OffsetTimeType@284bdeed
20:23:36.728 [Test worker] DEBUG org.hibernate.type.BasicTypeRegistry - Adding type registration java.time.OffsetTime -> org.hibernate.type.OffsetTimeType@284bdeed
20:23:36.730 [Test worker] DEBUG org.hibernate.type.BasicTypeRegistry - Adding type registration ZonedDateTime -> org.hibernate.type.ZonedDateTimeType@28fc1132
20:23:36.730 [Test worker] DEBUG org.hibernate.type.BasicTypeRegistry - Adding type registration java.time.ZonedDateTime -> org.hibernate.type.ZonedDateTimeType@28fc1132
20:23:36.732 [Test worker] DEBUG org.hibernate.type.BasicTypeRegistry - Adding type registration date -> org.hibernate.type.DateType@5287ba5f
20:23:36.733 [Test worker] DEBUG org.hibernate.type.BasicTypeRegistry - Adding type registration java.sql.Date -> org.hibernate.type.DateType@5287ba5f
20:23:36.734 [Test worker] DEBUG org.hibernate.type.BasicTypeRegistry - Adding type registration time -> org.hibernate.type.TimeType@4be490da
20:23:36.734 [Test worker] DEBUG org.hibernate.type.BasicTypeRegistry - Adding type registration java.sql.Time -> org.hibernate.type.TimeType@4be490da
20:23:36.736 [Test worker] DEBUG org.hibernate.type.BasicTypeRegistry - Adding type registration timestamp -> org.hibernate.type.TimestampType@3c7b137a
20:23:36.736 [Test worker] DEBUG org.hibernate.type.BasicTypeRegistry - Adding type registration java.sql.Timestamp -> org.hibernate.type.TimestampType@3c7b137a
20:23:36.736 [Test worker] DEBUG org.hibernate.type.BasicTypeRegistry - Adding type registration java.util.Date -> org.hibernate.type.TimestampType@3c7b137a
20:23:36.738 [Test worker] DEBUG org.hibernate.type.BasicTypeRegistry - Adding type registration dbtimestamp -> org.hibernate.type.DbTimestampType@6424e613
20:23:36.739 [Test worker] DEBUG org.hibernate.type.BasicTypeRegistry - Adding type registration calendar -> org.hibernate.type.CalendarType@183fc2fa
20:23:36.739 [Test worker] DEBUG org.hibernate.type.BasicTypeRegistry - Adding type registration java.util.Calendar -> org.hibernate.type.CalendarType@183fc2fa
20:23:36.739 [Test worker] DEBUG org.hibernate.type.BasicTypeRegistry - Adding type registration java.util.GregorianCalendar -> org.hibernate.type.CalendarType@183fc2fa
20:23:36.740 [Test worker] DEBUG org.hibernate.type.BasicTypeRegistry - Adding type registration calendar_date -> org.hibernate.type.CalendarDateType@7ec08115
20:23:36.741 [Test worker] DEBUG org.hibernate.type.BasicTypeRegistry - Adding type registration calendar_time -> org.hibernate.type.CalendarTimeType@1511d157
20:23:36.743 [Test worker] DEBUG org.hibernate.type.BasicTypeRegistry - Adding type registration locale -> org.hibernate.type.LocaleType@48bc2fce
20:23:36.743 [Test worker] DEBUG org.hibernate.type.BasicTypeRegistry - Adding type registration java.util.Locale -> org.hibernate.type.LocaleType@48bc2fce
20:23:36.744 [Test worker] DEBUG org.hibernate.type.BasicTypeRegistry - Adding type registration currency -> org.hibernate.type.CurrencyType@299b9851
20:23:36.744 [Test worker] DEBUG org.hibernate.type.BasicTypeRegistry - Adding type registration java.util.Currency -> org.hibernate.type.CurrencyType@299b9851
20:23:36.746 [Test worker] DEBUG org.hibernate.type.BasicTypeRegistry - Adding type registration timezone -> org.hibernate.type.TimeZoneType@1b560eb0
20:23:36.746 [Test worker] DEBUG org.hibernate.type.BasicTypeRegistry - Adding type registration java.util.TimeZone -> org.hibernate.type.TimeZoneType@1b560eb0
20:23:36.747 [Test worker] DEBUG org.hibernate.type.BasicTypeRegistry - Adding type registration class -> org.hibernate.type.ClassType@1a2ac487
20:23:36.747 [Test worker] DEBUG org.hibernate.type.BasicTypeRegistry - Adding type registration java.lang.Class -> org.hibernate.type.ClassType@1a2ac487
20:23:36.749 [Test worker] DEBUG org.hibernate.type.BasicTypeRegistry - Adding type registration uuid-binary -> org.hibernate.type.UUIDBinaryType@478fb7dc
20:23:36.749 [Test worker] DEBUG org.hibernate.type.BasicTypeRegistry - Adding type registration java.util.UUID -> org.hibernate.type.UUIDBinaryType@478fb7dc
20:23:36.750 [Test worker] DEBUG org.hibernate.type.BasicTypeRegistry - Adding type registration uuid-char -> org.hibernate.type.UUIDCharType@634f58d2
20:23:36.751 [Test worker] DEBUG org.hibernate.type.BasicTypeRegistry - Adding type registration binary -> org.hibernate.type.BinaryType@492be039
20:23:36.751 [Test worker] DEBUG org.hibernate.type.BasicTypeRegistry - Adding type registration byte[] -> org.hibernate.type.BinaryType@492be039
20:23:36.751 [Test worker] DEBUG org.hibernate.type.BasicTypeRegistry - Adding type registration [B -> org.hibernate.type.BinaryType@492be039
20:23:36.753 [Test worker] DEBUG org.hibernate.type.BasicTypeRegistry - Adding type registration wrapper-binary -> org.hibernate.type.WrapperBinaryType@261f359f
20:23:36.753 [Test worker] DEBUG org.hibernate.type.BasicTypeRegistry - Adding type registration Byte[] -> org.hibernate.type.WrapperBinaryType@261f359f
20:23:36.753 [Test worker] DEBUG org.hibernate.type.BasicTypeRegistry - Adding type registration [Ljava.lang.Byte; -> org.hibernate.type.WrapperBinaryType@261f359f
20:23:36.755 [Test worker] DEBUG org.hibernate.type.BasicTypeRegistry - Adding type registration row_version -> org.hibernate.type.RowVersionType@6d69a0d3
20:23:36.755 [Test worker] DEBUG org.hibernate.type.BasicTypeRegistry - Adding type registration image -> org.hibernate.type.ImageType@1f916219
20:23:36.757 [Test worker] DEBUG org.hibernate.type.BasicTypeRegistry - Adding type registration characters -> org.hibernate.type.CharArrayType@2a8dd942
20:23:36.757 [Test worker] DEBUG org.hibernate.type.BasicTypeRegistry - Adding type registration char[] -> org.hibernate.type.CharArrayType@2a8dd942
20:23:36.757 [Test worker] DEBUG org.hibernate.type.BasicTypeRegistry - Adding type registration [C -> org.hibernate.type.CharArrayType@2a8dd942
20:23:36.759 [Test worker] DEBUG org.hibernate.type.BasicTypeRegistry - Adding type registration wrapper-characters -> org.hibernate.type.CharacterArrayType@4ef18604
20:23:36.759 [Test worker] DEBUG org.hibernate.type.BasicTypeRegistry - Adding type registration [Ljava.lang.Character; -> org.hibernate.type.CharacterArrayType@4ef18604
20:23:36.759 [Test worker] DEBUG org.hibernate.type.BasicTypeRegistry - Adding type registration Character[] -> org.hibernate.type.CharacterArrayType@4ef18604
20:23:36.759 [Test worker] DEBUG org.hibernate.type.BasicTypeRegistry - Adding type registration text -> org.hibernate.type.TextType@7c588adc
20:23:36.760 [Test worker] DEBUG org.hibernate.type.BasicTypeRegistry - Adding type registration ntext -> org.hibernate.type.NTextType@b1b471
20:23:36.763 [Test worker] DEBUG org.hibernate.type.BasicTypeRegistry - Adding type registration blob -> org.hibernate.type.BlobType@2a0b901c
20:23:36.763 [Test worker] DEBUG org.hibernate.type.BasicTypeRegistry - Adding type registration java.sql.Blob -> org.hibernate.type.BlobType@2a0b901c
20:23:36.764 [Test worker] DEBUG org.hibernate.type.BasicTypeRegistry - Adding type registration materialized_blob -> org.hibernate.type.MaterializedBlobType@1bd8afc8
20:23:36.766 [Test worker] DEBUG org.hibernate.type.BasicTypeRegistry - Adding type registration clob -> org.hibernate.type.ClobType@5d194314
20:23:36.766 [Test worker] DEBUG org.hibernate.type.BasicTypeRegistry - Adding type registration java.sql.Clob -> org.hibernate.type.ClobType@5d194314
20:23:36.769 [Test worker] DEBUG org.hibernate.type.BasicTypeRegistry - Adding type registration nclob -> org.hibernate.type.NClobType@640d604
20:23:36.769 [Test worker] DEBUG org.hibernate.type.BasicTypeRegistry - Adding type registration java.sql.NClob -> org.hibernate.type.NClobType@640d604
20:23:36.770 [Test worker] DEBUG org.hibernate.type.BasicTypeRegistry - Adding type registration materialized_clob -> org.hibernate.type.MaterializedClobType@515ab3f2
20:23:36.771 [Test worker] DEBUG org.hibernate.type.BasicTypeRegistry - Adding type registration materialized_nclob -> org.hibernate.type.MaterializedNClobType@7e61e25c
20:23:36.773 [Test worker] DEBUG org.hibernate.type.BasicTypeRegistry - Adding type registration serializable -> org.hibernate.type.SerializableType@34a20f16
20:23:36.778 [Test worker] DEBUG org.hibernate.type.BasicTypeRegistry - Adding type registration object -> org.hibernate.type.ObjectType@34136bd1
20:23:36.779 [Test worker] DEBUG org.hibernate.type.BasicTypeRegistry - Adding type registration java.lang.Object -> org.hibernate.type.ObjectType@34136bd1
20:23:36.780 [Test worker] DEBUG org.hibernate.type.BasicTypeRegistry - Adding type registration imm_date -> org.hibernate.type.AdaptedImmutableType@6380e9e9
20:23:36.780 [Test worker] DEBUG org.hibernate.type.BasicTypeRegistry - Adding type registration imm_time -> org.hibernate.type.AdaptedImmutableType@350da119
20:23:36.780 [Test worker] DEBUG org.hibernate.type.BasicTypeRegistry - Adding type registration imm_timestamp -> org.hibernate.type.AdaptedImmutableType@6a09484c
20:23:36.780 [Test worker] DEBUG org.hibernate.type.BasicTypeRegistry - Adding type registration imm_dbtimestamp -> org.hibernate.type.AdaptedImmutableType@34c7232c
20:23:36.780 [Test worker] DEBUG org.hibernate.type.BasicTypeRegistry - Adding type registration imm_calendar -> org.hibernate.type.AdaptedImmutableType@50ec4bfc
20:23:36.781 [Test worker] DEBUG org.hibernate.type.BasicTypeRegistry - Adding type registration imm_calendar_date -> org.hibernate.type.AdaptedImmutableType@8b13d91
20:23:36.781 [Test worker] DEBUG org.hibernate.type.BasicTypeRegistry - Adding type registration imm_binary -> org.hibernate.type.AdaptedImmutableType@285a4fe3
20:23:36.781 [Test worker] DEBUG org.hibernate.type.BasicTypeRegistry - Adding type registration imm_serializable -> org.hibernate.type.AdaptedImmutableType@2589d787
20:23:36.799 [Test worker] DEBUG org.hibernate.boot.internal.BootstrapContextImpl - Injecting JPA temp ClassLoader [org.springframework.instrument.classloading.SimpleThrowawayClassLoader@53d6e959] into BootstrapContext; was [null]
20:23:36.799 [Test worker] DEBUG org.hibernate.boot.internal.ClassLoaderAccessImpl - ClassLoaderAccessImpl#injectTempClassLoader(org.springframework.instrument.classloading.SimpleThrowawayClassLoader@53d6e959) [was null]
20:23:36.799 [Test worker] DEBUG org.hibernate.boot.internal.BootstrapContextImpl - Injecting ScanEnvironment [org.hibernate.jpa.boot.internal.StandardJpaScanEnvironmentImpl@2dd178f3] into BootstrapContext; was [null]
20:23:36.800 [Test worker] DEBUG org.hibernate.boot.internal.BootstrapContextImpl - Injecting ScanOptions [org.hibernate.boot.archive.scan.internal.StandardScanOptions@64656b9e] into BootstrapContext; was [org.hibernate.boot.archive.scan.internal.StandardScanOptions@6870cfac]
20:23:36.828 [Test worker] DEBUG org.hibernate.boot.internal.BootstrapContextImpl - Injecting JPA temp ClassLoader [null] into BootstrapContext; was [org.springframework.instrument.classloading.SimpleThrowawayClassLoader@53d6e959]
20:23:36.828 [Test worker] DEBUG org.hibernate.boot.internal.ClassLoaderAccessImpl - ClassLoaderAccessImpl#injectTempClassLoader(null) [was org.springframework.instrument.classloading.SimpleThrowawayClassLoader@53d6e959]
20:23:36.844 [Test worker] DEBUG org.hibernate.id.factory.internal.DefaultIdentifierGeneratorFactory - Registering IdentifierGenerator strategy [uuid2] -> [org.hibernate.id.UUIDGenerator]
20:23:36.844 [Test worker] DEBUG org.hibernate.id.factory.internal.DefaultIdentifierGeneratorFactory - Registering IdentifierGenerator strategy [guid] -> [org.hibernate.id.GUIDGenerator]
20:23:36.845 [Test worker] DEBUG org.hibernate.id.factory.internal.DefaultIdentifierGeneratorFactory - Registering IdentifierGenerator strategy [uuid] -> [org.hibernate.id.UUIDHexGenerator]
20:23:36.846 [Test worker] DEBUG org.hibernate.id.factory.internal.DefaultIdentifierGeneratorFactory - Registering IdentifierGenerator strategy [uuid.hex] -> [org.hibernate.id.UUIDHexGenerator]
20:23:36.846 [Test worker] DEBUG org.hibernate.id.factory.internal.DefaultIdentifierGeneratorFactory - Registering IdentifierGenerator strategy [assigned] -> [org.hibernate.id.Assigned]
20:23:36.849 [Test worker] DEBUG org.hibernate.id.factory.internal.DefaultIdentifierGeneratorFactory - Registering IdentifierGenerator strategy [identity] -> [org.hibernate.id.IdentityGenerator]
20:23:36.849 [Test worker] DEBUG org.hibernate.id.factory.internal.DefaultIdentifierGeneratorFactory - Registering IdentifierGenerator strategy [select] -> [org.hibernate.id.SelectGenerator]
20:23:36.851 [Test worker] DEBUG org.hibernate.id.factory.internal.DefaultIdentifierGeneratorFactory - Registering IdentifierGenerator strategy [sequence] -> [org.hibernate.id.enhanced.SequenceStyleGenerator]
20:23:36.853 [Test worker] DEBUG org.hibernate.id.factory.internal.DefaultIdentifierGeneratorFactory - Registering IdentifierGenerator strategy [seqhilo] -> [org.hibernate.id.SequenceHiLoGenerator]
20:23:36.854 [Test worker] DEBUG org.hibernate.id.factory.internal.DefaultIdentifierGeneratorFactory - Registering IdentifierGenerator strategy [increment] -> [org.hibernate.id.IncrementGenerator]
20:23:36.854 [Test worker] DEBUG org.hibernate.id.factory.internal.DefaultIdentifierGeneratorFactory - Registering IdentifierGenerator strategy [foreign] -> [org.hibernate.id.ForeignGenerator]
20:23:36.855 [Test worker] DEBUG org.hibernate.id.factory.internal.DefaultIdentifierGeneratorFactory - Registering IdentifierGenerator strategy [sequence-identity] -> [org.hibernate.id.SequenceIdentityGenerator]
20:23:36.855 [Test worker] DEBUG org.hibernate.id.factory.internal.DefaultIdentifierGeneratorFactory - Registering IdentifierGenerator strategy [enhanced-sequence] -> [org.hibernate.id.enhanced.SequenceStyleGenerator]
20:23:36.856 [Test worker] DEBUG org.hibernate.id.factory.internal.DefaultIdentifierGeneratorFactory - Registering IdentifierGenerator strategy [enhanced-table] -> [org.hibernate.id.enhanced.TableGenerator]
20:23:36.863 [Test worker] DEBUG org.hibernate.engine.jdbc.env.internal.JdbcEnvironmentInitiator - Database ->
       name : H2
    version : 1.4.200 (2019-10-14)
      major : 1
      minor : 4
20:23:36.863 [Test worker] DEBUG org.hibernate.engine.jdbc.env.internal.JdbcEnvironmentInitiator - Driver ->
       name : H2 JDBC Driver
    version : 1.4.200 (2019-10-14)
      major : 1
      minor : 4
20:23:36.863 [Test worker] DEBUG org.hibernate.engine.jdbc.env.internal.JdbcEnvironmentInitiator - JDBC version : 4.1
20:23:36.881 [Test worker] INFO org.hibernate.dialect.Dialect - HHH000400: Using dialect: org.hibernate.dialect.H2Dialect
20:23:36.924 [Test worker] DEBUG org.hibernate.engine.jdbc.env.spi.IdentifierHelperBuilder - JDBC driver metadata reported database stores quoted identifiers in neither upper, lower nor mixed case
20:23:36.946 [Test worker] DEBUG org.hibernate.type.spi.TypeConfiguration$Scope - Scoping TypeConfiguration [org.hibernate.type.spi.TypeConfiguration@359ceb13] to MetadataBuildingContext [org.hibernate.boot.internal.MetadataBuildingContextRootImpl@1068176]
20:23:36.993 [Test worker] DEBUG org.hibernate.boot.model.relational.Namespace - Created database namespace [logicalName=Name{catalog=null, schema=null}, physicalName=Name{catalog=null, schema=null}]
20:23:37.010 [Test worker] DEBUG org.hibernate.cfg.AnnotationBinder - Binding entity from annotated class: com.h2Database.demo.model.Person
20:23:37.037 [Test worker] DEBUG org.hibernate.cfg.Ejb3Column - Binding column: Ejb3DiscriminatorColumn{logicalColumnName'DTYPE', discriminatorTypeName='string'}
20:23:37.045 [Test worker] DEBUG org.hibernate.cfg.annotations.EntityBinder - Import with entity name Person
20:23:37.049 [Test worker] DEBUG org.hibernate.cfg.annotations.EntityBinder - Bind entity com.h2Database.demo.model.Person on table person
20:23:37.076 [Test worker] DEBUG org.hibernate.cfg.Ejb3Column - Binding column: Ejb3Column{table=org.hibernate.mapping.Table(person), mappingColumn=id, insertable=true, updatable=true, unique=false}
20:23:37.080 [Test worker] DEBUG org.hibernate.boot.internal.ClassLoaderAccessImpl - Not known whether passed class name [com.h2Database.demo.model.Person] is safe
20:23:37.080 [Test worker] DEBUG org.hibernate.boot.internal.ClassLoaderAccessImpl - No temp ClassLoader provided; using live ClassLoader for loading potentially unsafe class : com.h2Database.demo.model.Person
20:23:37.081 [Test worker] DEBUG org.hibernate.cfg.annotations.PropertyBinder - MetadataSourceProcessor property id with lazy=false
20:23:37.084 [Test worker] DEBUG org.hibernate.cfg.AbstractPropertyHolder - Attempting to locate auto-apply AttributeConverter for property [com.h2Database.demo.model.Person:id]
20:23:37.087 [Test worker] DEBUG org.hibernate.cfg.annotations.SimpleValueBinder - building SimpleValue for id
20:23:37.091 [Test worker] DEBUG org.hibernate.cfg.annotations.PropertyBinder - Building property id
20:23:37.095 [Test worker] DEBUG org.hibernate.cfg.BinderHelper - #makeIdGenerator(org.hibernate.mapping.SimpleValue([org.hibernate.mapping.Column(id)]), id, identity, , ...)
20:23:37.095 [Test worker] DEBUG org.hibernate.cfg.Ejb3Column - Binding column: Ejb3Column{table=org.hibernate.mapping.Table(person), mappingColumn=name, insertable=true, updatable=true, unique=false}
20:23:37.096 [Test worker] DEBUG org.hibernate.cfg.annotations.PropertyBinder - MetadataSourceProcessor property name with lazy=false
20:23:37.096 [Test worker] DEBUG org.hibernate.cfg.AbstractPropertyHolder - Attempting to locate auto-apply AttributeConverter for property [com.h2Database.demo.model.Person:name]
20:23:37.096 [Test worker] DEBUG org.hibernate.cfg.annotations.SimpleValueBinder - building SimpleValue for name
20:23:37.096 [Test worker] DEBUG org.hibernate.cfg.annotations.PropertyBinder - Building property name
20:23:37.106 [Test worker] DEBUG org.hibernate.cfg.annotations.SimpleValueBinder - Starting fillSimpleValue for id
20:23:37.107 [Test worker] DEBUG org.hibernate.cfg.annotations.SimpleValueBinder - Starting fillSimpleValue for name
20:23:37.108 [Test worker] DEBUG org.hibernate.mapping.PrimaryKey - Forcing column [id] to be non-null as it is part of the primary key for table [person]
20:23:37.155 [Test worker] DEBUG org.hibernate.internal.SessionFactoryImpl - Building session factory
20:23:37.156 [Test worker] DEBUG org.hibernate.cfg.Settings - SessionFactory name : null
20:23:37.157 [Test worker] DEBUG org.hibernate.cfg.Settings - Automatic flush during beforeCompletion(): enabled
20:23:37.157 [Test worker] DEBUG org.hibernate.cfg.Settings - Automatic session close at end of transaction: disabled
20:23:37.157 [Test worker] DEBUG org.hibernate.cfg.Settings - Statistics: disabled
20:23:37.157 [Test worker] DEBUG org.hibernate.cfg.Settings - Deleted entity synthetic identifier rollback: disabled
20:23:37.157 [Test worker] DEBUG org.hibernate.cfg.Settings - Default entity-mode: pojo
20:23:37.157 [Test worker] DEBUG org.hibernate.cfg.Settings - Check Nullability in Core (should be disabled when Bean Validation is on): enabled
20:23:37.158 [Test worker] DEBUG org.hibernate.cfg.Settings - Allow initialization of lazy state outside session : disabled
20:23:37.158 [Test worker] DEBUG org.hibernate.cfg.Settings - Using BatchFetchStyle : LEGACY
20:23:37.158 [Test worker] DEBUG org.hibernate.cfg.Settings - Default batch fetch size: -1
20:23:37.158 [Test worker] DEBUG org.hibernate.cfg.Settings - Maximum outer join fetch depth: null
20:23:37.158 [Test worker] DEBUG org.hibernate.cfg.Settings - Default null ordering: NONE
20:23:37.158 [Test worker] DEBUG org.hibernate.cfg.Settings - Order SQL updates by primary key: disabled
20:23:37.158 [Test worker] DEBUG org.hibernate.cfg.Settings - Order SQL inserts for batching: disabled
20:23:37.159 [Test worker] DEBUG org.hibernate.cfg.Settings - multi-tenancy strategy : NONE
20:23:37.159 [Test worker] DEBUG org.hibernate.cfg.Settings - JTA Track by Thread: enabled
20:23:37.159 [Test worker] DEBUG org.hibernate.cfg.Settings - Query language substitutions: {}
20:23:37.159 [Test worker] DEBUG org.hibernate.cfg.Settings - Named query checking : enabled
20:23:37.159 [Test worker] DEBUG org.hibernate.cfg.Settings - Second-level cache: disabled
20:23:37.160 [Test worker] DEBUG org.hibernate.cfg.Settings - Second-level query cache: disabled
20:23:37.160 [Test worker] DEBUG org.hibernate.cfg.Settings - Second-level query cache factory: null
20:23:37.160 [Test worker] DEBUG org.hibernate.cfg.Settings - Second-level cache region prefix: null
20:23:37.160 [Test worker] DEBUG org.hibernate.cfg.Settings - Optimize second-level cache for minimal puts: disabled
20:23:37.160 [Test worker] DEBUG org.hibernate.cfg.Settings - Structured second-level cache entries: disabled
20:23:37.160 [Test worker] DEBUG org.hibernate.cfg.Settings - Second-level cache direct-reference entries: disabled
20:23:37.160 [Test worker] DEBUG org.hibernate.cfg.Settings - Automatic eviction of collection cache: disabled
20:23:37.161 [Test worker] DEBUG org.hibernate.cfg.Settings - JDBC batch size: 15
20:23:37.161 [Test worker] DEBUG org.hibernate.cfg.Settings - JDBC batch updates for versioned data: enabled
20:23:37.161 [Test worker] DEBUG org.hibernate.cfg.Settings - Scrollable result sets: enabled
20:23:37.161 [Test worker] DEBUG org.hibernate.cfg.Settings - Wrap result sets: disabled
20:23:37.162 [Test worker] DEBUG org.hibernate.cfg.Settings - JDBC3 getGeneratedKeys(): enabled
20:23:37.162 [Test worker] DEBUG org.hibernate.cfg.Settings - JDBC result set fetch size: null
20:23:37.162 [Test worker] DEBUG org.hibernate.cfg.Settings - Connection release mode: ON_CLOSE
20:23:37.162 [Test worker] DEBUG org.hibernate.cfg.Settings - Generate SQL with comments: disabled
20:23:37.162 [Test worker] DEBUG org.hibernate.cfg.Settings - JPA compliance - query : disabled
20:23:37.163 [Test worker] DEBUG org.hibernate.cfg.Settings - JPA compliance - closed-handling : disabled
20:23:37.163 [Test worker] DEBUG org.hibernate.cfg.Settings - JPA compliance - lists : disabled
20:23:37.163 [Test worker] DEBUG org.hibernate.cfg.Settings - JPA compliance - transactions : disabled
20:23:37.240 [Test worker] DEBUG org.hibernate.service.internal.SessionFactoryServiceRegistryImpl - EventListenerRegistry access via ServiceRegistry is deprecated.  Use `sessionFactory.getEventEngine().getListenerRegistry()` instead
20:23:37.241 [Test worker] DEBUG org.hibernate.service.internal.SessionFactoryServiceRegistryImpl - EventListenerRegistry access via ServiceRegistry is deprecated.  Use `sessionFactory.getEventEngine().getListenerRegistry()` instead
20:23:37.259 [Test worker] DEBUG org.hibernate.internal.SessionFactoryImpl - Session factory constructed with filter configurations : {}
20:23:37.260 [Test worker] DEBUG org.hibernate.internal.SessionFactoryImpl - Instantiating session factory with properties: {sun.desktop=windows, awt.toolkit=sun.awt.windows.WToolkit, hibernate.id.new_generator_mappings=true, java.specification.version=11, sun.cpu.isalist=amd64, hibernate.resource.beans.container=org.springframework.orm.hibernate5.SpringBeanContainer@3ef2b8e5, hibernate.connection.handling_mode=DELAYED_ACQUISITION_AND_HOLD, sun.jnu.encoding=Cp1252, hibernate.dialect=org.hibernate.dialect.H2Dialect, org.gradle.test.worker=6, hibernate.implicit_naming_strategy=org.springframework.boot.orm.jpa.hibernate.SpringImplicitNamingStrategy, java.class.path=C:\\Users\\yuri\\.gradle\\caches\\7.3.2\\workerMain\\gradle-worker.jar;C:\\Users\\yuri\\IdeaProjects\\spring-boot-project-integration-H2-database\\build\\classes\\java\\test;C:\\Users\\yuri\\IdeaProjects\\spring-boot-project-integration-H2-database\\build\\resources\\test;C:\\Users\\yuri\\IdeaProjects\\spring-boot-project-integration-H2-database\\build\\classes\\java\\main;C:\\Users\\yuri\\IdeaProjects\\spring-boot-project-integration-H2-database\\build\\resources\\main;C:\\Users\\yuri\\.gradle\\caches\\modules-2\\files-2.1\\org.springframework.boot\\spring-boot-starter-web\\2.6.2\\685b236afc0144a52383cd2c52731dd016f9badd\\spring-boot-starter-web-2.6.2.jar;C:\\Users\\yuri\\.gradle\\caches\\modules-2\\files-2.1\\org.springframework.boot\\spring-boot-starter-data-jpa\\2.6.2\\3eb637ccd03194f1d639b9efed1ff7d73c8592e3\\spring-boot-starter-data-jpa-2.6.2.jar;C:\\Users\\yuri\\.gradle\\caches\\modules-2\\files-2.1\\javax.annotation\\javax.annotation-api\\1.3.2\\934c04d3cfef185a8008e7bf34331b79730a9d43\\javax.annotation-api-1.3.2.jar;C:\\Users\\yuri\\.gradle\\caches\\modules-2\\files-2.1\\com.h2database\\h2\\1.4.200\\f7533fe7cb8e99c87a43d325a77b4b678ad9031a\\h2-1.4.200.jar;C:\\Users\\yuri\\.gradle\\caches\\modules-2\\files-2.1\\org.springframework.boot\\spring-boot-starter-test\\2.6.2\\17c687f9e596262705ff31e85fc6b700a9c4afc0\\spring-boot-starter-test-2.6.2.jar;C:\\Users\\yuri\\.gradle\\caches\\modules-2\\files-2.1\\org.springframework.boot\\spring-boot-starter-json\\2.6.2\\c0d457ff259c487521706fd2efac75d61595d527\\spring-boot-starter-json-2.6.2.jar;C:\\Users\\yuri\\.gradle\\caches\\modules-2\\files-2.1\\org.springframework.boot\\spring-boot-starter-aop\\2.6.2\\af16c0de56462ef8a6a9ac63cff30bf5120fc5b3\\spring-boot-starter-aop-2.6.2.jar;C:\\Users\\yuri\\.gradle\\caches\\modules-2\\files-2.1\\org.springframework.boot\\spring-boot-starter-jdbc\\2.6.2\\ff853babf286bf913d73197d0f0b521343d5e8aa\\spring-boot-starter-jdbc-2.6.2.jar;C:\\Users\\yuri\\.gradle\\caches\\modules-2\\files-2.1\\org.springframework.boot\\spring-boot-starter\\2.6.2\\c36f1f6886cdbedc5347fdea62b97b44b053b0ba\\spring-boot-starter-2.6.2.jar;C:\\Users\\yuri\\.gradle\\caches\\modules-2\\files-2.1\\org.springframework.boot\\spring-boot-starter-tomcat\\2.6.2\\81bc9a57c0df9787e122c3b2a66e5a1ac0e139a5\\spring-boot-starter-tomcat-2.6.2.jar;C:\\Users\\yuri\\.gradle\\caches\\modules-2\\files-2.1\\org.springframework\\spring-webmvc\\5.3.14\\beb6dc57abf6685878b824d8ab0af39ebd1cfbae\\spring-webmvc-5.3.14.jar;C:\\Users\\yuri\\.gradle\\caches\\modules-2\\files-2.1\\org.springframework\\spring-web\\5.3.14\\801d96f3914ace2e347ee3f6d29e21073e4f50ed\\spring-web-5.3.14.jar;C:\\Users\\yuri\\.gradle\\caches\\modules-2\\files-2.1\\jakarta.transaction\\jakarta.transaction-api\\1.3.3\\c4179d48720a1e87202115fbed6089bdc4195405\\jakarta.transaction-api-1.3.3.jar;C:\\Users\\yuri\\.gradle\\caches\\modules-2\\files-2.1\\jakarta.persistence\\jakarta.persistence-api\\2.2.3\\8f6ea5daedc614f07a3654a455660145286f024e\\jakarta.persistence-api-2.2.3.jar;C:\\Users\\yuri\\.gradle\\caches\\modules-2\\files-2.1\\org.hibernate\\hibernate-core\\5.6.3.Final\\a2420e0a2c9c168c029584aecf6a5b9a2475cd10\\hibernate-core-5.6.3.Final.jar;C:\\Users\\yuri\\.gradle\\caches\\modules-2\\files-2.1\\org.springframework.data\\spring-data-jpa\\2.6.0\\bd08ea8db76c7c82397307dda2e253180c31b7ec\\spring-data-jpa-2.6.0.jar;C:\\Users\\yuri\\.gradle\\caches\\modules-2\\files-2.1\\org.springframework\\spring-aspects\\5.3.14\\bf5de7c1338c2684d834bef8f389ef3d747f9f56\\spring-aspects-5.3.14.jar;C:\\Users\\yuri\\.gradle\\caches\\modules-2\\files-2.1\\org.springframework.boot\\spring-boot-test-autoconfigure\\2.6.2\\15d178e8e69f3edefe6b17d4cbcb21e921c69463\\spring-boot-test-autoconfigure-2.6.2.jar;C:\\Users\\yuri\\.gradle\\caches\\modules-2\\files-2.1\\org.springframework.boot\\spring-boot-test\\2.6.2\\c4ac845e842f67003571343181fe432e09e04d6d\\spring-boot-test-2.6.2.jar;C:\\Users\\yuri\\.gradle\\caches\\modules-2\\files-2.1\\com.jayway.jsonpath\\json-path\\2.6.0\\67f565b424f7903a12d4f5b9361b11462ecacdac\\json-path-2.6.0.jar;C:\\Users\\yuri\\.gradle\\caches\\modules-2\\files-2.1\\org.glassfish.jaxb\\jaxb-runtime\\2.3.5\\a169a961a2bb9ac69517ec1005e451becf5cdfab\\jaxb-runtime-2.3.5.jar;C:\\Users\\yuri\\.gradle\\caches\\modules-2\\files-2.1\\jakarta.xml.bind\\jakarta.xml.bind-api\\2.3.3\\48e3b9cfc10752fba3521d6511f4165bea951801\\jakarta.xml.bind-api-2.3.3.jar;C:\\Users\\yuri\\.gradle\\caches\\modules-2\\files-2.1\\org.assertj\\assertj-core\\3.21.0\\27a14d6d22c4e3d58f799fb2a5ca8eaf53e6942a\\assertj-core-3.21.0.jar;C:\\Users\\yuri\\.gradle\\caches\\modules-2\\files-2.1\\org.hamcrest\\hamcrest\\2.2\\1820c0968dba3a11a1b30669bb1f01978a91dedc\\hamcrest-2.2.jar;C:\\Users\\yuri\\.gradle\\caches\\modules-2\\files-2.1\\org.mockito\\mockito-junit-jupiter\\4.0.0\\b76de25bd6e5d8f7924d0536729c0076e37e9396\\mockito-junit-jupiter-4.0.0.jar;C:\\Users\\yuri\\.gradle\\caches\\modules-2\\files-2.1\\org.junit.jupiter\\junit-jupiter-params\\5.8.2\\ddeafe92fc263f895bfb73ffeca7fd56e23c2cce\\junit-jupiter-params-5.8.2.jar;C:\\Users\\yuri\\.gradle\\caches\\modules-2\\files-2.1\\org.junit.jupiter\\junit-jupiter-engine\\5.8.2\\c598b4328d2f397194d11df3b1648d68d7d990e3\\junit-jupiter-engine-5.8.2.jar;C:\\Users\\yuri\\.gradle\\caches\\modules-2\\files-2.1\\org.junit.jupiter\\junit-jupiter-api\\5.8.2\\4c21029217adf07e4c0d0c5e192b6bf610c94bdc\\junit-jupiter-api-5.8.2.jar;C:\\Users\\yuri\\.gradle\\caches\\modules-2\\files-2.1\\org.junit.platform\\junit-platform-engine\\1.8.2\\b737de09f19864bd136805c84df7999a142fec29\\junit-platform-engine-1.8.2.jar;C:\\Users\\yuri\\.gradle\\caches\\modules-2\\files-2.1\\org.junit.platform\\junit-platform-commons\\1.8.2\\32c8b8617c1342376fd5af2053da6410d8866861\\junit-platform-commons-1.8.2.jar;C:\\Users\\yuri\\.gradle\\caches\\modules-2\\files-2.1\\org.junit.jupiter\\junit-jupiter\\5.8.2\\5a817b1e63f1217e5c586090c45e681281f097ad\\junit-jupiter-5.8.2.jar;C:\\Users\\yuri\\.gradle\\caches\\modules-2\\files-2.1\\org.mockito\\mockito-core\\4.0.0\\f5195e0c4a45716bbd2d1d29173adbd148acce3a\\mockito-core-4.0.0.jar;C:\\Users\\yuri\\.gradle\\caches\\modules-2\\files-2.1\\org.skyscreamer\\jsonassert\\1.5.0\\6c9d5fe2f59da598d9aefc1cfc6528ff3cf32df3\\jsonassert-1.5.0.jar;C:\\Users\\yuri\\.gradle\\caches\\modules-2\\files-2.1\\org.springframework\\spring-test\\5.3.14\\770429bdf3a3823604817bb66f63b5ee8cf1050\\spring-test-5.3.14.jar;C:\\Users\\yuri\\.gradle\\caches\\modules-2\\files-2.1\\org.springframework.boot\\spring-boot-autoconfigure\\2.6.2\\7c91bce101d3f796cccbc1a6744c1ea389fff73f\\spring-boot-autoconfigure-2.6.2.jar;C:\\Users\\yuri\\.gradle\\caches\\modules-2\\files-2.1\\org.springframework.boot\\spring-boot\\2.6.2\\bbf59f411320da665411692359ff511315d0ff91\\spring-boot-2.6.2.jar;C:\\Users\\yuri\\.gradle\\caches\\modules-2\\files-2.1\\org.springframework\\spring-context\\5.3.14\\ce6042492f042131f602bdc83fcb412b142bdac5\\spring-context-5.3.14.jar;C:\\Users\\yuri\\.gradle\\caches\\modules-2\\files-2.1\\org.springframework\\spring-aop\\5.3.14\\f049146a55991e89c0f04b9624f1f69e1763d80f\\spring-aop-5.3.14.jar;C:\\Users\\yuri\\.gradle\\caches\\modules-2\\files-2.1\\org.springframework\\spring-orm\\5.3.14\\5ec15c098a56205ff77c7792e9dad30f5be16b5a\\spring-orm-5.3.14.jar;C:\\Users\\yuri\\.gradle\\caches\\modules-2\\files-2.1\\org.springframework\\spring-jdbc\\5.3.14\\f209e8d165dbcfc018aa4f741fbe75844eb45ff8\\spring-jdbc-5.3.14.jar;C:\\Users\\yuri\\.gradle\\caches\\modules-2\\files-2.1\\org.springframework.data\\spring-data-commons\\2.6.0\\5a9afaa6e0a4cd74183a794f467c9b4a546b4cbe\\spring-data-commons-2.6.0.jar;C:\\Users\\yuri\\.gradle\\caches\\modules-2\\files-2.1\\org.springframework\\spring-tx\\5.3.14\\3d80a1e051f071e9cd42fc99698bf9022862b5c\\spring-tx-5.3.14.jar;C:\\Users\\yuri\\.gradle\\caches\\modules-2\\files-2.1\\org.springframework\\spring-beans\\5.3.14\\24cc27af89edc1581a57bb15bc160d2353f40a0e\\spring-beans-5.3.14.jar;C:\\Users\\yuri\\.gradle\\caches\\modules-2\\files-2.1\\org.springframework\\spring-expression\\5.3.14\\5cd4c568522b7084afac5d2ac6cb945b797b3f16\\spring-expression-5.3.14.jar;C:\\Users\\yuri\\.gradle\\caches\\modules-2\\files-2.1\\org.springframework\\spring-core\\5.3.14\\d87ad19f9d8b9a3f1a143db5a2be34c61751aaa2\\spring-core-5.3.14.jar;C:\\Users\\yuri\\.gradle\\caches\\modules-2\\files-2.1\\org.xmlunit\\xmlunit-core\\2.8.4\\35be57989ca80eefa03161b211630e319a8f36c6\\xmlunit-core-2.8.4.jar;C:\\Users\\yuri\\.gradle\\caches\\modules-2\\files-2.1\\org.springframework.boot\\spring-boot-starter-logging\\2.6.2\\58d4896c606b6ff07b9bd8e46c87eac5a51255de\\spring-boot-starter-logging-2.6.2.jar;C:\\Users\\yuri\\.gradle\\caches\\modules-2\\files-2.1\\jakarta.annotation\\jakarta.annotation-api\\1.3.5\\59eb84ee0d616332ff44aba065f3888cf002cd2d\\jakarta.annotation-api-1.3.5.jar;C:\\Users\\yuri\\.gradle\\caches\\modules-2\\files-2.1\\org.yaml\\snakeyaml\\1.29\\6d0cdafb2010f1297e574656551d7145240f6e25\\snakeyaml-1.29.jar;C:\\Users\\yuri\\.gradle\\caches\\modules-2\\files-2.1\\com.fasterxml.jackson.datatype\\jackson-datatype-jsr310\\2.13.1\\1ece5a87b59701328215e0083448b4d451857cbd\\jackson-datatype-jsr310-2.13.1.jar;C:\\Users\\yuri\\.gradle\\caches\\modules-2\\files-2.1\\com.fasterxml.jackson.module\\jackson-module-parameter-names\\2.13.1\\cbeec2259213c555ef451a2e05f35ed1dbfbf799\\jackson-module-parameter-names-2.13.1.jar;C:\\Users\\yuri\\.gradle\\caches\\modules-2\\files-2.1\\com.fasterxml.jackson.core\\jackson-annotations\\2.13.1\\1cbcbe4623113e6af92ccaa89884a345270f1a87\\jackson-annotations-2.13.1.jar;C:\\Users\\yuri\\.gradle\\caches\\modules-2\\files-2.1\\com.fasterxml.jackson.core\\jackson-core\\2.13.1\\51ae921a2ed1e06ca8876f12f32f265e83c0b2b8\\jackson-core-2.13.1.jar;C:\\Users\\yuri\\.gradle\\caches\\modules-2\\files-2.1\\com.fasterxml.jackson.datatype\\jackson-datatype-jdk8\\2.13.1\\8ecfa9bcd714269fdf22c33f9fd00d0643bd0e21\\jackson-datatype-jdk8-2.13.1.jar;C:\\Users\\yuri\\.gradle\\caches\\modules-2\\files-2.1\\com.fasterxml.jackson.core\\jackson-databind\\2.13.1\\698b2d2b15d9a1b7aae025f1d9f576842285e7f6\\jackson-databind-2.13.1.jar;C:\\Users\\yuri\\.gradle\\caches\\modules-2\\files-2.1\\org.apache.tomcat.embed\\tomcat-embed-websocket\\9.0.56\\d84be683a5d47e820d077db1d511181c7db9e4e9\\tomcat-embed-websocket-9.0.56.jar;C:\\Users\\yuri\\.gradle\\caches\\modules-2\\files-2.1\\org.apache.tomcat.embed\\tomcat-embed-core\\9.0.56\\7c8e0008564c644beec976ab115e2670bb4d7003\\tomcat-embed-core-9.0.56.jar;C:\\Users\\yuri\\.gradle\\caches\\modules-2\\files-2.1\\org.apache.tomcat.embed\\tomcat-embed-el\\9.0.56\\8e4f28f714693ad4e158e61f41371d4e4c6b4e23\\tomcat-embed-el-9.0.56.jar;C:\\Users\\yuri\\.gradle\\caches\\modules-2\\files-2.1\\org.aspectj\\aspectjweaver\\1.9.7\\158f5c255cd3e4408e795b79f7c3fbae9b53b7ca\\aspectjweaver-1.9.7.jar;C:\\Users\\yuri\\.gradle\\caches\\modules-2\\files-2.1\\com.zaxxer\\HikariCP\\4.0.3\\107cbdf0db6780a065f895ae9d8fbf3bb0e1c21f\\HikariCP-4.0.3.jar;C:\\Users\\yuri\\.gradle\\caches\\modules-2\\files-2.1\\org.hibernate.common\\hibernate-commons-annotations\\5.1.2.Final\\e59ffdbc6ad09eeb33507b39ffcf287679a498c8\\hibernate-commons-annotations-5.1.2.Final.jar;C:\\Users\\yuri\\.gradle\\caches\\modules-2\\files-2.1\\org.jboss.logging\\jboss-logging\\3.4.2.Final\\e517b8a93dd9962ed5481345e4d262fdd47c4217\\jboss-logging-3.4.2.Final.jar;C:\\Users\\yuri\\.gradle\\caches\\modules-2\\files-2.1\\net.bytebuddy\\byte-buddy\\1.11.22\\8b4c7fa5562a09da1c2a9ab0873cb51f5034d83f\\byte-buddy-1.11.22.jar;C:\\Users\\yuri\\.gradle\\caches\\modules-2\\files-2.1\\antlr\\antlr\\2.7.7\\83cd2cd674a217ade95a4bb83a8a14f351f48bd0\\antlr-2.7.7.jar;C:\\Users\\yuri\\.gradle\\caches\\modules-2\\files-2.1\\org.jboss\\jandex\\2.2.3.Final\\d3865101f0666b63586683bd811d754517f331ab\\jandex-2.2.3.Final.jar;C:\\Users\\yuri\\.gradle\\caches\\modules-2\\files-2.1\\com.fasterxml\\classmate\\1.5.1\\3fe0bed568c62df5e89f4f174c101eab25345b6c\\classmate-1.5.1.jar;C:\\Users\\yuri\\.gradle\\caches\\modules-2\\files-2.1\\ch.qos.logback\\logback-classic\\1.2.9\\7d495522b08a9a66084bf417e70eedf95ef706bc\\logback-classic-1.2.9.jar;C:\\Users\\yuri\\.gradle\\caches\\modules-2\\files-2.1\\org.apache.logging.log4j\\log4j-to-slf4j\\2.17.0\\e50b82411b9ce9c204c938509f914b2bb887168b\\log4j-to-slf4j-2.17.0.jar;C:\\Users\\yuri\\.gradle\\caches\\modules-2\\files-2.1\\org.slf4j\\jul-to-slf4j\\1.7.32\\8a055c04ab44e8e8326901cadf89080721348bdb\\jul-to-slf4j-1.7.32.jar;C:\\Users\\yuri\\.gradle\\caches\\modules-2\\files-2.1\\org.slf4j\\slf4j-api\\1.7.32\\cdcff33940d9f2de763bc41ea05a0be5941176c3\\slf4j-api-1.7.32.jar;C:\\Users\\yuri\\.gradle\\caches\\modules-2\\files-2.1\\net.minidev\\json-smart\\2.4.7\\8d7f4c1530c07c54930935f3da85f48b83b3c109\\json-smart-2.4.7.jar;C:\\Users\\yuri\\.gradle\\caches\\modules-2\\files-2.1\\jakarta.activation\\jakarta.activation-api\\1.2.2\\99f53adba383cb1bf7c3862844488574b559621f\\jakarta.activation-api-1.2.2.jar;C:\\
[...]
20:23:39.360 [Test worker] DEBUG org.hibernate.engine.internal.TwoPhaseLoad - Resolving attributes for [com.h2Database.demo.model.Person#1]
20:23:39.360 [Test worker] DEBUG org.hibernate.engine.internal.TwoPhaseLoad - Processing attribute `name` : value = Daniel
20:23:39.360 [Test worker] DEBUG org.hibernate.engine.internal.TwoPhaseLoad - Attribute (`name`)  - enhanced for lazy-loading? - false
20:23:39.361 [Test worker] DEBUG org.hibernate.engine.internal.TwoPhaseLoad - Done materializing entity [com.h2Database.demo.model.Person#1]
20:23:39.361 [Test worker] DEBUG org.hibernate.engine.internal.TwoPhaseLoad - Resolving attributes for [com.h2Database.demo.model.Person#2]
20:23:39.361 [Test worker] DEBUG org.hibernate.engine.internal.TwoPhaseLoad - Processing attribute `name` : value = Joao
20:23:39.361 [Test worker] DEBUG org.hibernate.engine.internal.TwoPhaseLoad - Attribute (`name`)  - enhanced for lazy-loading? - false
20:23:39.361 [Test worker] DEBUG org.hibernate.engine.internal.TwoPhaseLoad - Done materializing entity [com.h2Database.demo.model.Person#2]
20:23:39.361 [Test worker] DEBUG org.hibernate.engine.internal.TwoPhaseLoad - Resolving attributes for [com.h2Database.demo.model.Person#3]
20:23:39.361 [Test worker] DEBUG org.hibernate.engine.internal.TwoPhaseLoad - Processing attribute `name` : value = Mauricio
20:23:39.361 [Test worker] DEBUG org.hibernate.engine.internal.TwoPhaseLoad - Attribute (`name`)  - enhanced for lazy-loading? - false
20:23:39.361 [Test worker] DEBUG org.hibernate.engine.internal.TwoPhaseLoad - Done materializing entity [com.h2Database.demo.model.Person#3]
20:23:39.361 [Test worker] DEBUG org.hibernate.engine.internal.TwoPhaseLoad - Resolving attributes for [com.h2Database.demo.model.Person#4]
20:23:39.361 [Test worker] DEBUG org.hibernate.engine.internal.TwoPhaseLoad - Processing attribute `name` : value = Antonio
20:23:39.361 [Test worker] DEBUG org.hibernate.engine.internal.TwoPhaseLoad - Attribute (`name`)  - enhanced for lazy-loading? - false
20:23:39.361 [Test worker] DEBUG org.hibernate.engine.internal.TwoPhaseLoad - Done materializing entity [com.h2Database.demo.model.Person#4]
20:23:39.361 [Test worker] DEBUG org.hibernate.engine.internal.TwoPhaseLoad - Resolving attributes for [com.h2Database.demo.model.Person#5]
20:23:39.361 [Test worker] DEBUG org.hibernate.engine.internal.TwoPhaseLoad - Processing attribute `name` : value = David
20:23:39.361 [Test worker] DEBUG org.hibernate.engine.internal.TwoPhaseLoad - Attribute (`name`)  - enhanced for lazy-loading? - false
20:23:39.361 [Test worker] DEBUG org.hibernate.engine.internal.TwoPhaseLoad - Done materializing entity [com.h2Database.demo.model.Person#5]
20:23:39.361 [Test worker] DEBUG org.hibernate.engine.internal.TwoPhaseLoad - Resolving attributes for [com.h2Database.demo.model.Person#6]
20:23:39.361 [Test worker] DEBUG org.hibernate.engine.internal.TwoPhaseLoad - Processing attribute `name` : value = Luiz
20:23:39.361 [Test worker] DEBUG org.hibernate.engine.internal.TwoPhaseLoad - Attribute (`name`)  - enhanced for lazy-loading? - false
20:23:39.361 [Test worker] DEBUG org.hibernate.engine.internal.TwoPhaseLoad - Done materializing entity [com.h2Database.demo.model.Person#6]
20:23:39.361 [Test worker] DEBUG org.hibernate.engine.internal.TwoPhaseLoad - Resolving attributes for [com.h2Database.demo.model.Person#7]
20:23:39.362 [Test worker] DEBUG org.hibernate.engine.internal.TwoPhaseLoad - Processing attribute `name` : value = Fernanda
20:23:39.362 [Test worker] DEBUG org.hibernate.engine.internal.TwoPhaseLoad - Attribute (`name`)  - enhanced for lazy-loading? - false
20:23:39.362 [Test worker] DEBUG org.hibernate.engine.internal.TwoPhaseLoad - Done materializing entity [com.h2Database.demo.model.Person#7]
20:23:39.373 [Test worker] DEBUG org.springframework.orm.jpa.JpaTransactionManager - Found thread-bound EntityManager [SessionImpl(184253187<open>)] for JPA transaction
20:23:39.374 [Test worker] DEBUG org.springframework.orm.jpa.JpaTransactionManager - Participating in existing transaction
20:23:39.379 [Test worker] DEBUG org.springframework.orm.jpa.JpaTransactionManager - Found thread-bound EntityManager [SessionImpl(184253187<open>)] for JPA transaction
20:23:39.379 [Test worker] DEBUG org.springframework.orm.jpa.JpaTransactionManager - Participating in existing transaction
20:23:39.379 [Test worker] DEBUG org.hibernate.loader.entity.CacheEntityLoaderHelper - Load request found matching entity in context, but it is scheduled for removal; returning null
20:23:39.384 [Test worker] DEBUG org.springframework.test.context.cache.DefaultCacheAwareContextLoaderDelegate - Retrieved ApplicationContext [15892131] from cache with key [[MergedContextConfiguration@4f071df8 testClass = PersonTestDAO, locations = '{}', classes = '{class com.h2Database.demo.config.DataBaseTestsSpringConfig}', contextInitializerClasses = '[]', activeProfiles = '{}', propertySourceLocations = '{}', propertySourceProperties = '{}', contextCustomizers = set[org.springframework.boot.test.autoconfigure.actuate.metrics.MetricsExportContextCustomizerFactory$DisableMetricExportContextCustomizer@320de594, org.springframework.boot.test.autoconfigure.properties.PropertyMappingContextCustomizer@0, org.springframework.boot.test.autoconfigure.web.servlet.WebDriverContextCustomizerFactory$Customizer@6cfcd46d, org.springframework.boot.test.context.filter.ExcludeFilterContextCustomizer@26425897, org.springframework.boot.test.json.DuplicateJsonObjectContextCustomizerFactory$DuplicateJsonObjectContextCustomizer@56a4479a, org.springframework.boot.test.mock.mockito.MockitoContextCustomizer@0], contextLoader = 'org.springframework.test.context.support.DelegatingSmartContextLoader', parent = [null]]]
20:23:39.384 [Test worker] DEBUG org.springframework.test.context.cache - Spring test ApplicationContext cache statistics: [DefaultContextCache@12ebfb2d size = 1, maxSize = 32, parentContextCount = 0, hitCount = 6, missCount = 1]
20:23:39.385 [Test worker] DEBUG org.springframework.test.context.cache.DefaultCacheAwareContextLoaderDelegate - Retrieved ApplicationContext [15892131] from cache with key [[MergedContextConfiguration@4f071df8 testClass = PersonTestDAO, locations = '{}', classes = '{class com.h2Database.demo.config.DataBaseTestsSpringConfig}', contextInitializerClasses = '[]', activeProfiles = '{}', propertySourceLocations = '{}', propertySourceProperties = '{}', contextCustomizers = set[org.springframework.boot.test.autoconfigure.actuate.metrics.MetricsExportContextCustomizerFactory$DisableMetricExportContextCustomizer@320de594, org.springframework.boot.test.autoconfigure.properties.PropertyMappingContextCustomizer@0, org.springframework.boot.test.autoconfigure.web.servlet.WebDriverContextCustomizerFactory$Customizer@6cfcd46d, org.springframework.boot.test.context.filter.ExcludeFilterContextCustomizer@26425897, org.springframework.boot.test.json.DuplicateJsonObjectContextCustomizerFactory$DuplicateJsonObjectContextCustomizer@56a4479a, org.springframework.boot.test.mock.mockito.MockitoContextCustomizer@0], contextLoader = 'org.springframework.test.context.support.DelegatingSmartContextLoader', parent = [null]]]
20:23:39.386 [Test worker] DEBUG org.springframework.test.context.cache - Spring test ApplicationContext cache statistics: [DefaultContextCache@12ebfb2d size = 1, maxSize = 32, parentContextCount = 0, hitCount = 7, missCount = 1]
20:23:39.390 [Test worker] DEBUG org.springframework.test.context.cache.DefaultCacheAwareContextLoaderDelegate - Retrieved ApplicationContext [15892131] from cache with key [[MergedContextConfiguration@4f071df8 testClass = PersonTestDAO, locations = '{}', classes = '{class com.h2Database.demo.config.DataBaseTestsSpringConfig}', contextInitializerClasses = '[]', activeProfiles = '{}', propertySourceLocations = '{}', propertySourceProperties = '{}', contextCustomizers = set[org.springframework.boot.test.autoconfigure.actuate.metrics.MetricsExportContextCustomizerFactory$DisableMetricExportContextCustomizer@320de594, org.springframework.boot.test.autoconfigure.properties.PropertyMappingContextCustomizer@0, org.springframework.boot.test.autoconfigure.web.servlet.WebDriverContextCustomizerFactory$Customizer@6cfcd46d, org.springframework.boot.test.context.filter.ExcludeFilterContextCustomizer@26425897, org.springframework.boot.test.json.DuplicateJsonObjectContextCustomizerFactory$DuplicateJsonObjectContextCustomizer@56a4479a, org.springframework.boot.test.mock.mockito.MockitoContextCustomizer@0], contextLoader = 'org.springframework.test.context.support.DelegatingSmartContextLoader', parent = [null]]]
20:23:39.391 [Test worker] DEBUG org.springframework.test.context.cache - Spring test ApplicationContext cache statistics: [DefaultContextCache@12ebfb2d size = 1, maxSize = 32, parentContextCount = 0, hitCount = 8, missCount = 1]
20:23:39.391 [Test worker] DEBUG org.springframework.test.context.cache.DefaultCacheAwareContextLoaderDelegate - Retrieved ApplicationContext [15892131] from cache with key [[MergedContextConfiguration@4f071df8 testClass = PersonTestDAO, locations = '{}', classes = '{class com.h2Database.demo.config.DataBaseTestsSpringConfig}', contextInitializerClasses = '[]', activeProfiles = '{}', propertySourceLocations = '{}', propertySourceProperties = '{}', contextCustomizers = set[org.springframework.boot.test.autoconfigure.actuate.metrics.MetricsExportContextCustomizerFactory$DisableMetricExportContextCustomizer@320de594, org.springframework.boot.test.autoconfigure.properties.PropertyMappingContextCustomizer@0, org.springframework.boot.test.autoconfigure.web.servlet.WebDriverContextCustomizerFactory$Customizer@6cfcd46d, org.springframework.boot.test.context.filter.ExcludeFilterContextCustomizer@26425897, org.springframework.boot.test.json.DuplicateJsonObjectContextCustomizerFactory$DuplicateJsonObjectContextCustomizer@56a4479a, org.springframework.boot.test.mock.mockito.MockitoContextCustomizer@0], contextLoader = 'org.springframework.test.context.support.DelegatingSmartContextLoader', parent = [null]]]
20:23:39.391 [Test worker] DEBUG org.springframework.test.context.cache - Spring test ApplicationContext cache statistics: [DefaultContextCache@12ebfb2d size = 1, maxSize = 32, parentContextCount = 0, hitCount = 9, missCount = 1]
20:23:39.393 [Test worker] DEBUG org.springframework.test.context.cache.DefaultCacheAwareContextLoaderDelegate - Retrieved ApplicationContext [15892131] from cache with key [[MergedContextConfiguration@4f071df8 testClass = PersonTestDAO, locations = '{}', classes = '{class com.h2Database.demo.config.DataBaseTestsSpringConfig}', contextInitializerClasses = '[]', activeProfiles = '{}', propertySourceLocations = '{}', propertySourceProperties = '{}', contextCustomizers = set[org.springframework.boot.test.autoconfigure.actuate.metrics.MetricsExportContextCustomizerFactory$DisableMetricExportContextCustomizer@320de594, org.springframework.boot.test.autoconfigure.properties.PropertyMappingContextCustomizer@0, org.springframework.boot.test.autoconfigure.web.servlet.WebDriverContextCustomizerFactory$Customizer@6cfcd46d, org.springframework.boot.test.context.filter.ExcludeFilterContextCustomizer@26425897, org.springframework.boot.test.json.DuplicateJsonObjectContextCustomizerFactory$DuplicateJsonObjectContextCustomizer@56a4479a, org.springframework.boot.test.mock.mockito.MockitoContextCustomizer@0], contextLoader = 'org.springframework.test.context.support.DelegatingSmartContextLoader', parent = [null]]]
20:23:39.393 [Test worker] DEBUG org.springframework.test.context.cache - Spring test ApplicationContext cache statistics: [DefaultContextCache@12ebfb2d size = 1, maxSize = 32, parentContextCount = 0, hitCount = 10, missCount = 1]
20:23:39.398 [Test worker] DEBUG org.springframework.test.context.cache.DefaultCacheAwareContextLoaderDelegate - Retrieved ApplicationContext [15892131] from cache with key [[MergedContextConfiguration@4f071df8 testClass = PersonTestDAO, locations = '{}', classes = '{class com.h2Database.demo.config.DataBaseTestsSpringConfig}', contextInitializerClasses = '[]', activeProfiles = '{}', propertySourceLocations = '{}', propertySourceProperties = '{}', contextCustomizers = set[org.springframework.boot.test.autoconfigure.actuate.metrics.MetricsExportContextCustomizerFactory$DisableMetricExportContextCustomizer@320de594, org.springframework.boot.test.autoconfigure.properties.PropertyMappingContextCustomizer@0, org.springframework.boot.test.autoconfigure.web.servlet.WebDriverContextCustomizerFactory$Customizer@6cfcd46d, org.springframework.boot.test.context.filter.ExcludeFilterContextCustomizer@26425897, org.springframework.boot.test.json.DuplicateJsonObjectContextCustomizerFactory$DuplicateJsonObjectContextCustomizer@56a4479a, org.springframework.boot.test.mock.mockito.MockitoContextCustomizer@0], contextLoader = 'org.springframework.test.context.support.DelegatingSmartContextLoader', parent = [null]]]
20:23:39.398 [Test worker] DEBUG org.springframework.test.context.cache - Spring test ApplicationContext cache statistics: [DefaultContextCache@12ebfb2d size = 1, maxSize = 32, parentContextCount = 0, hitCount = 11, missCount = 1]
20:23:39.399 [Test worker] DEBUG org.springframework.orm.jpa.JpaTransactionManager - Initiating transaction rollback
20:23:39.399 [Test worker] DEBUG org.springframework.orm.jpa.JpaTransactionManager - Rolling back JPA transaction on EntityManager [SessionImpl(184253187<open>)]
20:23:39.399 [Test worker] DEBUG org.hibernate.engine.transaction.internal.TransactionImpl - rolling back
20:23:39.421 [Test worker] DEBUG org.springframework.orm.jpa.JpaTransactionManager - Closing JPA EntityManager [SessionImpl(184253187<open>)] after transaction
20:23:39.422 [Test worker] INFO org.springframework.test.context.transaction.TransactionContext - Rolled back transaction for test: [DefaultTestContext@62fe6067 testClass = PersonTestDAO, testInstance = com.h2Database.demo.test.PersonTestDAO@42a9e5d1, testMethod = testePersonDAO@PersonTestDAO, testException = [null], mergedContextConfiguration = [MergedContextConfiguration@4f071df8 testClass = PersonTestDAO, locations = '{}', classes = '{class com.h2Database.demo.config.DataBaseTestsSpringConfig}', contextInitializerClasses = '[]', activeProfiles = '{}', propertySourceLocations = '{}', propertySourceProperties = '{}', contextCustomizers = set[org.springframework.boot.test.autoconfigure.actuate.metrics.MetricsExportContextCustomizerFactory$DisableMetricExportContextCustomizer@320de594, org.springframework.boot.test.autoconfigure.properties.PropertyMappingContextCustomizer@0, org.springframework.boot.test.autoconfigure.web.servlet.WebDriverContextCustomizerFactory$Customizer@6cfcd46d, org.springframework.boot.test.context.filter.ExcludeFilterContextCustomizer@26425897, org.springframework.boot.test.json.DuplicateJsonObjectContextCustomizerFactory$DuplicateJsonObjectContextCustomizer@56a4479a, org.springframework.boot.test.mock.mockito.MockitoContextCustomizer@0], contextLoader = 'org.springframework.test.context.support.DelegatingSmartContextLoader', parent = [null]], attributes = map['org.springframework.test.context.event.ApplicationEventsTestExecutionListener.recordApplicationEvents' -> false]]
20:23:39.423 [Test worker] DEBUG org.springframework.test.context.support.AbstractDirtiesContextTestExecutionListener - After test method: context [DefaultTestContext@62fe6067 testClass = PersonTestDAO, testInstance = com.h2Database.demo.test.PersonTestDAO@42a9e5d1, testMethod = testePersonDAO@PersonTestDAO, testException = [null], mergedContextConfiguration = [MergedContextConfiguration@4f071df8 testClass = PersonTestDAO, locations = '{}', classes = '{class com.h2Database.demo.config.DataBaseTestsSpringConfig}', contextInitializerClasses = '[]', activeProfiles = '{}', propertySourceLocations = '{}', propertySourceProperties = '{}', contextCustomizers = set[org.springframework.boot.test.autoconfigure.actuate.metrics.MetricsExportContextCustomizerFactory$DisableMetricExportContextCustomizer@320de594, org.springframework.boot.test.autoconfigure.properties.PropertyMappingContextCustomizer@0, org.springframework.boot.test.autoconfigure.web.servlet.WebDriverContextCustomizerFactory$Customizer@6cfcd46d, org.springframework.boot.test.context.filter.ExcludeFilterContextCustomizer@26425897, org.springframework.boot.test.json.DuplicateJsonObjectContextCustomizerFactory$DuplicateJsonObjectContextCustomizer@56a4479a, org.springframework.boot.test.mock.mockito.MockitoContextCustomizer@0], contextLoader = 'org.springframework.test.context.support.DelegatingSmartContextLoader', parent = [null]], attributes = map['org.springframework.test.context.event.ApplicationEventsTestExecutionListener.recordApplicationEvents' -> false]], class annotated with @DirtiesContext [false] with mode [null], method annotated with @DirtiesContext [false] with mode [null].
20:23:39.441 [Test worker] DEBUG org.springframework.test.context.cache.DefaultCacheAwareContextLoaderDelegate - Retrieved ApplicationContext [15892131] from cache with key [[MergedContextConfiguration@4f071df8 testClass = PersonTestDAO, locations = '{}', classes = '{class com.h2Database.demo.config.DataBaseTestsSpringConfig}', contextInitializerClasses = '[]', activeProfiles = '{}', propertySourceLocations = '{}', propertySourceProperties = '{}', contextCustomizers = set[org.springframework.boot.test.autoconfigure.actuate.metrics.MetricsExportContextCustomizerFactory$DisableMetricExportContextCustomizer@320de594, org.springframework.boot.test.autoconfigure.properties.PropertyMappingContextCustomizer@0, org.springframework.boot.test.autoconfigure.web.servlet.WebDriverContextCustomizerFactory$Customizer@6cfcd46d, org.springframework.boot.test.context.filter.ExcludeFilterContextCustomizer@26425897, org.springframework.boot.test.json.DuplicateJsonObjectContextCustomizerFactory$DuplicateJsonObjectContextCustomizer@56a4479a, org.springframework.boot.test.mock.mockito.MockitoContextCustomizer@0], contextLoader = 'org.springframework.test.context.support.DelegatingSmartContextLoader', parent = [null]]]
20:23:39.441 [Test worker] DEBUG org.springframework.test.context.cache - Spring test ApplicationContext cache statistics: [DefaultContextCache@12ebfb2d size = 1, maxSize = 32, parentContextCount = 0, hitCount = 12, missCount = 1]
20:23:39.442 [Test worker] DEBUG org.springframework.test.context.support.AbstractDirtiesContextTestExecutionListener - After test class: context [DefaultTestContext@62fe6067 testClass = PersonTestDAO, testInstance = [null], testMethod = [null], testException = [null], mergedContextConfiguration = [MergedContextConfiguration@4f071df8 testClass = PersonTestDAO, locations = '{}', classes = '{class com.h2Database.demo.config.DataBaseTestsSpringConfig}', contextInitializerClasses = '[]', activeProfiles = '{}', propertySourceLocations = '{}', propertySourceProperties = '{}', contextCustomizers = set[org.springframework.boot.test.autoconfigure.actuate.metrics.MetricsExportContextCustomizerFactory$DisableMetricExportContextCustomizer@320de594, org.springframework.boot.test.autoconfigure.properties.PropertyMappingContextCustomizer@0, org.springframework.boot.test.autoconfigure.web.servlet.WebDriverContextCustomizerFactory$Customizer@6cfcd46d, org.springframework.boot.test.context.filter.ExcludeFilterContextCustomizer@26425897, org.springframework.boot.test.json.DuplicateJsonObjectContextCustomizerFactory$DuplicateJsonObjectContextCustomizer@56a4479a, org.springframework.boot.test.mock.mockito.MockitoContextCustomizer@0], contextLoader = 'org.springframework.test.context.support.DelegatingSmartContextLoader', parent = [null]], attributes = map['org.springframework.test.context.event.ApplicationEventsTestExecutionListener.recordApplicationEvents' -> false]], class annotated with @DirtiesContext [false] with mode [null].
]]></system-out>
  <system-err><![CDATA[]]></system-err>
</testsuite>
